18:45:01 [INFO] db — Banco de dados: aws-1-us-west-2.pooler.supabase.com/postgres (ssl=require)
18:45:01 [INFO] __main__ — Log salvo em: C:\Users\Israel Neto\Desktop\DrugXpert\chembl-pubmed-db\populate\logs\populate_2026-04-23_18h45.log
18:45:01 [INFO] __main__ — Compostos: 1410
18:45:01 [INFO] __main__ — Conectando ao banco de dados...
18:45:03 [INFO] __main__ — =======================================================
18:45:03 [INFO] __main__ — Processando: Aspirin (CHEMBL25)
18:45:03 [INFO] __main__ —   Ja completo — pulando. (use --force para re-processar)
18:45:04 [INFO] __main__ — =======================================================
18:45:04 [INFO] __main__ — Processando: Ibuprofen (CHEMBL521)
18:45:04 [INFO] __main__ —   Ja completo — pulando. (use --force para re-processar)
18:45:05 [INFO] __main__ — =======================================================
18:45:05 [INFO] __main__ — Processando: Paracetamol (CHEMBL112)
18:45:05 [INFO] __main__ —   Ja completo — pulando. (use --force para re-processar)
18:45:06 [INFO] __main__ — =======================================================
18:45:06 [INFO] __main__ — Processando: Naproxen (CHEMBL154)
18:45:07 [INFO] __main__ —   Ja completo — pulando. (use --force para re-processar)
18:45:07 [INFO] __main__ — =======================================================
18:45:07 [INFO] __main__ — Processando: Meloxicam (CHEMBL599)
18:45:08 [INFO] __main__ —   Ja completo — pulando. (use --force para re-processar)
18:45:08 [INFO] __main__ — =======================================================
18:45:08 [INFO] __main__ — Processando: Tramadol (CHEMBL1237044)
18:45:09 [INFO] __main__ —   [PARCIAL] Faltando: mecanismos
18:45:09 [INFO] __main__ —   ADMET: ja existe, pulando.
18:45:09 [INFO] __main__ —   Bioatividades: ja existem, pulando.
18:45:09 [INFO] __main__ —   Indicacoes: ja existem, pulando.
18:45:10 [INFO] __main__ —   Artigos: ja existem, pulando.
18:45:11 [INFO] __main__ — =======================================================
18:45:11 [INFO] __main__ — Processando: Caffeine (CHEMBL113)
18:45:11 [INFO] __main__ —   Ja completo — pulando. (use --force para re-processar)
18:45:12 [INFO] __main__ — =======================================================
18:45:12 [INFO] __main__ — Processando: Diazepam (CHEMBL12)
18:45:12 [INFO] __main__ —   Ja completo — pulando. (use --force para re-processar)
18:45:13 [INFO] __main__ — =======================================================
18:45:13 [INFO] __main__ — Processando: Alprazolam (CHEMBL661)
18:45:13 [INFO] __main__ —   Ja completo — pulando. (use --force para re-processar)
18:45:14 [INFO] __main__ — =======================================================
18:45:14 [INFO] __main__ — Processando: Morphine (CHEMBL70)
18:45:15 [INFO] __main__ —   [PARCIAL] Faltando: mecanismos
18:45:15 [INFO] __main__ —   ADMET: ja existe, pulando.
18:45:15 [INFO] __main__ —   Bioatividades: ja existem, pulando.
18:45:15 [INFO] __main__ —   Indicacoes: ja existem, pulando.
18:45:16 [INFO] __main__ —   Artigos: ja existem, pulando.
18:45:17 [INFO] __main__ — =======================================================
18:45:17 [INFO] __main__ — Processando: Fluoxetine (CHEMBL41)
18:45:17 [INFO] __main__ —   [PARCIAL] Faltando: mecanismos
18:45:17 [INFO] __main__ —   ADMET: ja existe, pulando.
18:45:17 [INFO] __main__ —   Bioatividades: ja existem, pulando.
18:45:17 [INFO] __main__ —   Indicacoes: ja existem, pulando.
18:45:18 [INFO] __main__ —   Artigos: ja existem, pulando.
18:45:19 [INFO] __main__ — =======================================================
18:45:19 [INFO] __main__ — Processando: Sertraline (CHEMBL809)
18:45:20 [INFO] __main__ —   [PARCIAL] Faltando: mecanismos
18:45:20 [INFO] __main__ —   ADMET: ja existe, pulando.
18:45:20 [INFO] __main__ —   Bioatividades: ja existem, pulando.
18:45:20 [INFO] __main__ —   Indicacoes: ja existem, pulando.
18:45:21 [INFO] __main__ —   Artigos: ja existem, pulando.
18:45:22 [INFO] __main__ — =======================================================
18:45:22 [INFO] __main__ — Processando: Levodopa (CHEMBL1009)
18:45:22 [INFO] __main__ —   Ja completo — pulando. (use --force para re-processar)
18:45:23 [INFO] __main__ — =======================================================
18:45:23 [INFO] __main__ — Processando: Donepezil (CHEMBL502)
18:45:23 [INFO] __main__ —   [PARCIAL] Faltando: mecanismos
18:45:23 [INFO] __main__ —   ADMET: ja existe, pulando.
18:45:23 [INFO] __main__ —   Bioatividades: ja existem, pulando.
18:45:23 [INFO] __main__ —   Indicacoes: ja existem, pulando.
18:45:25 [INFO] __main__ —   Artigos: ja existem, pulando.
18:45:26 [INFO] __main__ — =======================================================
18:45:26 [INFO] __main__ — Processando: Gabapentin (CHEMBL940)
18:45:26 [INFO] __main__ —   Ja completo — pulando. (use --force para re-processar)
18:45:27 [INFO] __main__ — =======================================================
18:45:27 [INFO] __main__ — Processando: Pregabalin (CHEMBL1059)
18:45:27 [INFO] __main__ —   Ja completo — pulando. (use --force para re-processar)
18:45:28 [INFO] __main__ — =======================================================
18:45:28 [INFO] __main__ — Processando: Haloperidol (CHEMBL54)
18:45:28 [INFO] __main__ —   Ja completo — pulando. (use --force para re-processar)
18:45:29 [INFO] __main__ — =======================================================
18:45:29 [INFO] __main__ — Processando: Quetiapine (CHEMBL716)
18:45:30 [INFO] __main__ —   [PARCIAL] Faltando: mecanismos
18:45:30 [INFO] __main__ —   ADMET: ja existe, pulando.
18:45:30 [INFO] __main__ —   Bioatividades: ja existem, pulando.
18:45:30 [INFO] __main__ —   Indicacoes: ja existem, pulando.
18:45:31 [INFO] __main__ —   Artigos: ja existem, pulando.
18:45:32 [INFO] __main__ — =======================================================
18:45:32 [INFO] __main__ — Processando: Zolpidem (CHEMBL911)
18:45:32 [INFO] __main__ —   [PARCIAL] Faltando: mecanismos
18:45:32 [INFO] __main__ —   ADMET: ja existe, pulando.
18:45:32 [INFO] __main__ —   Bioatividades: ja existem, pulando.
18:45:32 [INFO] __main__ —   Indicacoes: ja existem, pulando.
18:45:33 [INFO] __main__ —   Artigos: ja existem, pulando.
18:45:34 [INFO] __main__ — =======================================================
18:45:34 [INFO] __main__ — Processando: Lithium carbonate (CHEMBL1200826)
18:45:34 [INFO] __main__ —   Ja completo — pulando. (use --force para re-processar)
18:45:35 [INFO] __main__ — =======================================================
18:45:35 [INFO] __main__ — Processando: Warfarin (CHEMBL1464)
18:45:35 [INFO] __main__ —   [PARCIAL] Faltando: mecanismos
18:45:35 [INFO] __main__ —   ADMET: ja existe, pulando.
18:45:35 [INFO] __main__ —   Bioatividades: ja existem, pulando.
18:45:35 [INFO] __main__ —   Indicacoes: ja existem, pulando.
18:45:37 [INFO] __main__ —   Artigos: ja existem, pulando.
18:45:38 [INFO] __main__ — =======================================================
18:45:38 [INFO] __main__ — Processando: Amlodipine (CHEMBL1491)
18:45:38 [INFO] __main__ —   [PARCIAL] Faltando: mecanismos
18:45:38 [INFO] __main__ —   ADMET: ja existe, pulando.
18:45:38 [INFO] __main__ —   Bioatividades: ja existem, pulando.
18:45:38 [INFO] __main__ —   Indicacoes: ja existem, pulando.
18:45:39 [INFO] __main__ —   Artigos: ja existem, pulando.
18:45:40 [INFO] __main__ — =======================================================
18:45:40 [INFO] __main__ — Processando: Nifedipine (CHEMBL193)
18:45:41 [INFO] __main__ —   Ja completo — pulando. (use --force para re-processar)
18:45:41 [INFO] __main__ — =======================================================
18:45:41 [INFO] __main__ — Processando: Lisinopril (CHEMBL1237)
18:45:42 [INFO] __main__ —   [PARCIAL] Faltando: mecanismos
18:45:42 [INFO] __main__ —   ADMET: ja existe, pulando.
18:45:42 [INFO] __main__ —   Bioatividades: ja existem, pulando.
18:45:42 [INFO] __main__ —   Indicacoes: ja existem, pulando.
18:45:43 [INFO] __main__ —   Artigos: ja existem, pulando.
18:45:44 [INFO] __main__ — =======================================================
18:45:44 [INFO] __main__ — Processando: Enalapril (CHEMBL578)
18:45:44 [INFO] __main__ —   [PARCIAL] Faltando: mecanismos
18:45:44 [INFO] __main__ —   ADMET: ja existe, pulando.
18:45:44 [INFO] __main__ —   Bioatividades: ja existem, pulando.
18:45:44 [INFO] __main__ —   Indicacoes: ja existem, pulando.
18:45:46 [INFO] __main__ —   Artigos: ja existem, pulando.
18:45:46 [INFO] __main__ — =======================================================
18:45:46 [INFO] __main__ — Processando: Losartan (CHEMBL191)
18:45:47 [INFO] __main__ —   [PARCIAL] Faltando: mecanismos
18:45:47 [INFO] __main__ —   ADMET: ja existe, pulando.
18:45:47 [INFO] __main__ —   Bioatividades: ja existem, pulando.
18:45:47 [INFO] __main__ —   Indicacoes: ja existem, pulando.
18:45:48 [INFO] __main__ —   Artigos: ja existem, pulando.
18:45:49 [INFO] __main__ — =======================================================
18:45:49 [INFO] __main__ — Processando: Valsartan (CHEMBL1069)
18:45:49 [INFO] __main__ —   Ja completo — pulando. (use --force para re-processar)
18:45:50 [INFO] __main__ — =======================================================
18:45:50 [INFO] __main__ — Processando: Simvastatin (CHEMBL1064)
18:45:50 [INFO] __main__ —   Ja completo — pulando. (use --force para re-processar)
18:45:51 [INFO] __main__ — =======================================================
18:45:51 [INFO] __main__ — Processando: Atorvastatin (CHEMBL1487)
18:45:51 [INFO] __main__ —   [PARCIAL] Faltando: mecanismos
18:45:51 [INFO] __main__ —   ADMET: ja existe, pulando.
18:45:51 [INFO] __main__ —   Bioatividades: ja existem, pulando.
18:45:51 [INFO] __main__ —   Indicacoes: ja existem, pulando.
18:45:53 [INFO] __main__ —   Artigos: ja existem, pulando.
18:45:53 [INFO] __main__ — =======================================================
18:45:53 [INFO] __main__ — Processando: Sildenafil (CHEMBL192)
18:45:54 [INFO] __main__ —   [PARCIAL] Faltando: mecanismos
18:45:54 [INFO] __main__ —   ADMET: ja existe, pulando.
18:45:54 [INFO] __main__ —   Bioatividades: ja existem, pulando.
18:45:54 [INFO] __main__ —   Indicacoes: ja existem, pulando.
18:45:55 [INFO] __main__ —   Artigos: ja existem, pulando.
18:45:56 [INFO] __main__ — =======================================================
18:45:56 [INFO] __main__ — Processando: Propranolol (CHEMBL27)
18:45:56 [INFO] __main__ —   [PARCIAL] Faltando: mecanismos
18:45:56 [INFO] __main__ —   ADMET: ja existe, pulando.
18:45:56 [INFO] __main__ —   Bioatividades: ja existem, pulando.
18:45:56 [INFO] __main__ —   Indicacoes: ja existem, pulando.
18:45:58 [INFO] __main__ —   Artigos: ja existem, pulando.
18:45:59 [INFO] __main__ — =======================================================
18:45:59 [INFO] __main__ — Processando: Digoxin (CHEMBL1751)
18:45:59 [INFO] __main__ —   Ja completo — pulando. (use --force para re-processar)
18:46:00 [INFO] __main__ — =======================================================
18:46:00 [INFO] __main__ — Processando: Metformin (CHEMBL1431)
18:46:00 [INFO] __main__ —   [PARCIAL] Faltando: mecanismos
18:46:00 [INFO] __main__ —   ADMET: ja existe, pulando.
18:46:00 [INFO] __main__ —   Bioatividades: ja existem, pulando.
18:46:00 [INFO] __main__ —   Indicacoes: ja existem, pulando.
18:46:02 [INFO] __main__ —   Artigos: ja existem, pulando.
18:46:02 [INFO] __main__ — =======================================================
18:46:02 [INFO] __main__ — Processando: Dexamethasone (CHEMBL384467)
18:46:03 [INFO] __main__ —   Ja completo — pulando. (use --force para re-processar)
18:46:03 [INFO] __main__ — =======================================================
18:46:03 [INFO] __main__ — Processando: Sitagliptin (CHEMBL1422)
18:46:04 [INFO] __main__ —   [PARCIAL] Faltando: mecanismos
18:46:04 [INFO] __main__ —   ADMET: ja existe, pulando.
18:46:04 [INFO] __main__ —   Bioatividades: ja existem, pulando.
18:46:04 [INFO] __main__ —   Indicacoes: ja existem, pulando.
18:46:05 [INFO] __main__ —   Artigos: ja existem, pulando.
18:46:06 [INFO] __main__ — =======================================================
18:46:06 [INFO] __main__ — Processando: Empagliflozin (CHEMBL2107830)
18:46:06 [INFO] __main__ —   Ja completo — pulando. (use --force para re-processar)
18:46:07 [INFO] __main__ — =======================================================
18:46:07 [INFO] __main__ — Processando: Omeprazole (CHEMBL1503)
18:46:07 [INFO] __main__ —   Ja completo — pulando. (use --force para re-processar)
18:46:08 [INFO] __main__ — =======================================================
18:46:08 [INFO] __main__ — Processando: Pantoprazole (CHEMBL1502)
18:46:09 [INFO] __main__ —   [PARCIAL] Faltando: mecanismos
18:46:09 [INFO] __main__ —   ADMET: ja existe, pulando.
18:46:09 [INFO] __main__ —   Bioatividades: ja existem, pulando.
18:46:09 [INFO] __main__ —   Indicacoes: ja existem, pulando.
18:46:10 [INFO] __main__ —   Artigos: ja existem, pulando.
18:46:10 [INFO] __main__ — =======================================================
18:46:10 [INFO] __main__ — Processando: Amoxicillin (CHEMBL1082)
18:46:11 [INFO] __main__ —   Ja completo — pulando. (use --force para re-processar)
18:46:12 [INFO] __main__ — =======================================================
18:46:12 [INFO] __main__ — Processando: Ciprofloxacin (CHEMBL8)
18:46:12 [INFO] __main__ —   Ja completo — pulando. (use --force para re-processar)
18:46:13 [INFO] __main__ — =======================================================
18:46:13 [INFO] __main__ — Processando: Doxycycline (CHEMBL1433)
18:46:13 [INFO] __main__ —   [PARCIAL] Faltando: indicacoes, mecanismos
18:46:13 [INFO] __main__ —   ADMET: ja existe, pulando.
18:46:13 [INFO] __main__ —   Bioatividades: ja existem, pulando.
18:46:16 [INFO] __main__ —   Artigos: ja existem, pulando.
18:46:17 [INFO] __main__ — =======================================================
18:46:17 [INFO] __main__ — Processando: Vancomycin (CHEMBL262777)
18:46:17 [INFO] __main__ —   Ja completo — pulando. (use --force para re-processar)
18:46:18 [INFO] __main__ — =======================================================
18:46:18 [INFO] __main__ — Processando: Oseltamivir (CHEMBL1229)
18:46:18 [INFO] __main__ —   [PARCIAL] Faltando: mecanismos
18:46:18 [INFO] __main__ —   ADMET: ja existe, pulando.
18:46:18 [INFO] __main__ —   Bioatividades: ja existem, pulando.
18:46:18 [INFO] __main__ —   Indicacoes: ja existem, pulando.
18:46:19 [INFO] __main__ —   Artigos: ja existem, pulando.
18:46:20 [INFO] __main__ — =======================================================
18:46:20 [INFO] __main__ — Processando: Tenofovir (CHEMBL1486)
18:46:21 [INFO] __main__ —   Ja completo — pulando. (use --force para re-processar)
18:46:21 [INFO] __main__ — =======================================================
18:46:21 [INFO] __main__ — Processando: Efavirenz (CHEMBL223228)
18:46:22 [INFO] __main__ —   Ja completo — pulando. (use --force para re-processar)
18:46:22 [INFO] __main__ — =======================================================
18:46:22 [INFO] __main__ — Processando: Tamoxifen (CHEMBL83)
18:46:23 [INFO] __main__ —   [PARCIAL] Faltando: mecanismos
18:46:23 [INFO] __main__ —   ADMET: ja existe, pulando.
18:46:23 [INFO] __main__ —   Bioatividades: ja existem, pulando.
18:46:23 [INFO] __main__ —   Indicacoes: ja existem, pulando.
18:46:24 [INFO] __main__ —   Artigos: ja existem, pulando.
18:46:25 [INFO] __main__ — =======================================================
18:46:25 [INFO] __main__ — Processando: Imatinib (CHEMBL941)
18:46:25 [INFO] __main__ —   [PARCIAL] Faltando: mecanismos
18:46:26 [INFO] __main__ —   ADMET: ja existe, pulando.
18:46:26 [INFO] __main__ —   Bioatividades: ja existem, pulando.
18:46:26 [INFO] __main__ —   Indicacoes: ja existem, pulando.
18:46:28 [INFO] __main__ —   Artigos: ja existem, pulando.
18:46:28 [INFO] __main__ — =======================================================
18:46:28 [INFO] __main__ — Processando: Methotrexate (CHEMBL34259)
18:46:29 [INFO] __main__ —   Ja completo — pulando. (use --force para re-processar)
18:46:29 [INFO] __main__ — =======================================================
18:46:29 [INFO] __main__ — Processando: Capecitabine (CHEMBL1773)
18:46:30 [INFO] __main__ —   Ja completo — pulando. (use --force para re-processar)
18:46:31 [INFO] __main__ — =======================================================
18:46:31 [INFO] __main__ — Processando: Carboplatin (CHEMBL1351)
18:46:31 [INFO] __main__ —   Ja completo — pulando. (use --force para re-processar)
18:46:32 [INFO] __main__ — =======================================================
18:46:32 [INFO] __main__ — Processando: Tiotropium (CHEMBL1900528)
18:46:32 [INFO] __main__ —   [PARCIAL] Faltando: mecanismos
18:46:32 [INFO] __main__ —   ADMET: ja existe, pulando.
18:46:32 [INFO] __main__ —   Bioatividades: ja existem, pulando.
18:46:32 [INFO] __main__ —   Indicacoes: ja existem, pulando.
18:46:33 [INFO] __main__ —   Artigos: ja existem, pulando.
18:46:34 [INFO] __main__ — =======================================================
18:46:34 [INFO] __main__ — Processando: Fluticasone (CHEMBL1473)
18:46:35 [INFO] __main__ —   Ja completo — pulando. (use --force para re-processar)
18:46:35 [INFO] __main__ — =======================================================
18:46:35 [INFO] __main__ — Processando: PRAZOSIN (CHEMBL2)
18:46:36 [INFO] __main__ —   [PARCIAL] Faltando: mecanismos
18:46:36 [INFO] __main__ —   ADMET: ja existe, pulando.
18:46:36 [INFO] __main__ —   Bioatividades: ja existem, pulando.
18:46:36 [INFO] __main__ —   Indicacoes: ja existem, pulando.
18:46:37 [INFO] __main__ —   Artigos: ja existem, pulando.
18:46:38 [INFO] __main__ — =======================================================
18:46:38 [INFO] __main__ — Processando: NICOTINE (CHEMBL3)
18:46:38 [INFO] __main__ —   Ja completo — pulando. (use --force para re-processar)
18:46:39 [INFO] __main__ — =======================================================
18:46:39 [INFO] __main__ — Processando: OFLOXACIN (CHEMBL4)
18:46:39 [INFO] __main__ —   Ja completo — pulando. (use --force para re-processar)
18:46:40 [INFO] __main__ — =======================================================
18:46:40 [INFO] __main__ — Processando: NALIDIXIC ACID (CHEMBL5)
18:46:41 [INFO] __main__ —   Ja completo — pulando. (use --force para re-processar)
18:46:41 [INFO] __main__ — =======================================================
18:46:41 [INFO] __main__ — Processando: INDOMETHACIN (CHEMBL6)
18:46:42 [INFO] __main__ —   Ja completo — pulando. (use --force para re-processar)
18:46:42 [INFO] __main__ — =======================================================
18:46:42 [INFO] __main__ — Processando: CIPROFLOXACIN (CHEMBL8)
18:46:43 [INFO] __main__ —   Ja completo — pulando. (use --force para re-processar)
18:46:43 [INFO] __main__ — =======================================================
18:46:43 [INFO] __main__ — Processando: NORFLOXACIN (CHEMBL9)
18:46:44 [INFO] __main__ —   Ja completo — pulando. (use --force para re-processar)
18:46:45 [INFO] __main__ — =======================================================
18:46:45 [INFO] __main__ — Processando: SB-203580 (CHEMBL10)
18:46:45 [INFO] __main__ —   [PARCIAL] Faltando: indicacoes, mecanismos
18:46:45 [INFO] __main__ —   ADMET: ja existe, pulando.
18:46:45 [INFO] __main__ —   Bioatividades: ja existem, pulando.
18:46:48 [INFO] __main__ —   Artigos: ja existem, pulando.
18:46:48 [INFO] __main__ — =======================================================
18:46:48 [INFO] __main__ — Processando: IMIPRAMINE (CHEMBL11)
18:46:49 [INFO] __main__ —   [PARCIAL] Faltando: mecanismos
18:46:49 [INFO] __main__ —   ADMET: ja existe, pulando.
18:46:49 [INFO] __main__ —   Bioatividades: ja existem, pulando.
18:46:49 [INFO] __main__ —   Indicacoes: ja existem, pulando.
18:46:50 [INFO] __main__ —   Artigos: ja existem, pulando.
18:46:51 [INFO] __main__ — =======================================================
18:46:51 [INFO] __main__ — Processando: DIAZEPAM (CHEMBL12)
18:46:51 [INFO] __main__ —   Ja completo — pulando. (use --force para re-processar)
18:46:52 [INFO] __main__ — =======================================================
18:46:52 [INFO] __main__ — Processando: METOPROLOL (CHEMBL13)
18:46:52 [INFO] __main__ —   [PARCIAL] Faltando: mecanismos
18:46:52 [INFO] __main__ —   ADMET: ja existe, pulando.
18:46:52 [INFO] __main__ —   Bioatividades: ja existem, pulando.
18:46:52 [INFO] __main__ —   Indicacoes: ja existem, pulando.
18:46:54 [INFO] __main__ —   Artigos: ja existem, pulando.
18:46:54 [INFO] __main__ — =======================================================
18:46:54 [INFO] __main__ — Processando: CARBACHOL (CHEMBL14)
18:46:55 [INFO] __main__ —   Ja completo — pulando. (use --force para re-processar)
18:46:56 [INFO] __main__ — =======================================================
18:46:56 [INFO] __main__ — Processando: PHENYTOIN (CHEMBL16)
18:46:56 [INFO] __main__ —   Ja completo — pulando. (use --force para re-processar)
18:46:57 [INFO] __main__ — =======================================================
18:46:57 [INFO] __main__ — Processando: DICHLORPHENAMIDE (CHEMBL17)
18:46:57 [INFO] __main__ —   Ja completo — pulando. (use --force para re-processar)
18:46:58 [INFO] __main__ — =======================================================
18:46:58 [INFO] __main__ — Processando: ETHOXZOLAMIDE (CHEMBL18)
18:46:58 [INFO] __main__ —   [PARCIAL] Faltando: indicacoes
18:46:58 [INFO] __main__ —   ADMET: ja existe, pulando.
18:46:58 [INFO] __main__ —   Bioatividades: ja existem, pulando.
18:46:59 [INFO] __main__ —   Mecanismos: ja existem, pulando.
18:46:59 [INFO] __main__ —   Artigos: ja existem, pulando.
18:47:00 [INFO] __main__ — =======================================================
18:47:00 [INFO] __main__ — Processando: METHAZOLAMIDE (CHEMBL19)
18:47:01 [INFO] __main__ —   Ja completo — pulando. (use --force para re-processar)
18:47:01 [INFO] __main__ — =======================================================
18:47:01 [INFO] __main__ — Processando: ACETAZOLAMIDE (CHEMBL20)
18:47:02 [INFO] __main__ —   Ja completo — pulando. (use --force para re-processar)
18:47:02 [INFO] __main__ — =======================================================
18:47:02 [INFO] __main__ — Processando: SULFANILAMIDE (CHEMBL21)
18:47:03 [INFO] __main__ —   Ja completo — pulando. (use --force para re-processar)
18:47:04 [INFO] __main__ — =======================================================
18:47:04 [INFO] __main__ — Processando: TRIMETHOPRIM (CHEMBL22)
18:47:04 [INFO] __main__ —   Ja completo — pulando. (use --force para re-processar)
18:47:05 [INFO] __main__ — =======================================================
18:47:05 [INFO] __main__ — Processando: DILTIAZEM (CHEMBL23)
18:47:05 [INFO] __main__ —   [PARCIAL] Faltando: mecanismos
18:47:05 [INFO] __main__ —   ADMET: ja existe, pulando.
18:47:05 [INFO] __main__ —   Bioatividades: ja existem, pulando.
18:47:05 [INFO] __main__ —   Indicacoes: ja existem, pulando.
18:47:06 [INFO] __main__ —   Artigos: ja existem, pulando.
18:47:07 [INFO] __main__ — =======================================================
18:47:07 [INFO] __main__ — Processando: ATENOLOL (CHEMBL24)
18:47:07 [INFO] __main__ —   Ja completo — pulando. (use --force para re-processar)
18:47:08 [INFO] __main__ — =======================================================
18:47:08 [INFO] __main__ — Processando: ASPIRIN (CHEMBL25)
18:47:09 [INFO] __main__ —   Ja completo — pulando. (use --force para re-processar)
18:47:09 [INFO] __main__ — =======================================================
18:47:09 [INFO] __main__ — Processando: SULPIRIDE (CHEMBL26)
18:47:10 [INFO] __main__ —   Ja completo — pulando. (use --force para re-processar)
18:47:10 [INFO] __main__ — =======================================================
18:47:10 [INFO] __main__ — Processando: PROPRANOLOL (CHEMBL27)
18:47:11 [INFO] __main__ —   [PARCIAL] Faltando: mecanismos
18:47:11 [INFO] __main__ —   ADMET: ja existe, pulando.
18:47:11 [INFO] __main__ —   Bioatividades: ja existem, pulando.
18:47:11 [INFO] __main__ —   Indicacoes: ja existem, pulando.
18:47:12 [INFO] __main__ —   Artigos: ja existem, pulando.
18:47:13 [INFO] __main__ — =======================================================
18:47:13 [INFO] __main__ — Processando: APIGENIN (CHEMBL28)
18:47:13 [INFO] __main__ —   [PARCIAL] Faltando: indicacoes, mecanismos
18:47:13 [INFO] __main__ —   ADMET: ja existe, pulando.
18:47:13 [INFO] __main__ —   Bioatividades: ja existem, pulando.
18:47:16 [INFO] __main__ —   Artigos: ja existem, pulando.
18:47:17 [INFO] __main__ — =======================================================
18:47:17 [INFO] __main__ — Processando: PENICILLIN G (CHEMBL29)
18:47:17 [INFO] __main__ —   [PARCIAL] Faltando: mecanismos
18:47:17 [INFO] __main__ —   ADMET: ja existe, pulando.
18:47:17 [INFO] __main__ —   Bioatividades: ja existem, pulando.
18:47:17 [INFO] __main__ —   Indicacoes: ja existem, pulando.
18:47:18 [INFO] __main__ —   Artigos: ja existem, pulando.
18:47:19 [INFO] __main__ — =======================================================
18:47:19 [INFO] __main__ — Processando: CIMETIDINE (CHEMBL30)
18:47:19 [INFO] __main__ —   Ja completo — pulando. (use --force para re-processar)
18:47:20 [INFO] __main__ — =======================================================
18:47:20 [INFO] __main__ — Processando: GATIFLOXACIN (CHEMBL31)
18:47:21 [INFO] __main__ —   Ja completo — pulando. (use --force para re-processar)
18:47:21 [INFO] __main__ — =======================================================
18:47:21 [INFO] __main__ — Processando: MOXIFLOXACIN (CHEMBL32)
18:47:22 [INFO] __main__ —   [PARCIAL] Faltando: mecanismos
18:47:22 [INFO] __main__ —   ADMET: ja existe, pulando.
18:47:22 [INFO] __main__ —   Bioatividades: ja existem, pulando.
18:47:22 [INFO] __main__ —   Indicacoes: ja existem, pulando.
18:47:23 [INFO] __main__ —   Artigos: ja existem, pulando.
18:47:24 [INFO] __main__ — =======================================================
18:47:24 [INFO] __main__ — Processando: LEVOFLOXACIN ANHYDROUS (CHEMBL33)
18:47:24 [INFO] __main__ —   [PARCIAL] Faltando: mecanismos
18:47:24 [INFO] __main__ —   ADMET: ja existe, pulando.
18:47:24 [INFO] __main__ —   Bioatividades: ja existem, pulando.
18:47:24 [INFO] __main__ —   Indicacoes: ja existem, pulando.
18:47:25 [INFO] __main__ —   Artigos: ja existem, pulando.
18:47:26 [INFO] __main__ — =======================================================
18:47:26 [INFO] __main__ — Processando: FUROSEMIDE (CHEMBL35)
18:47:26 [INFO] __main__ —   Ja completo — pulando. (use --force para re-processar)
18:47:27 [INFO] __main__ — =======================================================
18:47:27 [INFO] __main__ — Processando: PYRIMETHAMINE (CHEMBL36)
18:47:28 [INFO] __main__ —   Ja completo — pulando. (use --force para re-processar)
18:47:28 [INFO] __main__ — =======================================================
18:47:28 [INFO] __main__ — Processando: TRETINOIN (CHEMBL38)
18:47:29 [INFO] __main__ —   Ja completo — pulando. (use --force para re-processar)
18:47:29 [INFO] __main__ — =======================================================
18:47:29 [INFO] __main__ — Processando: SEROTONIN (CHEMBL39)
18:47:30 [INFO] __main__ —   [PARCIAL] Faltando: mecanismos
18:47:30 [INFO] __main__ —   ADMET: ja existe, pulando.
18:47:30 [INFO] __main__ —   Bioatividades: ja existem, pulando.
18:47:30 [INFO] __main__ —   Indicacoes: ja existem, pulando.
18:47:31 [INFO] __main__ —   Artigos: ja existem, pulando.
18:47:32 [INFO] __main__ — =======================================================
18:47:32 [INFO] __main__ — Processando: PHENOBARBITAL (CHEMBL40)
18:47:32 [INFO] __main__ —   [PARCIAL] Faltando: mecanismos
18:47:32 [INFO] __main__ —   ADMET: ja existe, pulando.
18:47:32 [INFO] __main__ —   Bioatividades: ja existem, pulando.
18:47:32 [INFO] __main__ —   Indicacoes: ja existem, pulando.
18:47:34 [INFO] __main__ —   Artigos: ja existem, pulando.
18:47:34 [INFO] __main__ — =======================================================
18:47:34 [INFO] __main__ — Processando: FLUOXETINE (CHEMBL41)
18:47:35 [INFO] __main__ —   [PARCIAL] Faltando: mecanismos
18:47:35 [INFO] __main__ —   ADMET: ja existe, pulando.
18:47:35 [INFO] __main__ —   Bioatividades: ja existem, pulando.
18:47:35 [INFO] __main__ —   Indicacoes: ja existem, pulando.
18:47:36 [INFO] __main__ —   Artigos: ja existem, pulando.
18:47:37 [INFO] __main__ — =======================================================
18:47:37 [INFO] __main__ — Processando: CLOZAPINE (CHEMBL42)
18:47:37 [INFO] __main__ —   Ja completo — pulando. (use --force para re-processar)
18:47:38 [INFO] __main__ — =======================================================
18:47:38 [INFO] __main__ — Processando: AMSACRINE (CHEMBL43)
18:47:38 [INFO] __main__ —   Ja completo — pulando. (use --force para re-processar)
18:47:39 [INFO] __main__ — =======================================================
18:47:39 [INFO] __main__ — Processando: GENISTEIN (CHEMBL44)
18:47:39 [INFO] __main__ —   [PARCIAL] Faltando: mecanismos
18:47:39 [INFO] __main__ —   ADMET: ja existe, pulando.
18:47:39 [INFO] __main__ —   Bioatividades: ja existem, pulando.
18:47:39 [INFO] __main__ —   Indicacoes: ja existem, pulando.
18:47:41 [INFO] __main__ —   Artigos: ja existem, pulando.
18:47:41 [INFO] __main__ — =======================================================
18:47:41 [INFO] __main__ — Processando: MELATONIN (CHEMBL45)
18:47:42 [INFO] __main__ —   Ja completo — pulando. (use --force para re-processar)
18:47:42 [INFO] __main__ — =======================================================
18:47:42 [INFO] __main__ — Processando: ONDANSETRON (CHEMBL46)
18:47:43 [INFO] __main__ —   Ja completo — pulando. (use --force para re-processar)
18:47:44 [INFO] __main__ — =======================================================
18:47:44 [INFO] __main__ — Processando: ALPHA-TOCOPHEROL (CHEMBL47)
18:47:44 [INFO] __main__ —   [PARCIAL] Faltando: indicacoes, mecanismos
18:47:44 [INFO] __main__ —   ADMET: ja existe, pulando.
18:47:44 [INFO] __main__ —   Bioatividades: ja existem, pulando.
18:47:47 [INFO] __main__ —   Artigos: ja existem, pulando.
18:47:47 [INFO] __main__ — =======================================================
18:47:47 [INFO] __main__ — Processando: BUSPIRONE (CHEMBL49)
18:47:48 [INFO] __main__ —   [PARCIAL] Faltando: mecanismos
18:47:48 [INFO] __main__ —   ADMET: ja existe, pulando.
18:47:48 [INFO] __main__ —   Bioatividades: ja existem, pulando.
18:47:48 [INFO] __main__ —   Indicacoes: ja existem, pulando.
18:47:49 [INFO] __main__ —   Artigos: ja existem, pulando.
18:47:50 [INFO] __main__ — =======================================================
18:47:50 [INFO] __main__ — Processando: QUERCETIN (CHEMBL50)
18:47:51 [INFO] __main__ —   [PARCIAL] Faltando: mecanismos
18:47:51 [INFO] __main__ —   ADMET: ja existe, pulando.
18:47:51 [INFO] __main__ —   Bioatividades: ja existem, pulando.
18:47:51 [INFO] __main__ —   Indicacoes: ja existem, pulando.
18:47:52 [INFO] __main__ —   Artigos: ja existem, pulando.
18:47:53 [INFO] __main__ — =======================================================
18:47:53 [INFO] __main__ — Processando: KETANSERIN (CHEMBL51)
18:47:53 [INFO] __main__ —   [PARCIAL] Faltando: mecanismos
18:47:53 [INFO] __main__ —   ADMET: ja existe, pulando.
18:47:53 [INFO] __main__ —   Bioatividades: ja existem, pulando.
18:47:53 [INFO] __main__ —   Indicacoes: ja existem, pulando.
18:47:54 [INFO] __main__ —   Artigos: ja existem, pulando.
18:47:55 [INFO] __main__ — =======================================================
18:47:55 [INFO] __main__ — Processando: NORDIHYDROGUAIARETIC ACID (CHEMBL52)
18:47:55 [INFO] __main__ —   [PARCIAL] Faltando: indicacoes, mecanismos
18:47:55 [INFO] __main__ —   ADMET: ja existe, pulando.
18:47:55 [INFO] __main__ —   Bioatividades: ja existem, pulando.
18:47:58 [INFO] __main__ —   Artigos: ja existem, pulando.
18:47:59 [INFO] __main__ — =======================================================
18:47:59 [INFO] __main__ — Processando: APOMORPHINE (CHEMBL53)
18:47:59 [INFO] __main__ —   [PARCIAL] Faltando: mecanismos
18:47:59 [INFO] __main__ —   ADMET: ja existe, pulando.
18:47:59 [INFO] __main__ —   Bioatividades: ja existem, pulando.
18:47:59 [INFO] __main__ —   Indicacoes: ja existem, pulando.
18:48:01 [INFO] __main__ —   Artigos: ja existem, pulando.
18:48:01 [INFO] __main__ — =======================================================
18:48:01 [INFO] __main__ — Processando: HALOPERIDOL (CHEMBL54)
18:48:02 [INFO] __main__ —   Ja completo — pulando. (use --force para re-processar)
18:48:03 [INFO] __main__ — =======================================================
18:48:03 [INFO] __main__ — Processando: PENTAMIDINE (CHEMBL55)
18:48:03 [INFO] __main__ —   [PARCIAL] Faltando: mecanismos
18:48:03 [INFO] __main__ —   ADMET: ja existe, pulando.
18:48:03 [INFO] __main__ —   Bioatividades: ja existem, pulando.
18:48:03 [INFO] __main__ —   Indicacoes: ja existem, pulando.
18:48:05 [INFO] __main__ —   Artigos: ja existem, pulando.
18:48:05 [INFO] __main__ — =======================================================
18:48:05 [INFO] __main__ — Processando: 8-OH-DPAT (CHEMBL56)
18:48:06 [INFO] __main__ —   [PARCIAL] Faltando: indicacoes, mecanismos
18:48:06 [INFO] __main__ —   ADMET: ja existe, pulando.
18:48:06 [INFO] __main__ —   Bioatividades: ja existem, pulando.
18:48:09 [INFO] __main__ —   Artigos: ja existem, pulando.
18:48:09 [INFO] __main__ — =======================================================
18:48:09 [INFO] __main__ — Processando: NEVIRAPINE (CHEMBL57)
18:48:10 [INFO] __main__ —   Ja completo — pulando. (use --force para re-processar)
18:48:11 [INFO] __main__ — =======================================================
18:48:11 [INFO] __main__ — Processando: MITOXANTRONE (CHEMBL58)
18:48:11 [INFO] __main__ —   [PARCIAL] Faltando: mecanismos
18:48:11 [INFO] __main__ —   ADMET: ja existe, pulando.
18:48:11 [INFO] __main__ —   Bioatividades: ja existem, pulando.
18:48:11 [INFO] __main__ —   Indicacoes: ja existem, pulando.
18:48:12 [INFO] __main__ —   Artigos: ja existem, pulando.
18:48:13 [INFO] __main__ — =======================================================
18:48:13 [INFO] __main__ — Processando: DOPAMINE (CHEMBL59)
18:48:14 [INFO] __main__ —   [PARCIAL] Faltando: mecanismos
18:48:14 [INFO] __main__ —   ADMET: ja existe, pulando.
18:48:14 [INFO] __main__ —   Bioatividades: ja existem, pulando.
18:48:14 [INFO] __main__ —   Indicacoes: ja existem, pulando.
18:48:15 [INFO] __main__ —   Artigos: ja existem, pulando.
18:48:16 [INFO] __main__ — =======================================================
18:48:16 [INFO] __main__ — Processando: PODOFILOX (CHEMBL61)
18:48:16 [INFO] __main__ —   Ja completo — pulando. (use --force para re-processar)
18:48:17 [INFO] __main__ — =======================================================
18:48:17 [INFO] __main__ — Processando: SCH-23390 (CHEMBL62)
18:48:17 [INFO] __main__ —   [PARCIAL] Faltando: indicacoes, mecanismos
18:48:17 [INFO] __main__ —   ADMET: ja existe, pulando.
18:48:18 [INFO] __main__ —   Bioatividades: ja existem, pulando.
18:48:21 [INFO] __main__ —   Artigos: ja existem, pulando.
18:48:22 [INFO] __main__ — =======================================================
18:48:22 [INFO] __main__ — Processando: ROLIPRAM (CHEMBL63)
18:48:22 [INFO] __main__ —   Ja completo — pulando. (use --force para re-processar)
18:48:23 [INFO] __main__ — =======================================================
18:48:23 [INFO] __main__ — Processando: ISONIAZID (CHEMBL64)
18:48:23 [INFO] __main__ —   Ja completo — pulando. (use --force para re-processar)
18:48:24 [INFO] __main__ — =======================================================
18:48:24 [INFO] __main__ — Processando: CAMPTOTHECIN (CHEMBL65)
18:48:24 [INFO] __main__ —   [PARCIAL] Faltando: indicacoes, mecanismos
18:48:24 [INFO] __main__ —   ADMET: ja existe, pulando.
18:48:24 [INFO] __main__ —   Bioatividades: ja existem, pulando.
18:48:28 [INFO] __main__ —   Artigos: ja existem, pulando.
18:48:29 [INFO] __main__ — =======================================================
18:48:29 [INFO] __main__ — Processando: (+)-TAXIFOLIN (CHEMBL66)
18:48:29 [INFO] __main__ —   [PARCIAL] Faltando: indicacoes, mecanismos
18:48:29 [INFO] __main__ —   ADMET: ja existe, pulando.
18:48:29 [INFO] __main__ —   Bioatividades: ja existem, pulando.
18:48:32 [INFO] __main__ —   Artigos: ja existem, pulando.
18:48:33 [INFO] __main__ — =======================================================
18:48:33 [INFO] __main__ — Processando: COMBRETASTATIN A4 (CHEMBL67)
18:48:33 [INFO] __main__ —   [PARCIAL] Faltando: indicacoes, mecanismos
18:48:33 [INFO] __main__ —   ADMET: ja existe, pulando.
18:48:33 [INFO] __main__ —   Bioatividades: ja existem, pulando.
18:48:37 [INFO] __main__ —   Artigos: ja existem, pulando.
18:48:37 [INFO] __main__ — =======================================================
18:48:37 [INFO] __main__ — Processando: MORPHINE (CHEMBL70)
18:48:38 [INFO] __main__ —   [PARCIAL] Faltando: mecanismos
18:48:38 [INFO] __main__ —   ADMET: ja existe, pulando.
18:48:38 [INFO] __main__ —   Bioatividades: ja existem, pulando.
18:48:38 [INFO] __main__ —   Indicacoes: ja existem, pulando.
18:48:39 [INFO] __main__ —   Artigos: ja existem, pulando.
18:48:40 [INFO] __main__ — =======================================================
18:48:40 [INFO] __main__ — Processando: CHLORPROMAZINE (CHEMBL71)
18:48:40 [INFO] __main__ —   Ja completo — pulando. (use --force para re-processar)
18:48:41 [INFO] __main__ — =======================================================
18:48:41 [INFO] __main__ — Processando: DESIPRAMINE (CHEMBL72)
18:48:42 [INFO] __main__ —   [PARCIAL] Faltando: mecanismos
18:48:42 [INFO] __main__ —   ADMET: ja existe, pulando.
18:48:42 [INFO] __main__ —   Bioatividades: ja existem, pulando.
18:48:42 [INFO] __main__ —   Indicacoes: ja existem, pulando.
18:48:43 [INFO] __main__ —   Artigos: ja existem, pulando.
18:48:44 [INFO] __main__ — =======================================================
18:48:44 [INFO] __main__ — Processando: CROMOLYN SODIUM (CHEMBL74)
18:48:44 [INFO] __main__ —   Ja completo — pulando. (use --force para re-processar)
18:48:45 [INFO] __main__ — =======================================================
18:48:45 [INFO] __main__ — Processando: CHLOROQUINE (CHEMBL76)
18:48:45 [INFO] __main__ —   [PARCIAL] Faltando: mecanismos
18:48:45 [INFO] __main__ —   ADMET: ja existe, pulando.
18:48:45 [INFO] __main__ —   Bioatividades: ja existem, pulando.
18:48:45 [INFO] __main__ —   Indicacoes: ja existem, pulando.
18:48:47 [INFO] __main__ —   Artigos: ja existem, pulando.
18:48:47 [INFO] __main__ — =======================================================
18:48:47 [INFO] __main__ — Processando: ARTEMISIN (CHEMBL77)
18:48:48 [INFO] __main__ —   [PARCIAL] Faltando: mecanismos
18:48:48 [INFO] __main__ —   ADMET: ja existe, pulando.
18:48:48 [INFO] __main__ —   Bioatividades: ja existem, pulando.
18:48:48 [INFO] __main__ —   Indicacoes: ja existem, pulando.
18:48:49 [INFO] __main__ —   Artigos: ja existem, pulando.
18:48:50 [INFO] __main__ — =======================================================
18:48:50 [INFO] __main__ — Processando: LIDOCAINE (CHEMBL79)
18:48:50 [INFO] __main__ —   Ja completo — pulando. (use --force para re-processar)
18:48:51 [INFO] __main__ — =======================================================
18:48:51 [INFO] __main__ — Processando: NALOXONE (CHEMBL80)
18:48:51 [INFO] __main__ —   [PARCIAL] Faltando: mecanismos
18:48:51 [INFO] __main__ —   ADMET: ja existe, pulando.
18:48:51 [INFO] __main__ —   Bioatividades: ja existem, pulando.
18:48:51 [INFO] __main__ —   Indicacoes: ja existem, pulando.
18:48:53 [INFO] __main__ —   Artigos: ja existem, pulando.
18:48:54 [INFO] __main__ — =======================================================
18:48:54 [INFO] __main__ — Processando: RALOXIFENE (CHEMBL81)
18:48:54 [INFO] __main__ —   Ja completo — pulando. (use --force para re-processar)
18:48:55 [INFO] __main__ — =======================================================
18:48:55 [INFO] __main__ — Processando: TAMOXIFEN (CHEMBL83)
18:48:55 [INFO] __main__ —   [PARCIAL] Faltando: mecanismos
18:48:55 [INFO] __main__ —   ADMET: ja existe, pulando.
18:48:55 [INFO] __main__ —   Bioatividades: ja existem, pulando.
18:48:55 [INFO] __main__ —   Indicacoes: ja existem, pulando.
18:48:56 [INFO] __main__ —   Artigos: ja existem, pulando.
18:48:57 [INFO] __main__ — =======================================================
18:48:57 [INFO] __main__ — Processando: TOPOTECAN (CHEMBL84)
18:48:57 [INFO] __main__ —   [PARCIAL] Faltando: mecanismos
18:48:57 [INFO] __main__ —   ADMET: ja existe, pulando.
18:48:57 [INFO] __main__ —   Bioatividades: ja existem, pulando.
18:48:57 [INFO] __main__ —   Indicacoes: ja existem, pulando.
18:48:59 [INFO] __main__ —   Artigos: ja existem, pulando.
18:48:59 [INFO] __main__ — =======================================================
18:48:59 [INFO] __main__ — Processando: RISPERIDONE (CHEMBL85)
18:49:00 [INFO] __main__ —   Ja completo — pulando. (use --force para re-processar)
18:49:01 [INFO] __main__ — =======================================================
18:49:01 [INFO] __main__ — Processando: METOCLOPRAMIDE (CHEMBL86)
18:49:01 [INFO] __main__ —   [PARCIAL] Faltando: mecanismos
18:49:01 [INFO] __main__ —   ADMET: ja existe, pulando.
18:49:01 [INFO] __main__ —   Bioatividades: ja existem, pulando.
18:49:01 [INFO] __main__ —   Indicacoes: ja existem, pulando.
18:49:02 [INFO] __main__ —   Artigos: ja existem, pulando.
18:49:03 [INFO] __main__ — =======================================================
18:49:03 [INFO] __main__ — Processando: CYCLOPHOSPHAMIDE ANHYDROUS (CHEMBL88)
18:49:03 [INFO] __main__ —   [PARCIAL] Faltando: indicacoes, mecanismos
18:49:03 [INFO] __main__ —   ADMET: ja existe, pulando.
18:49:03 [INFO] __main__ —   Bioatividades: ja existem, pulando.
18:49:06 [INFO] __main__ —   Artigos: ja existem, pulando.
18:49:07 [INFO] __main__ — =======================================================
18:49:07 [INFO] __main__ — Processando: HISTAMINE (CHEMBL90)
18:49:07 [INFO] __main__ —   [PARCIAL] Faltando: mecanismos
18:49:07 [INFO] __main__ —   ADMET: ja existe, pulando.
18:49:07 [INFO] __main__ —   Bioatividades: ja existem, pulando.
18:49:07 [INFO] __main__ —   Indicacoes: ja existem, pulando.
18:49:08 [INFO] __main__ —   Artigos: ja existem, pulando.
18:49:09 [INFO] __main__ — =======================================================
18:49:09 [INFO] __main__ — Processando: MICONAZOLE (CHEMBL91)
18:49:10 [INFO] __main__ —   Ja completo — pulando. (use --force para re-processar)
18:49:10 [INFO] __main__ — =======================================================
18:49:10 [INFO] __main__ — Processando: DOCETAXEL ANHYDROUS (CHEMBL92)
18:49:11 [INFO] __main__ —   Ja completo — pulando. (use --force para re-processar)
18:49:11 [INFO] __main__ — =======================================================
18:49:11 [INFO] __main__ — Processando: ZILEUTON (CHEMBL93)
18:49:12 [INFO] __main__ —   Ja completo — pulando. (use --force para re-processar)
18:49:13 [INFO] __main__ — =======================================================
18:49:13 [INFO] __main__ — Processando: PHYSOSTIGMINE (CHEMBL94)
18:49:13 [INFO] __main__ —   [PARCIAL] Faltando: mecanismos
18:49:13 [INFO] __main__ —   ADMET: ja existe, pulando.
18:49:13 [INFO] __main__ —   Bioatividades: ja existem, pulando.
18:49:13 [INFO] __main__ —   Indicacoes: ja existem, pulando.
18:49:14 [INFO] __main__ —   Artigos: ja existem, pulando.
18:49:15 [INFO] __main__ — =======================================================
18:49:15 [INFO] __main__ — Processando: TACRINE (CHEMBL95)
18:49:15 [INFO] __main__ —   [PARCIAL] Faltando: mecanismos
18:49:15 [INFO] __main__ —   ADMET: ja existe, pulando.
18:49:15 [INFO] __main__ —   Bioatividades: ja existem, pulando.
18:49:15 [INFO] __main__ —   Indicacoes: ja existem, pulando.
18:49:17 [INFO] __main__ —   Artigos: ja existem, pulando.
18:49:17 [INFO] __main__ — =======================================================
18:49:17 [INFO] __main__ — Processando: GAMMA-AMINOBUTYRIC ACID (CHEMBL96)
18:49:18 [INFO] __main__ —   [PARCIAL] Faltando: mecanismos
18:49:18 [INFO] __main__ —   ADMET: ja existe, pulando.
18:49:18 [INFO] __main__ —   Bioatividades: ja existem, pulando.
18:49:18 [INFO] __main__ —   Indicacoes: ja existem, pulando.
18:49:19 [INFO] __main__ —   Artigos: ja existem, pulando.
18:49:20 [INFO] __main__ — =======================================================
18:49:20 [INFO] __main__ — Processando: VORINOSTAT (CHEMBL98)
18:49:20 [INFO] __main__ —   Ja completo — pulando. (use --force para re-processar)
18:49:21 [INFO] __main__ — =======================================================
18:49:21 [INFO] __main__ — Processando: TRICHOSTATIN (CHEMBL99)
18:49:21 [INFO] __main__ —   [PARCIAL] Faltando: mecanismos
18:49:21 [INFO] __main__ —   ADMET: ja existe, pulando.
18:49:21 [INFO] __main__ —   Bioatividades: ja existem, pulando.
18:49:21 [INFO] __main__ —   Indicacoes: ja existem, pulando.
18:49:22 [INFO] __main__ —   Artigos: ja existem, pulando.
18:49:23 [INFO] __main__ — =======================================================
18:49:23 [INFO] __main__ — Processando: LEVCROMAKALIM (CHEMBL100)
18:49:24 [INFO] __main__ —   [PARCIAL] Faltando: indicacoes, mecanismos
18:49:24 [INFO] __main__ —   ADMET: ja existe, pulando.
18:49:24 [INFO] __main__ —   Bioatividades: ja existem, pulando.
18:49:26 [INFO] __main__ —   Artigos: ja existem, pulando.
18:49:27 [INFO] __main__ — =======================================================
18:49:27 [INFO] __main__ — Processando: PHENYLBUTAZONE (CHEMBL101)
18:49:27 [INFO] __main__ —   Ja completo — pulando. (use --force para re-processar)
18:49:28 [INFO] __main__ — =======================================================
18:49:28 [INFO] __main__ — Processando: PROGESTERONE (CHEMBL103)
18:49:28 [INFO] __main__ —   Ja completo — pulando. (use --force para re-processar)
18:49:29 [INFO] __main__ — =======================================================
18:49:29 [INFO] __main__ — Processando: CLOTRIMAZOLE (CHEMBL104)
18:49:29 [INFO] __main__ —   Ja completo — pulando. (use --force para re-processar)
18:49:30 [INFO] __main__ — =======================================================
18:49:30 [INFO] __main__ — Processando: MITOMYCIN (CHEMBL105)
18:49:31 [INFO] __main__ —   Ja completo — pulando. (use --force para re-processar)
18:49:31 [INFO] __main__ — =======================================================
18:49:31 [INFO] __main__ — Processando: FLUCONAZOLE (CHEMBL106)
18:49:32 [INFO] __main__ —   Ja completo — pulando. (use --force para re-processar)
18:49:32 [INFO] __main__ — =======================================================
18:49:32 [INFO] __main__ — Processando: COLCHICINE (CHEMBL107)
18:49:33 [INFO] __main__ —   Ja completo — pulando. (use --force para re-processar)
18:49:34 [INFO] __main__ — =======================================================
18:49:34 [INFO] __main__ — Processando: CARBAMAZEPINE (CHEMBL108)
18:49:34 [INFO] __main__ —   Ja completo — pulando. (use --force para re-processar)
18:49:35 [INFO] __main__ — =======================================================
18:49:35 [INFO] __main__ — Processando: VALPROIC ACID (CHEMBL109)
18:49:35 [INFO] __main__ —   Ja completo — pulando. (use --force para re-processar)
18:49:36 [INFO] __main__ — =======================================================
18:49:36 [INFO] __main__ — Processando: BENZNIDAZOLE (CHEMBL110)
18:49:36 [INFO] __main__ —   Ja completo — pulando. (use --force para re-processar)
18:49:37 [INFO] __main__ — =======================================================
18:49:37 [INFO] __main__ — Processando: RIMONABANT (CHEMBL111)
18:49:37 [INFO] __main__ —   Ja completo — pulando. (use --force para re-processar)
18:49:38 [INFO] __main__ — =======================================================
18:49:38 [INFO] __main__ — Processando: ACETAMINOPHEN (CHEMBL112)
18:49:38 [INFO] __main__ —   Ja completo — pulando. (use --force para re-processar)
18:49:39 [INFO] __main__ — =======================================================
18:49:39 [INFO] __main__ — Processando: CAFFEINE (CHEMBL113)
18:49:40 [INFO] __main__ —   Ja completo — pulando. (use --force para re-processar)
18:49:40 [INFO] __main__ — =======================================================
18:49:40 [INFO] __main__ — Processando: SAQUINAVIR (CHEMBL114)
18:49:41 [INFO] __main__ —   Ja completo — pulando. (use --force para re-processar)
18:49:41 [INFO] __main__ — =======================================================
18:49:41 [INFO] __main__ — Processando: INDINAVIR ANHYDROUS (CHEMBL115)
18:49:42 [INFO] __main__ —   [PARCIAL] Faltando: indicacoes, mecanismos, artigos
18:49:42 [INFO] __main__ —   ADMET: ja existe, pulando.
18:49:42 [INFO] __main__ —   Bioatividades: ja existem, pulando.
18:49:47 [INFO] __main__ — =======================================================
18:49:47 [INFO] __main__ — Processando: AMPRENAVIR (CHEMBL116)
18:49:48 [INFO] __main__ —   Ja completo — pulando. (use --force para re-processar)
18:49:49 [INFO] __main__ — =======================================================
18:49:49 [INFO] __main__ — Processando: CHRYSIN (CHEMBL117)
18:49:49 [INFO] __main__ —   [PARCIAL] Faltando: indicacoes, mecanismos
18:49:49 [INFO] __main__ —   ADMET: ja existe, pulando.
18:49:49 [INFO] __main__ —   Bioatividades: ja existem, pulando.
18:49:51 [INFO] __main__ —   Artigos: ja existem, pulando.
18:49:52 [INFO] __main__ — =======================================================
18:49:52 [INFO] __main__ — Processando: CELECOXIB (CHEMBL118)
18:49:52 [INFO] __main__ —   Ja completo — pulando. (use --force para re-processar)
18:49:53 [INFO] __main__ — =======================================================
18:49:53 [INFO] __main__ — Processando: TRIMETREXATE (CHEMBL119)
18:49:54 [INFO] __main__ —   [PARCIAL] Faltando: mecanismos
18:49:54 [INFO] __main__ —   ADMET: ja existe, pulando.
18:49:54 [INFO] __main__ —   Bioatividades: ja existem, pulando.
18:49:54 [INFO] __main__ —   Indicacoes: ja existem, pulando.
18:49:55 [INFO] __main__ —   Artigos: ja existem, pulando.
18:49:56 [INFO] __main__ — =======================================================
18:49:56 [INFO] __main__ — Processando: ROSIGLITAZONE (CHEMBL121)
18:49:56 [INFO] __main__ —   Ja completo — pulando. (use --force para re-processar)
18:49:57 [INFO] __main__ — =======================================================
18:49:57 [INFO] __main__ — Processando: ROFECOXIB (CHEMBL122)
18:49:57 [INFO] __main__ —   Ja completo — pulando. (use --force para re-processar)
18:49:58 [INFO] __main__ — =======================================================
18:49:58 [INFO] __main__ — Processando: ELLIPTECINE (CHEMBL123)
18:49:58 [INFO] __main__ —   [PARCIAL] Faltando: indicacoes, mecanismos, artigos
18:49:58 [INFO] __main__ —   ADMET: ja existe, pulando.
18:49:58 [INFO] __main__ —   Bioatividades: ja existem, pulando.
18:50:03 [INFO] __main__ — =======================================================
18:50:03 [INFO] __main__ — Processando: MILTEFOSINE (CHEMBL125)
18:50:03 [INFO] __main__ —   Ja completo — pulando. (use --force para re-processar)
18:50:04 [INFO] __main__ — =======================================================
18:50:04 [INFO] __main__ — Processando: LINEZOLID (CHEMBL126)
18:50:04 [INFO] __main__ —   Ja completo — pulando. (use --force para re-processar)
18:50:05 [INFO] __main__ — =======================================================
18:50:05 [INFO] __main__ — Processando: MEROPENEM (CHEMBL127)
18:50:05 [INFO] __main__ —   Ja completo — pulando. (use --force para re-processar)
18:50:06 [INFO] __main__ — =======================================================
18:50:06 [INFO] __main__ — Processando: SUMATRIPTAN (CHEMBL128)
18:50:07 [INFO] __main__ —   Ja completo — pulando. (use --force para re-processar)
18:50:07 [INFO] __main__ — =======================================================
18:50:07 [INFO] __main__ — Processando: ZIDOVUDINE (CHEMBL129)
18:50:08 [INFO] __main__ —   Ja completo — pulando. (use --force para re-processar)
18:50:08 [INFO] __main__ — =======================================================
18:50:08 [INFO] __main__ — Processando: CHLORAMPHENICOL (CHEMBL130)
18:50:09 [INFO] __main__ —   Ja completo — pulando. (use --force para re-processar)
18:50:10 [INFO] __main__ — =======================================================
18:50:10 [INFO] __main__ — Processando: PREDNISOLONE (CHEMBL131)
18:50:10 [INFO] __main__ —   Ja completo — pulando. (use --force para re-processar)
18:50:11 [INFO] __main__ — =======================================================
18:50:11 [INFO] __main__ — Processando: CLONIDINE (CHEMBL134)
18:50:11 [INFO] __main__ —   Ja completo — pulando. (use --force para re-processar)
18:50:12 [INFO] __main__ — =======================================================
18:50:12 [INFO] __main__ — Processando: ESTRADIOL (CHEMBL135)
18:50:12 [INFO] __main__ —   Ja completo — pulando. (use --force para re-processar)
18:50:13 [INFO] __main__ — =======================================================
18:50:13 [INFO] __main__ — Processando: METRONIDAZOLE (CHEMBL137)
18:50:13 [INFO] __main__ —   Ja completo — pulando. (use --force para re-processar)
18:50:14 [INFO] __main__ — =======================================================
18:50:14 [INFO] __main__ — Processando: DICLOFENAC (CHEMBL139)
18:50:14 [INFO] __main__ —   Ja completo — pulando. (use --force para re-processar)
18:50:15 [INFO] __main__ — =======================================================
18:50:15 [INFO] __main__ — Processando: CURCUMIN (CHEMBL140)
18:50:16 [INFO] __main__ —   [PARCIAL] Faltando: mecanismos
18:50:16 [INFO] __main__ —   ADMET: ja existe, pulando.
18:50:16 [INFO] __main__ —   Bioatividades: ja existem, pulando.
18:50:16 [INFO] __main__ —   Indicacoes: ja existem, pulando.
18:50:17 [INFO] __main__ —   Artigos: ja existem, pulando.
18:50:18 [INFO] __main__ — =======================================================
18:50:18 [INFO] __main__ — Processando: LAMIVUDINE (CHEMBL141)
18:50:18 [INFO] __main__ —   Ja completo — pulando. (use --force para re-processar)
18:50:19 [INFO] __main__ — =======================================================
18:50:19 [INFO] __main__ — Processando: CAFFEIC ACID (CHEMBL145)
18:50:19 [INFO] __main__ —   [PARCIAL] Faltando: mecanismos
18:50:19 [INFO] __main__ —   ADMET: ja existe, pulando.
18:50:19 [INFO] __main__ —   Bioatividades: ja existem, pulando.
18:50:19 [INFO] __main__ —   Indicacoes: ja existem, pulando.
18:50:20 [INFO] __main__ —   Artigos: ja existem, pulando.
18:50:21 [INFO] __main__ — =======================================================
18:50:21 [INFO] __main__ — Processando: BUTYLATED HYDROXYTOLUENE (CHEMBL146)
18:50:21 [INFO] __main__ —   [PARCIAL] Faltando: mecanismos
18:50:21 [INFO] __main__ —   ADMET: ja existe, pulando.
18:50:21 [INFO] __main__ —   Bioatividades: ja existem, pulando.
18:50:21 [INFO] __main__ —   Indicacoes: ja existem, pulando.
18:50:23 [INFO] __main__ —   Artigos: ja existem, pulando.
18:50:23 [INFO] __main__ — =======================================================
18:50:23 [INFO] __main__ — Processando: IMIPENEM ANHYDROUS (CHEMBL148)
18:50:24 [INFO] __main__ —   [PARCIAL] Faltando: indicacoes, mecanismos, artigos
18:50:24 [INFO] __main__ —   ADMET: ja existe, pulando.
18:50:24 [INFO] __main__ —   Bioatividades: ja existem, pulando.
18:50:28 [INFO] __main__ — =======================================================
18:50:28 [INFO] __main__ — Processando: KAEMPFEROL (CHEMBL150)
18:50:29 [INFO] __main__ —   [PARCIAL] Faltando: mecanismos
18:50:29 [INFO] __main__ —   ADMET: ja existe, pulando.
18:50:29 [INFO] __main__ —   Bioatividades: ja existem, pulando.
18:50:29 [INFO] __main__ —   Indicacoes: ja existem, pulando.
18:50:30 [INFO] __main__ —   Artigos: ja existem, pulando.
18:50:31 [INFO] __main__ — =======================================================
18:50:31 [INFO] __main__ — Processando: LUTEOLIN (CHEMBL151)
18:50:31 [INFO] __main__ —   [PARCIAL] Faltando: indicacoes, mecanismos
18:50:31 [INFO] __main__ —   ADMET: ja existe, pulando.
18:50:31 [INFO] __main__ —   Bioatividades: ja existem, pulando.
18:50:34 [INFO] __main__ —   Artigos: ja existem, pulando.
18:50:34 [INFO] __main__ — =======================================================
18:50:34 [INFO] __main__ — Processando: CIDOFOVIR ANHYDROUS (CHEMBL152)
18:50:35 [INFO] __main__ —   [PARCIAL] Faltando: indicacoes, mecanismos, artigos
18:50:35 [INFO] __main__ —   ADMET: ja existe, pulando.
18:50:35 [INFO] __main__ —   Bioatividades: ja existem, pulando.
18:50:39 [INFO] __main__ — =======================================================
18:50:39 [INFO] __main__ — Processando: TROLOX (CHEMBL153)
18:50:40 [INFO] __main__ —   [PARCIAL] Faltando: indicacoes, mecanismos
18:50:40 [INFO] __main__ —   ADMET: ja existe, pulando.
18:50:40 [INFO] __main__ —   Bioatividades: ja existem, pulando.
18:50:42 [INFO] __main__ —   Artigos: ja existem, pulando.
18:50:43 [INFO] __main__ — =======================================================
18:50:43 [INFO] __main__ — Processando: NAPROXEN (CHEMBL154)
18:50:43 [INFO] __main__ —   Ja completo — pulando. (use --force para re-processar)
18:50:44 [INFO] __main__ — =======================================================
18:50:44 [INFO] __main__ — Processando: AZTREONAM (CHEMBL158)
18:50:44 [INFO] __main__ —   Ja completo — pulando. (use --force para re-processar)
18:50:45 [INFO] __main__ — =======================================================
18:50:45 [INFO] __main__ — Processando: VINBLASTINE (CHEMBL159)
18:50:45 [INFO] __main__ —   [PARCIAL] Faltando: mecanismos
18:50:45 [INFO] __main__ —   ADMET: ja existe, pulando.
18:50:45 [INFO] __main__ —   Bioatividades: ja existem, pulando.
18:50:45 [INFO] __main__ —   Indicacoes: ja existem, pulando.
18:50:47 [INFO] __main__ —   Artigos: ja existem, pulando.
18:50:47 [INFO] __main__ — =======================================================
18:50:47 [INFO] __main__ — Processando: CYCLOSPORINE (CHEMBL160)
18:50:48 [INFO] __main__ —   Ja completo — pulando. (use --force para re-processar)
18:50:49 [INFO] __main__ — =======================================================
18:50:49 [INFO] __main__ — Processando: CEFTRIAXONE (CHEMBL161)
18:50:49 [INFO] __main__ —   [PARCIAL] Faltando: mecanismos
18:50:49 [INFO] __main__ —   ADMET: ja existe, pulando.
18:50:49 [INFO] __main__ —   Bioatividades: ja existem, pulando.
18:50:49 [INFO] __main__ —   Indicacoes: ja existem, pulando.
18:50:50 [INFO] __main__ —   Artigos: ja existem, pulando.
18:50:51 [INFO] __main__ — =======================================================
18:50:51 [INFO] __main__ — Processando: RITONAVIR (CHEMBL163)
18:50:51 [INFO] __main__ —   Ja completo — pulando. (use --force para re-processar)
18:50:52 [INFO] __main__ — =======================================================
18:50:52 [INFO] __main__ — Processando: MYRICETIN (CHEMBL164)
18:50:53 [INFO] __main__ —   [PARCIAL] Faltando: indicacoes, mecanismos
18:50:53 [INFO] __main__ —   ADMET: ja existe, pulando.
18:50:53 [INFO] __main__ —   Bioatividades: ja existem, pulando.
18:50:55 [INFO] __main__ —   Artigos: ja existem, pulando.
18:50:56 [INFO] __main__ — =======================================================
18:50:56 [INFO] __main__ — Processando: RESVERATROL (CHEMBL165)
18:50:56 [INFO] __main__ —   [PARCIAL] Faltando: mecanismos
18:50:56 [INFO] __main__ —   ADMET: ja existe, pulando.
18:50:56 [INFO] __main__ —   Bioatividades: ja existem, pulando.
18:50:56 [INFO] __main__ —   Indicacoes: ja existem, pulando.
18:50:57 [INFO] __main__ —   Artigos: ja existem, pulando.
18:50:58 [INFO] __main__ — =======================================================
18:50:58 [INFO] __main__ — Processando: MELARSOPROL (CHEMBL166)
18:50:59 [INFO] __main__ —   [PARCIAL] Faltando: mecanismos
18:50:59 [INFO] __main__ —   ADMET: ja existe, pulando.
18:50:59 [INFO] __main__ —   Bioatividades: ja existem, pulando.
18:50:59 [INFO] __main__ —   Indicacoes: ja existem, pulando.
18:51:00 [INFO] __main__ —   Artigos: ja existem, pulando.
18:51:01 [INFO] __main__ — =======================================================
18:51:01 [INFO] __main__ — Processando: OLEANOLIC_ACID (CHEMBL168)
18:51:01 [INFO] __main__ —   [PARCIAL] Faltando: indicacoes, mecanismos
18:51:01 [INFO] __main__ —   ADMET: ja existe, pulando.
18:51:01 [INFO] __main__ —   Bioatividades: ja existem, pulando.
18:51:04 [INFO] __main__ —   Artigos: ja existem, pulando.
18:51:04 [INFO] __main__ — =======================================================
18:51:04 [INFO] __main__ — Processando: URSOLIC ACID (CHEMBL169)
18:51:05 [INFO] __main__ —   [PARCIAL] Faltando: mecanismos
18:51:05 [INFO] __main__ —   ADMET: ja existe, pulando.
18:51:05 [INFO] __main__ —   Bioatividades: ja existem, pulando.
18:51:05 [INFO] __main__ —   Indicacoes: ja existem, pulando.
18:51:06 [INFO] __main__ —   Artigos: ja existem, pulando.
18:51:07 [INFO] __main__ — =======================================================
18:51:07 [INFO] __main__ — Processando: QUININE (CHEMBL170)
18:51:07 [INFO] __main__ —   [PARCIAL] Faltando: mecanismos
18:51:07 [INFO] __main__ —   ADMET: ja existe, pulando.
18:51:07 [INFO] __main__ —   Bioatividades: ja existem, pulando.
18:51:07 [INFO] __main__ —   Indicacoes: ja existem, pulando.
18:51:09 [INFO] __main__ —   Artigos: ja existem, pulando.
18:51:09 [INFO] __main__ — =======================================================
18:51:09 [INFO] __main__ — Processando: (S,R)-MEFLOQUINE (CHEMBL172)
18:51:10 [INFO] __main__ —   [PARCIAL] Faltando: indicacoes, mecanismos
18:51:10 [INFO] __main__ —   ADMET: ja existe, pulando.
18:51:10 [INFO] __main__ —   Bioatividades: ja existem, pulando.
18:51:12 [INFO] __main__ —   Artigos: ja existem, pulando.
18:51:13 [INFO] __main__ — =======================================================
18:51:13 [INFO] __main__ — Processando: AMPICILLIN (CHEMBL174)
18:51:13 [INFO] __main__ —   Ja completo — pulando. (use --force para re-processar)
18:51:14 [INFO] __main__ — =======================================================
18:51:14 [INFO] __main__ — Processando: DEXIBUPROFEN (CHEMBL175)
18:51:14 [INFO] __main__ —   Ja completo — pulando. (use --force para re-processar)
18:51:15 [INFO] __main__ — =======================================================
18:51:15 [INFO] __main__ — Processando: BEKANAMYCIN (CHEMBL176)
18:51:16 [INFO] __main__ —   Ja completo — pulando. (use --force para re-processar)
18:51:16 [INFO] __main__ — =======================================================
18:51:16 [INFO] __main__ — Processando: AMIKACIN (CHEMBL177)
18:51:17 [INFO] __main__ —   [PARCIAL] Faltando: mecanismos
18:51:17 [INFO] __main__ —   ADMET: ja existe, pulando.
18:51:17 [INFO] __main__ —   Bioatividades: ja existem, pulando.
18:51:17 [INFO] __main__ —   Indicacoes: ja existem, pulando.
18:51:18 [INFO] __main__ —   Artigos: ja existem, pulando.
18:51:19 [INFO] __main__ — =======================================================
18:51:19 [INFO] __main__ — Processando: DAUNORUBICIN (CHEMBL178)
18:51:19 [INFO] __main__ —   Ja completo — pulando. (use --force para re-processar)
18:51:20 [INFO] __main__ — =======================================================
18:51:20 [INFO] __main__ — Processando: DIAZOXIDE (CHEMBL181)
18:51:20 [INFO] __main__ —   Ja completo — pulando. (use --force para re-processar)
18:51:21 [INFO] __main__ — =======================================================
18:51:21 [INFO] __main__ — Processando: GANCICLOVIR (CHEMBL182)
18:51:21 [INFO] __main__ —   Ja completo — pulando. (use --force para re-processar)
18:51:22 [INFO] __main__ — =======================================================
18:51:22 [INFO] __main__ — Processando: 1,3-DIPROPYL-8-CYCLOPENTYLXANTHINE [DPCPX] (CHEMBL183)
18:51:22 [INFO] __main__ —   [PARCIAL] Faltando: indicacoes, mecanismos
18:51:22 [INFO] __main__ —   ADMET: ja existe, pulando.
18:51:22 [INFO] __main__ —   Bioatividades: ja existem, pulando.
18:51:25 [INFO] __main__ —   Artigos: ja existem, pulando.
18:51:26 [INFO] __main__ — =======================================================
18:51:26 [INFO] __main__ — Processando: ACYCLOVIR (CHEMBL184)
18:51:26 [INFO] __main__ —   Ja completo — pulando. (use --force para re-processar)
18:51:27 [INFO] __main__ — =======================================================
18:51:27 [INFO] __main__ — Processando: FLUOROURACIL (CHEMBL185)
18:51:27 [INFO] __main__ —   Ja completo — pulando. (use --force para re-processar)
18:51:28 [INFO] __main__ — =======================================================
18:51:28 [INFO] __main__ — Processando: CEFEPIME (CHEMBL186)
18:51:28 [INFO] __main__ —   [PARCIAL] Faltando: mecanismos
18:51:28 [INFO] __main__ —   ADMET: ja existe, pulando.
18:51:28 [INFO] __main__ —   Bioatividades: ja existem, pulando.
18:51:28 [INFO] __main__ —   Indicacoes: ja existem, pulando.
18:51:30 [INFO] __main__ —   Artigos: ja existem, pulando.
18:51:30 [INFO] __main__ — =======================================================
18:51:30 [INFO] __main__ — Processando: WIN-552122 (CHEMBL188)
18:51:31 [INFO] __main__ —   [PARCIAL] Faltando: indicacoes, mecanismos
18:51:31 [INFO] __main__ —   ADMET: ja existe, pulando.
18:51:31 [INFO] __main__ —   Bioatividades: ja existem, pulando.
18:51:34 [INFO] __main__ —   Artigos: ja existem, pulando.
18:51:34 [INFO] __main__ — =======================================================
18:51:34 [INFO] __main__ — Processando: MILRINONE (CHEMBL189)
18:51:35 [INFO] __main__ —   [PARCIAL] Faltando: mecanismos
18:51:35 [INFO] __main__ —   ADMET: ja existe, pulando.
18:51:35 [INFO] __main__ —   Bioatividades: ja existem, pulando.
18:51:35 [INFO] __main__ —   Indicacoes: ja existem, pulando.
18:51:36 [INFO] __main__ —   Artigos: ja existem, pulando.
18:51:37 [INFO] __main__ — =======================================================
18:51:37 [INFO] __main__ — Processando: THEOPHYLLINE ANHYDROUS (CHEMBL190)
18:51:37 [INFO] __main__ —   [PARCIAL] Faltando: indicacoes, mecanismos
18:51:37 [INFO] __main__ —   ADMET: ja existe, pulando.
18:51:37 [INFO] __main__ —   Bioatividades: ja existem, pulando.
18:51:40 [INFO] __main__ —   Artigos: ja existem, pulando.
18:51:41 [INFO] __main__ — =======================================================
18:51:41 [INFO] __main__ — Processando: LOSARTAN (CHEMBL191)
18:51:41 [INFO] __main__ —   [PARCIAL] Faltando: mecanismos
18:51:41 [INFO] __main__ —   ADMET: ja existe, pulando.
18:51:41 [INFO] __main__ —   Bioatividades: ja existem, pulando.
18:51:41 [INFO] __main__ —   Indicacoes: ja existem, pulando.
18:51:43 [INFO] __main__ —   Artigos: ja existem, pulando.
18:51:43 [INFO] __main__ — =======================================================
18:51:43 [INFO] __main__ — Processando: SILDENAFIL (CHEMBL192)
18:51:44 [INFO] __main__ —   [PARCIAL] Faltando: mecanismos
18:51:44 [INFO] __main__ —   ADMET: ja existe, pulando.
18:51:44 [INFO] __main__ —   Bioatividades: ja existem, pulando.
18:51:44 [INFO] __main__ —   Indicacoes: ja existem, pulando.
18:51:45 [INFO] __main__ —   Artigos: ja existem, pulando.
18:51:46 [INFO] __main__ — =======================================================
18:51:46 [INFO] __main__ — Processando: NIFEDIPINE (CHEMBL193)
18:51:46 [INFO] __main__ —   Ja completo — pulando. (use --force para re-processar)
18:51:47 [INFO] __main__ — =======================================================
18:51:47 [INFO] __main__ — Processando: ASCORBIC ACID (CHEMBL196)
18:51:48 [INFO] __main__ —   Ja completo — pulando. (use --force para re-processar)
18:51:48 [INFO] __main__ — =======================================================
18:51:48 [INFO] __main__ — Processando: DEXVERAPAMIL (CHEMBL197)
18:51:49 [INFO] __main__ —   [PARCIAL] Faltando: indicacoes, mecanismos
18:51:49 [INFO] __main__ —   ADMET: ja existe, pulando.
18:51:49 [INFO] __main__ —   Bioatividades: ja existem, pulando.
18:51:51 [INFO] __main__ —   Artigos: ja existem, pulando.
18:51:52 [INFO] __main__ — =======================================================
18:51:52 [INFO] __main__ — Processando: SULBACTAM (CHEMBL403)
18:51:53 [INFO] __main__ —   [PARCIAL] Faltando: mecanismos
18:51:53 [INFO] __main__ —   ADMET: ja existe, pulando.
18:51:53 [INFO] __main__ —   Bioatividades: ja existem, pulando.
18:51:53 [INFO] __main__ —   Indicacoes: ja existem, pulando.
18:51:54 [INFO] __main__ —   Artigos: ja existem, pulando.
18:51:55 [INFO] __main__ — =======================================================
18:51:55 [INFO] __main__ — Processando: TAZOBACTAM (CHEMBL404)
18:51:55 [INFO] __main__ —   [PARCIAL] Faltando: mecanismos
18:51:55 [INFO] __main__ —   ADMET: ja existe, pulando.
18:51:55 [INFO] __main__ —   Bioatividades: ja existem, pulando.
18:51:55 [INFO] __main__ —   Indicacoes: ja existem, pulando.
18:51:58 [INFO] __main__ —   Artigos: ja existem, pulando.
18:51:59 [INFO] __main__ — =======================================================
18:51:59 [INFO] __main__ — Processando: AMPHETAMINE (CHEMBL405)
18:51:59 [INFO] __main__ —   Ja completo — pulando. (use --force para re-processar)
18:52:00 [INFO] __main__ — =======================================================
18:52:00 [INFO] __main__ — Processando: INDAPAMIDE (CHEMBL406)
18:52:00 [INFO] __main__ —   Ja completo — pulando. (use --force para re-processar)
18:52:01 [INFO] __main__ — =======================================================
18:52:01 [INFO] __main__ — Processando: FLUMAZENIL (CHEMBL407)
18:52:02 [INFO] __main__ —   Ja completo — pulando. (use --force para re-processar)
18:52:03 [INFO] __main__ — =======================================================
18:52:03 [INFO] __main__ — Processando: TROGLITAZONE (CHEMBL408)
18:52:03 [INFO] __main__ —   Ja completo — pulando. (use --force para re-processar)
18:52:04 [INFO] __main__ — =======================================================
18:52:04 [INFO] __main__ — Processando: BICALUTAMIDE (CHEMBL409)
18:52:04 [INFO] __main__ —   Ja completo — pulando. (use --force para re-processar)
18:52:05 [INFO] __main__ — =======================================================
18:52:05 [INFO] __main__ — Processando: DIETHYLSTILBESTROL (CHEMBL411)
18:52:05 [INFO] __main__ —   Ja completo — pulando. (use --force para re-processar)
18:52:06 [INFO] __main__ — =======================================================
18:52:06 [INFO] __main__ — Processando: SIROLIMUS (CHEMBL413)
18:52:07 [INFO] __main__ —   Ja completo — pulando. (use --force para re-processar)
18:52:07 [INFO] __main__ — =======================================================
18:52:07 [INFO] __main__ — Processando: CARZENIDE (CHEMBL414)
18:52:08 [INFO] __main__ —   [PARCIAL] Faltando: indicacoes, mecanismos
18:52:08 [INFO] __main__ —   ADMET: ja existe, pulando.
18:52:08 [INFO] __main__ —   Bioatividades: ja existem, pulando.
18:52:11 [INFO] __main__ —   Artigos: ja existem, pulando.
18:52:11 [INFO] __main__ — =======================================================
18:52:11 [INFO] __main__ — Processando: CLOMIPRAMINE (CHEMBL415)
18:52:12 [INFO] __main__ —   [PARCIAL] Faltando: mecanismos
18:52:12 [INFO] __main__ —   ADMET: ja existe, pulando.
18:52:12 [INFO] __main__ —   Bioatividades: ja existem, pulando.
18:52:12 [INFO] __main__ —   Indicacoes: ja existem, pulando.
18:52:13 [INFO] __main__ —   Artigos: ja existem, pulando.
18:52:14 [INFO] __main__ — =======================================================
18:52:14 [INFO] __main__ — Processando: METHOXSALEN (CHEMBL416)
18:52:18 [INFO] __main__ —   Ja completo — pulando. (use --force para re-processar)
18:52:19 [INFO] __main__ — =======================================================
18:52:19 [INFO] __main__ — Processando: EPIRUBICIN (CHEMBL417)
18:52:20 [INFO] __main__ —   [PARCIAL] Faltando: mecanismos
18:52:20 [INFO] __main__ —   ADMET: ja existe, pulando.
18:52:20 [INFO] __main__ —   Bioatividades: ja existem, pulando.
18:52:20 [INFO] __main__ —   Indicacoes: ja existem, pulando.
18:52:22 [INFO] __main__ —   Artigos: ja existem, pulando.
18:52:23 [INFO] __main__ — =======================================================
18:52:23 [INFO] __main__ — Processando: 2,4-DISULFAMYLTRIFLUOROMETHYLANILINE (CHEMBL418)
18:52:23 [INFO] __main__ —   [PARCIAL] Faltando: indicacoes, mecanismos, artigos
18:52:23 [INFO] __main__ —   ADMET: ja existe, pulando.
18:52:23 [INFO] __main__ —   Bioatividades: ja existem, pulando.
18:52:47 [WARNING] http_retry — Erro em https://eutils.ncbi.nlm.nih.gov/entrez/eutils/esearch.fcgi: HTTPSConnectionPool(host='eutils.ncbi.nlm.nih.gov', port=443): Max retries exceeded with url: /entrez/eutils/esearch.fcgi?db=pubmed&term=2%2C4-DISULFAMYLTRIFLUOROMETHYLANILINE%5BTitle%2FAbstract%5D&retmax=5&retmode=json (Caused by ConnectTimeoutError(<HTTPSConnection(host='eutils.ncbi.nlm.nih.gov', port=443) at 0x204cbac9450>, 'Connection to eutils.ncbi.nlm.nih.gov timed out. (connect timeout=20)')). Tentativa 1/4. Retentando em 3.0s...
18:52:57 [WARNING] http_retry — Erro em https://eutils.ncbi.nlm.nih.gov/entrez/eutils/esearch.fcgi: ('Connection aborted.', RemoteDisconnected('Remote end closed connection without response')). Tentativa 2/4. Retentando em 4.2s...
18:53:03 [INFO] __main__ — =======================================================
18:53:03 [INFO] __main__ — Processando: MAFENIDE (CHEMBL419)
18:53:04 [INFO] __main__ —   [PARCIAL] Faltando: mecanismos
18:53:04 [INFO] __main__ —   ADMET: ja existe, pulando.
18:53:04 [INFO] __main__ —   Bioatividades: ja existem, pulando.
18:53:04 [INFO] __main__ —   Indicacoes: ja existem, pulando.
18:53:05 [INFO] __main__ —   Artigos: ja existem, pulando.
18:53:07 [INFO] __main__ — =======================================================
18:53:07 [INFO] __main__ — Processando: GUANABENZ (CHEMBL420)
18:53:07 [INFO] __main__ —   [PARCIAL] Faltando: mecanismos
18:53:07 [INFO] __main__ —   ADMET: ja existe, pulando.
18:53:07 [INFO] __main__ —   Bioatividades: ja existem, pulando.
18:53:07 [INFO] __main__ —   Indicacoes: ja existem, pulando.
18:53:08 [INFO] __main__ —   Artigos: ja existem, pulando.
18:53:09 [INFO] __main__ — =======================================================
18:53:09 [INFO] __main__ — Processando: SULFASALAZINE (CHEMBL421)
18:53:10 [INFO] __main__ —   Ja completo — pulando. (use --force para re-processar)
18:53:10 [INFO] __main__ — =======================================================
18:53:10 [INFO] __main__ — Processando: TRIFLUOPERAZINE (CHEMBL422)
18:53:11 [INFO] __main__ —   [PARCIAL] Faltando: mecanismos
18:53:11 [INFO] __main__ —   ADMET: ja existe, pulando.
18:53:11 [INFO] __main__ —   Bioatividades: ja existem, pulando.
18:53:11 [INFO] __main__ —   Indicacoes: ja existem, pulando.
18:53:13 [INFO] __main__ —   Artigos: ja existem, pulando.
18:53:14 [INFO] __main__ — =======================================================
18:53:14 [INFO] __main__ — Processando: BETAXOLOL (CHEMBL423)
18:53:14 [INFO] __main__ —   [PARCIAL] Faltando: mecanismos
18:53:14 [INFO] __main__ —   ADMET: ja existe, pulando.
18:53:14 [INFO] __main__ —   Bioatividades: ja existem, pulando.
18:53:14 [INFO] __main__ —   Indicacoes: ja existem, pulando.
18:53:16 [INFO] __main__ —   Artigos: ja existem, pulando.
18:53:16 [INFO] __main__ — =======================================================
18:53:16 [INFO] __main__ — Processando: SALICYLIC ACID (CHEMBL424)
18:53:17 [INFO] __main__ —   [PARCIAL] Faltando: mecanismos
18:53:17 [INFO] __main__ —   ADMET: ja existe, pulando.
18:53:17 [INFO] __main__ —   Bioatividades: ja existem, pulando.
18:53:17 [INFO] __main__ —   Indicacoes: ja existem, pulando.
18:53:19 [INFO] __main__ —   Artigos: ja existem, pulando.
18:53:20 [INFO] __main__ — =======================================================
18:53:20 [INFO] __main__ — Processando: OLSALAZINE (CHEMBL425)
18:53:21 [INFO] __main__ —   [PARCIAL] Faltando: mecanismos
18:53:21 [INFO] __main__ —   ADMET: ja existe, pulando.
18:53:21 [INFO] __main__ —   Bioatividades: ja existem, pulando.
18:53:21 [INFO] __main__ —   Indicacoes: ja existem, pulando.
18:53:22 [INFO] __main__ —   Artigos: ja existem, pulando.
18:53:23 [INFO] __main__ — =======================================================
18:53:23 [INFO] __main__ — Processando: MECHLORETHAMINE (CHEMBL427)
18:53:23 [INFO] __main__ —   Ja completo — pulando. (use --force para re-processar)
18:53:24 [INFO] __main__ — =======================================================
18:53:24 [INFO] __main__ — Processando: TROVAFLOXACIN (CHEMBL428)
18:53:24 [INFO] __main__ —   Ja completo — pulando. (use --force para re-processar)
18:53:25 [INFO] __main__ — =======================================================
18:53:25 [INFO] __main__ — Processando: LABETALOL (CHEMBL429)
18:53:25 [INFO] __main__ —   [PARCIAL] Faltando: mecanismos
18:53:25 [INFO] __main__ —   ADMET: ja existe, pulando.
18:53:25 [INFO] __main__ —   Bioatividades: ja existem, pulando.
18:53:25 [INFO] __main__ —   Indicacoes: ja existem, pulando.
18:53:26 [INFO] __main__ —   Artigos: ja existem, pulando.
18:53:27 [INFO] __main__ — =======================================================
18:53:27 [INFO] __main__ — Processando: GEMIFLOXACIN (CHEMBL430)
18:53:28 [INFO] __main__ —   [PARCIAL] Faltando: mecanismos
18:53:28 [INFO] __main__ —   ADMET: ja existe, pulando.
18:53:28 [INFO] __main__ —   Bioatividades: ja existem, pulando.
18:53:28 [INFO] __main__ —   Indicacoes: ja existem, pulando.
18:53:29 [INFO] __main__ —   Artigos: ja existem, pulando.
18:53:29 [INFO] __main__ — =======================================================
18:53:29 [INFO] __main__ — Processando: SPIRAPRIL (CHEMBL431)
18:53:32 [INFO] __main__ —   [PARCIAL] Faltando: mecanismos
18:53:32 [INFO] __main__ —   ADMET: ja existe, pulando.
18:53:32 [INFO] __main__ —   Bioatividades: ja existem, pulando.
18:53:32 [INFO] __main__ —   Indicacoes: ja existem, pulando.
18:53:34 [INFO] __main__ —   Artigos: ja existem, pulando.
18:53:34 [INFO] __main__ — =======================================================
18:53:34 [INFO] __main__ — Processando: VALPROATE SODIUM (CHEMBL433)
18:53:35 [INFO] __main__ —   Ja completo — pulando. (use --force para re-processar)
18:53:35 [INFO] __main__ — =======================================================
18:53:35 [INFO] __main__ — Processando: ISOPROTERENOL (CHEMBL434)
18:53:36 [INFO] __main__ —   [PARCIAL] Faltando: mecanismos
18:53:36 [INFO] __main__ —   ADMET: ja existe, pulando.
18:53:36 [INFO] __main__ —   Bioatividades: ja existem, pulando.
18:53:36 [INFO] __main__ —   Indicacoes: ja existem, pulando.
18:53:37 [INFO] __main__ —   Artigos: ja existem, pulando.
18:53:38 [INFO] __main__ — =======================================================
18:53:38 [INFO] __main__ — Processando: HYDROCHLOROTHIAZIDE (CHEMBL435)
18:53:39 [INFO] __main__ —   Ja completo — pulando. (use --force para re-processar)
18:53:40 [INFO] __main__ — =======================================================
18:53:40 [INFO] __main__ — Processando: TOLRESTAT (CHEMBL436)
18:53:40 [INFO] __main__ —   Ja completo — pulando. (use --force para re-processar)
