18:45:44 [INFO] db — Banco de dados: localhost/chembl_pubmed (ssl=off)
18:45:44 [INFO] __main__ — Log salvo em: C:\Users\Israel Neto\Desktop\DrugXpert\chembl-pubmed-db\populate\logs\populate_2026-04-22_18h45.log
18:45:44 [INFO] __main__ — Compostos: 52
18:45:44 [INFO] __main__ — Conectando ao banco de dados...
18:45:44 [INFO] __main__ — =======================================================
18:45:44 [INFO] __main__ — Processando: Aspirin (CHEMBL25)
18:45:44 [INFO] __main__ —   Ja completo — pulando. (use --force para re-processar)
18:45:44 [INFO] __main__ — =======================================================
18:45:44 [INFO] __main__ — Processando: Ibuprofen (CHEMBL521)
18:45:44 [INFO] __main__ —   Ja completo — pulando. (use --force para re-processar)
18:45:45 [INFO] __main__ — =======================================================
18:45:45 [INFO] __main__ — Processando: Paracetamol (CHEMBL112)
18:45:45 [INFO] __main__ —   Ja completo — pulando. (use --force para re-processar)
18:45:45 [INFO] __main__ — =======================================================
18:45:45 [INFO] __main__ — Processando: Naproxen (CHEMBL154)
18:45:45 [INFO] __main__ —   Ja completo — pulando. (use --force para re-processar)
18:45:46 [INFO] __main__ — =======================================================
18:45:46 [INFO] __main__ — Processando: Meloxicam (CHEMBL599)
18:45:46 [INFO] __main__ —   [NOVO]
18:45:48 [INFO] __main__ —   Composto: MELOXICAM | MW=351.41 | Formula=C14H13N3O4S2
18:45:48 [INFO] __main__ —   ADMET: QED=0.86 | aLogP=1.95 | PSA=99.60 | Ro5=0 violacoes
18:45:51 [INFO] __main__ —   Bioatividade: ED50 = 0.28 mg kg-1 day-1 -> Rattus norvegicus (Rattus norvegicus)
18:45:52 [INFO] __main__ —   Bioatividade: Inhibition = 77.0 % -> Prostaglandin G/H synthase 2 (Homo sapiens)
18:45:54 [INFO] __main__ —   Bioatividade: Inhibition = 39.0 % -> Prostaglandin G/H synthase 1 (Homo sapiens)
18:45:56 [INFO] __main__ —   Indicacoes: 17 total | 4 aprovadas | ex: Pain
18:45:57 [INFO] __main__ —   Mecanismos: 1 | tipos: INHIBITOR
18:46:00 [INFO] pubmed_client —   efetch: 5/5 artigos parseados | 4 com abstract
18:46:00 [INFO] __main__ —   [41992868] abstract OK | 0 MeSH | 11 keywords | Journal Article
18:46:00 [INFO] __main__ —     Analgesic Modulation of Neuroendocrine and Region-Specific Neuropatholog...
18:46:00 [INFO] __main__ —     Blast-induced traumatic brain injury is a significant health concern among military personnel and ci...
18:46:00 [INFO] __main__ —   [41962800] abstract OK | 0 MeSH | 6 keywords | Journal Article
18:46:00 [INFO] __main__ —     A global survey of attitudes and practices of veterinarians about pain m...
18:46:00 [INFO] __main__ —     This study investigated attitudes and practices of veterinarians regarding feline pain management an...
18:46:00 [INFO] __main__ —   [41958715] abstract OK | 0 MeSH | 5 keywords | Journal Article
18:46:00 [INFO] __main__ —     Blended reactions and angioedema are common in patients with cross-react...
18:46:00 [INFO] __main__ —     Background: The European Academy of Allergology and Clinical Immunology (EAACI)/The Global Allergy a...
18:46:00 [INFO] __main__ —   [41957190] sem abstract | 0 MeSH | 5 keywords | Journal Article
18:46:00 [INFO] __main__ —     Do successive intra-articular injections of tenoxicam or meloxicam affec...
18:46:00 [INFO] __main__ —   [41952911] abstract OK | 0 MeSH | 6 keywords | Journal Article
18:46:00 [INFO] __main__ —     Efficacy of tenoxicam for postoperative dental pain: a systematic review...
18:46:00 [INFO] __main__ —     Postoperative pain commonly follows dental procedures, and appropriate analgesic selection plays a c...
18:46:00 [INFO] __main__ — =======================================================
18:46:00 [INFO] __main__ — Processando: Tramadol (CHEMBL1237044)
18:46:00 [INFO] __main__ —   [NOVO]
18:46:03 [INFO] __main__ —   Composto: TRAMADOL | MW=263.38 | Formula=C16H25NO2
18:46:03 [INFO] __main__ —   ADMET: QED=0.91 | aLogP=2.63 | PSA=32.70 | Ro5=0 violacoes
18:46:08 [INFO] __main__ —   Bioatividade: Ki = 2.0 uM -> Mu-type opioid receptor (Homo sapiens)
18:46:10 [INFO] __main__ —   Bioatividade: logD = 0.85 None -> No relevant target (None)
18:46:11 [INFO] __main__ —   Bioatividade: delta logD = -0.9 None -> ADMET (None)
18:46:13 [INFO] __main__ —   Indicacoes: 20 total | 1 aprovadas | ex: Wounds and Injuries
18:46:20 [INFO] pubmed_client —   efetch: 5/5 artigos parseados | 5 com abstract
18:46:20 [INFO] __main__ —   [42015888] abstract OK | 0 MeSH | 5 keywords | Journal Article
18:46:20 [INFO] __main__ —     Real World Treatment Patterns Among Patients with Painful Diabetic Perip...
18:46:20 [INFO] __main__ —     Objective: This study analyzes real-world treatment patterns among patients newly initiating treatme...
18:46:20 [INFO] __main__ —   [42015656] abstract OK | 0 MeSH | 4 keywords | Journal Article
18:46:20 [INFO] __main__ —     Efficacy and Safety of Dorsal Root Ganglion Pulse Radiofrequency Combine...
18:46:20 [INFO] __main__ —     Objectives: To explore the efficacy and safety of pulsed radiofrequency combined with sympathetic ra...
18:46:20 [INFO] __main__ —   [42010288] abstract OK | 5 MeSH | 4 keywords | Journal Article
18:46:20 [INFO] __main__ —     Development and validation of ratio spectra manipulation methods for the...
18:46:20 [INFO] __main__ —     Two simple and selective spectrophotometric methods, ratio difference and derivative ratio, were dev...
18:46:20 [INFO] __main__ —   [42007940] abstract OK | 0 MeSH | 8 keywords | Journal Article
18:46:20 [INFO] __main__ —     Acute pharmaceutical poisoning as a cause of seizure events: a database ...
18:46:20 [INFO] __main__ —     Introduction: Supratherapeutic exposures to pharmaceuticals are a considerable cause of seizures, of...
18:46:20 [INFO] __main__ —   [42006673] abstract OK | 0 MeSH | 0 keywords | Journal Article
18:46:20 [INFO] __main__ —     The efficacy and safety of short-acting, full agonist opioids for sympto...
18:46:20 [INFO] __main__ —     Introduction: Patients with opioid use disorder often have undertreated withdrawal while in hospital...
18:46:21 [INFO] __main__ — =======================================================
18:46:21 [INFO] __main__ — Processando: Caffeine (CHEMBL113)
18:46:21 [INFO] __main__ —   Ja completo — pulando. (use --force para re-processar)
18:46:21 [INFO] __main__ — =======================================================
18:46:21 [INFO] __main__ — Processando: Diazepam (CHEMBL12)
18:46:21 [INFO] __main__ —   Ja completo — pulando. (use --force para re-processar)
18:46:22 [INFO] __main__ — =======================================================
18:46:22 [INFO] __main__ — Processando: Alprazolam (CHEMBL661)
18:46:22 [INFO] __main__ —   [NOVO]
18:46:23 [INFO] __main__ —   Composto: ALPRAZOLAM | MW=308.77 | Formula=C17H13ClN4
18:46:23 [INFO] __main__ —   ADMET: QED=0.69 | aLogP=3.58 | PSA=43.07 | Ro5=0 violacoes
18:46:26 [INFO] __main__ —   Bioatividade: Vdss = 0.72 l kg-1 -> ADMET (None)
18:46:28 [INFO] __main__ —   Indicacoes: 17 total | 5 aprovadas | ex: Panic Disorder
18:46:29 [INFO] __main__ —   Mecanismos: 1 | tipos: POSITIVE ALLOSTERIC MODULATOR
18:46:32 [INFO] pubmed_client —   efetch: 5/5 artigos parseados | 5 com abstract
18:46:32 [INFO] __main__ —   [41996628] abstract OK | 0 MeSH | 0 keywords | Journal Article
18:46:32 [INFO] __main__ —     Alprazolam reduces inflammatory cytokine production in pancreatic cancer...
18:46:32 [INFO] __main__ —     Pancreatic ductal adenocarcinoma (PDAC) diagnoses are often accompanied by a number of physical and ...
18:46:32 [INFO] __main__ —   [41992411] abstract OK | 0 MeSH | 7 keywords | Journal Article
18:46:32 [INFO] __main__ —     Insights from a six-year hair drug analysis compendium in drug-facilitat...
18:46:32 [INFO] __main__ —     Hair analysis is a well-established matrix in forensic toxicology, offering a valuable alternative o...
18:46:32 [INFO] __main__ —   [41991369] abstract OK | 0 MeSH | 6 keywords | Journal Article
18:46:32 [INFO] __main__ —     Pharmacotherapeutic interventions to improve postoperative sleep quality...
18:46:32 [INFO] __main__ —     Background: Postoperative sleep impairment is common in older adult patients and is associated with ...
18:46:32 [INFO] __main__ —   [41981935] abstract OK | 0 MeSH | 11 keywords | Journal Article
18:46:32 [INFO] __main__ —     Insights from a 6-year hair drug analysis compendium in drug-facilitated...
18:46:32 [INFO] __main__ —     Drug-facilitated sexual assault (DFSA) may involve a diverse array of substances, including illicit ...
18:46:32 [INFO] __main__ —   [41978714] abstract OK | 0 MeSH | 0 keywords | Case Reports
18:46:32 [INFO] __main__ —     BRASH syndrome in a patient with coexisting anxiety disorder and long-te...
18:46:32 [INFO] __main__ —     Background: BRASH syndrome represents a constellation of symptoms characterized by bradycardia, rena...
18:46:32 [INFO] __main__ — =======================================================
18:46:32 [INFO] __main__ — Processando: Morphine (CHEMBL70)
18:46:32 [INFO] __main__ —   [PARCIAL] Faltando: mecanismos
18:46:32 [INFO] __main__ —   ADMET: ja existe, pulando.
18:46:32 [INFO] __main__ —   Bioatividades: ja existem, pulando.
18:46:32 [INFO] __main__ —   Indicacoes: ja existem, pulando.
18:46:34 [INFO] __main__ —   Artigos: ja existem, pulando.
18:46:35 [INFO] __main__ — =======================================================
18:46:35 [INFO] __main__ — Processando: Fluoxetine (CHEMBL41)
18:46:35 [INFO] __main__ —   [PARCIAL] Faltando: mecanismos
18:46:35 [INFO] __main__ —   ADMET: ja existe, pulando.
18:46:35 [INFO] __main__ —   Bioatividades: ja existem, pulando.
18:46:35 [INFO] __main__ —   Indicacoes: ja existem, pulando.
18:46:37 [INFO] __main__ —   Artigos: ja existem, pulando.
18:46:38 [INFO] __main__ — =======================================================
18:46:38 [INFO] __main__ — Processando: Sertraline (CHEMBL809)
18:46:38 [INFO] __main__ —   [PARCIAL] Faltando: mecanismos
18:46:38 [INFO] __main__ —   ADMET: ja existe, pulando.
18:46:38 [INFO] __main__ —   Bioatividades: ja existem, pulando.
18:46:38 [INFO] __main__ —   Indicacoes: ja existem, pulando.
18:46:39 [INFO] __main__ —   Artigos: ja existem, pulando.
18:46:39 [INFO] __main__ — =======================================================
18:46:39 [INFO] __main__ — Processando: Levodopa (CHEMBL1009)
18:46:39 [INFO] __main__ —   [NOVO]
18:46:41 [INFO] __main__ —   Composto: LEVODOPA | MW=197.19 | Formula=C9H11NO4
18:46:41 [INFO] __main__ —   ADMET: QED=0.51 | aLogP=0.05 | PSA=103.78 | Ro5=0 violacoes
18:46:44 [INFO] __main__ —   Bioatividade: IC50 = 900.0 uM -> Epidermal growth factor receptor (Homo sapiens)
18:46:49 [INFO] __main__ —   Bioatividade: Peff = 3.4 None -> Homo sapiens (Homo sapiens)
18:46:51 [INFO] __main__ —   Bioatividade: pKa = 12.73 None -> No relevant target (None)
18:46:53 [INFO] __main__ —   Indicacoes: 27 total | 1 aprovadas | ex: Cocaine-Related Disorders
18:46:54 [INFO] __main__ —   Mecanismos: 1 | tipos: AGONIST
18:46:57 [INFO] pubmed_client —   efetch: 5/5 artigos parseados | 4 com abstract
18:46:57 [INFO] __main__ —   [42016531] abstract OK | 0 MeSH | 5 keywords | Journal Article
18:46:57 [INFO] __main__ —     Opicapone in Parkinson's patients with motor fluctuations: clinical asse...
18:46:57 [INFO] __main__ —     Introduction: This study evaluated treatment outcomes of opicapone when used as add-on to levodopa i...
18:46:57 [INFO] __main__ —   [42016530] abstract OK | 0 MeSH | 4 keywords | Journal Article
18:46:57 [INFO] __main__ —     Patterns of weariness-related symptoms in Parkinson's disease: impact of...
18:46:57 [INFO] __main__ —     Background: Weariness-related symptoms (WRS), i.e. fatigue, daytime sleepiness, and sleep problems a...
18:46:57 [INFO] __main__ —   [42015463] abstract OK | 0 MeSH | 5 keywords | Journal Article
18:46:57 [INFO] __main__ —     Sex Differences in Levodopa-Sparing Effect of Safinamide: Post-hoc Findi...
18:46:57 [INFO] __main__ —     Background: Female sex increases the risk of levodopa-induced dyskinesias in Parkinson's disease (PD...
18:46:57 [INFO] __main__ —   [42014471] sem abstract | 0 MeSH | 6 keywords | Journal Article
18:46:57 [INFO] __main__ —     Impact of catechol-O-methyltransferase inhibition on plasma homocysteine...
18:46:57 [INFO] __main__ —   [42013818] abstract OK | 0 MeSH | 5 keywords | Journal Article
18:46:57 [INFO] __main__ —     Levodopa-associated shifts in motor asymmetry and axial burden in Parkin...
18:46:57 [INFO] __main__ —     Background: Motor asymmetry and axial symptoms represent partially distinct dimensions of the Parkin...
18:46:57 [INFO] __main__ — =======================================================
18:46:57 [INFO] __main__ — Processando: Donepezil (CHEMBL502)
18:46:57 [INFO] __main__ —   [NOVO]
18:46:59 [INFO] __main__ —   Composto: DONEPEZIL | MW=379.50 | Formula=C24H29NO3
18:46:59 [INFO] __main__ —   ADMET: QED=0.75 | aLogP=4.36 | PSA=38.77 | Ro5=0 violacoes
18:47:02 [INFO] __main__ —   Bioatividade: Ki = 2.9 nM -> Acetylcholinesterase (Bos taurus)
18:47:04 [INFO] __main__ —   Bioatividade: Ki = 640.0 nM -> Butyrylcholinesterase (Equus caballus)
18:47:06 [INFO] __main__ —   Bioatividade: IC50 = 1.7 nM -> Acetylcholinesterase (Rattus norvegicus)
18:47:08 [INFO] __main__ —   Bioatividade: IC50 = 2.33 nM -> Acetylcholinesterase (Homo sapiens)
18:47:09 [INFO] __main__ —   Bioatividade: IC50 = 9.2 nM -> Acetylcholinesterase (Electrophorus electricus)
18:47:11 [INFO] __main__ —   Indicacoes: 27 total | 1 aprovadas | ex: Skin Diseases
18:47:16 [INFO] pubmed_client —   efetch: 5/5 artigos parseados | 5 com abstract
18:47:16 [INFO] __main__ —   [42015633] abstract OK | 15 MeSH | 6 keywords | English Abstract
18:47:16 [INFO] __main__ —     [Mechanism of electroacupuncture in alleviating learning and memory impa...
18:47:16 [INFO] __main__ —     Objectives: To observe the effect of electroacupuncture (EA) on the insulin receptor substrate (IRS)...
18:47:16 [INFO] __main__ —   [42006158] abstract OK | 0 MeSH | 5 keywords | Journal Article
18:47:16 [INFO] __main__ —     Nose-to-brain delivery of donepezil within a small dose improves bioavai...
18:47:16 [INFO] __main__ —     Oral administration of donepezil (Don) is the first-line medication for Alzheimer's disease (AD); ho...
18:47:16 [INFO] __main__ —   [42004570] abstract OK | 0 MeSH | 10 keywords | Journal Article
18:47:16 [INFO] __main__ —     Stingless bee honey alleviates cognitive deficits and hippocampal neurod...
18:47:16 [INFO] __main__ —     Stingless bee honey (SBH), widely consumed in Southeast Asia, is traditionally valued for its medici...
18:47:16 [INFO] __main__ —   [42003125] abstract OK | 0 MeSH | 5 keywords | Journal Article
18:47:16 [INFO] __main__ —     Potassium Channelopathies and Precision Medicine Approaches in Epilepsy:...
18:47:16 [INFO] __main__ —     Objective: This systematic review aimed to summarize recent progress in precision medicine for all s...
18:47:16 [INFO] __main__ —   [41989444] abstract OK | 14 MeSH | 0 keywords | Journal Article
18:47:16 [INFO] __main__ —     Comparison of the effect of donepezil and a combination of donepezil and...
18:47:16 [INFO] __main__ —     This study investigated the effects of donepezil and a combination of donepezil and mefloquine (THN2...
18:47:16 [INFO] __main__ — =======================================================
18:47:16 [INFO] __main__ — Processando: Gabapentin (CHEMBL940)
18:47:16 [INFO] __main__ —   [NOVO]
18:47:20 [INFO] __main__ —   Composto: GABAPENTIN | MW=171.24 | Formula=C9H17NO2
18:47:20 [INFO] __main__ —   ADMET: QED=0.67 | aLogP=1.37 | PSA=63.32 | Ro5=0 violacoes
18:47:23 [INFO] __main__ —   Bioatividade: Activity = 178.0 None -> Unchecked (None)
18:47:25 [INFO] __main__ —   Bioatividade: PWT = 2.23 g -> Rattus norvegicus (Rattus norvegicus)
18:47:26 [INFO] __main__ —   Indicacoes: 67 total | 5 aprovadas | ex: Sleep Initiation and Maintenance Disorders
18:47:28 [INFO] __main__ —   Mecanismos: 1 | tipos: MODULATOR
18:47:30 [INFO] pubmed_client —   efetch: 5/5 artigos parseados | 5 com abstract
18:47:30 [INFO] __main__ —   [42015888] abstract OK | 0 MeSH | 5 keywords | Journal Article
18:47:30 [INFO] __main__ —     Real World Treatment Patterns Among Patients with Painful Diabetic Perip...
18:47:30 [INFO] __main__ —     Objective: This study analyzes real-world treatment patterns among patients newly initiating treatme...
18:47:30 [INFO] __main__ —   [42009285] abstract OK | 0 MeSH | 7 keywords | Journal Article
18:47:30 [INFO] __main__ —     Pharmacologic and Neurodynamic Interventions for Carpal Tunnel Syndrome:...
18:47:30 [INFO] __main__ —     Objective: To compare the short-term effects of pharmacologic treatment and manual neurodynamic ther...
18:47:30 [INFO] __main__ —   [42003125] abstract OK | 0 MeSH | 5 keywords | Journal Article
18:47:30 [INFO] __main__ —     Potassium Channelopathies and Precision Medicine Approaches in Epilepsy:...
18:47:30 [INFO] __main__ —     Objective: This systematic review aimed to summarize recent progress in precision medicine for all s...
18:47:30 [INFO] __main__ —   [42000213] abstract OK | 0 MeSH | 6 keywords | Journal Article
18:47:30 [INFO] __main__ —     Treatment patterns of agitation associated with Alzheimer's dementia (AA...
18:47:30 [INFO] __main__ —     Objectives: Explore treatment patterns of Canadian patients with AAD to understand variability in cl...
18:47:30 [INFO] __main__ —   [41999556] abstract OK | 0 MeSH | 5 keywords | Journal Article
18:47:30 [INFO] __main__ —     Impact of Selumetinib on Long-Term Pain Medication Utilization in Pediat...
18:47:30 [INFO] __main__ —     Introduction: Neurofibromatosis type 1 (NF1) is a heterogeneous, multisystem genetic condition assoc...
18:47:31 [INFO] __main__ — =======================================================
18:47:31 [INFO] __main__ — Processando: Pregabalin (CHEMBL1059)
18:47:31 [INFO] __main__ —   [NOVO]
18:47:32 [INFO] __main__ —   Composto: PREGABALIN | MW=159.23 | Formula=C8H17NO2
18:47:32 [INFO] __main__ —   ADMET: QED=0.63 | aLogP=1.08 | PSA=63.32 | Ro5=0 violacoes
18:47:34 [INFO] __main__ —   Bioatividade: PWT = 3.43 g -> Rattus norvegicus (Rattus norvegicus)
18:47:36 [INFO] __main__ —   Bioatividade: ED50 = 20.0 mg kg-1 -> Mus musculus (Mus musculus)
18:47:37 [INFO] __main__ —   Bioatividade: IC50 = 37.0 nM -> Unchecked (None)
18:47:39 [INFO] __main__ —   Indicacoes: 58 total | 10 aprovadas | ex: Fibromyalgia
18:47:41 [INFO] __main__ —   Mecanismos: 1 | tipos: MODULATOR
18:47:44 [INFO] pubmed_client —   efetch: 5/5 artigos parseados | 4 com abstract
18:47:44 [INFO] __main__ —   [42017697] abstract OK | 0 MeSH | 7 keywords | Journal Article
18:47:44 [INFO] __main__ —     Refractory Neuropathic Pain With Escalating Opioid Requirements and Keta...
18:47:44 [INFO] __main__ —     BackgroundHospice patients with advanced degenerative spine disease frequently experience refractory...
18:47:44 [INFO] __main__ —   [42015888] abstract OK | 0 MeSH | 5 keywords | Journal Article
18:47:44 [INFO] __main__ —     Real World Treatment Patterns Among Patients with Painful Diabetic Perip...
18:47:44 [INFO] __main__ —     Objective: This study analyzes real-world treatment patterns among patients newly initiating treatme...
18:47:44 [INFO] __main__ —   [42012663] abstract OK | 0 MeSH | 6 keywords | Journal Article
18:47:44 [INFO] __main__ —     7-Hydroxyflavone mitigates partial sciatic nerve ligation-induced neurop...
18:47:44 [INFO] __main__ —     Chronic neuropathic pain is a common and widely recognized pain syndrome that remains difficult to m...
18:47:44 [INFO] __main__ —   [42009917] sem abstract | 0 MeSH | 6 keywords | Journal Article
18:47:44 [INFO] __main__ —     Combination of dexamethasone and pregabalin for postoperative pain after...
18:47:44 [INFO] __main__ —   [42007099] abstract OK | 0 MeSH | 6 keywords | Journal Article
18:47:44 [INFO] __main__ —     Pregabalin plus celecoxib for knee osteoarthritis: impact on pain, knee ...
18:47:44 [INFO] __main__ —     Objective: Focusing on knee osteoarthritis (KOA) patients, we explore the impact of pregabalin plus ...
18:47:44 [INFO] __main__ — =======================================================
18:47:44 [INFO] __main__ — Processando: Haloperidol (CHEMBL54)
18:47:44 [INFO] __main__ —   [NOVO]
18:47:46 [INFO] __main__ —   Composto: HALOPERIDOL | MW=375.87 | Formula=C21H23ClFNO2
18:47:46 [INFO] __main__ —   ADMET: QED=0.76 | aLogP=4.43 | PSA=40.54 | Ro5=0 violacoes
18:47:49 [INFO] __main__ —   Bioatividade: IC50 = 3.1 nM -> D(2) dopamine receptor (Rattus norvegicus)
18:47:50 [INFO] __main__ —   Bioatividade: IC50 = 19.0 nM -> Adrenergic receptor alpha (Rattus norvegicus)
18:47:52 [INFO] __main__ —   Bioatividade: IC50 = 1000.0 nM -> 5-hydroxytryptamine receptor 1A (Rattus norvegicus)
18:47:54 [INFO] __main__ —   Bioatividade: IC50 = 56.0 nM -> Serotonin 2 (5-HT2) receptor (Rattus norvegicus)
18:48:00 [INFO] __main__ —   Bioatividade: ED50 = 0.12 mg kg-1 -> Rattus norvegicus (Rattus norvegicus)
18:48:01 [INFO] __main__ —   Indicacoes: 23 total | 7 aprovadas | ex: Psychotic Disorders
18:48:02 [INFO] __main__ —   Mecanismos: 2 | tipos: ANTAGONIST, INVERSE AGONIST
18:48:05 [INFO] pubmed_client —   efetch: 5/5 artigos parseados | 5 com abstract
18:48:05 [INFO] __main__ —   [42005633] abstract OK | 0 MeSH | 5 keywords | Journal Article
18:48:05 [INFO] __main__ —     Identifying High-Risk Medications for Drug-Induced Dystonia: A 20-Year R...
18:48:05 [INFO] __main__ —     Background and aims: Drug-induced dystonia is a serious, potentially disabling adverse event (AE) as...
18:48:05 [INFO] __main__ —   [42003265] abstract OK | 0 MeSH | 7 keywords | Journal Article
18:48:05 [INFO] __main__ —     Implementation of a Standardized Management Algorithm for Cannabis Hyper...
18:48:05 [INFO] __main__ —     Objectives: Cannabis hyperemesis syndrome (CHS) is an increasingly common cause of pediatric emergen...
18:48:05 [INFO] __main__ —   [41993592] abstract OK | 0 MeSH | 8 keywords | Journal Article
18:48:05 [INFO] __main__ —     PsychoPharm aggregated risk score (PARS): a multidimensional tool to fla...
18:48:05 [INFO] __main__ —     Introduction: Psychiatric outpatients frequently receive complex, long-term regimens where polypharm...
18:48:05 [INFO] __main__ —   [41991716] abstract OK | 0 MeSH | 0 keywords | Journal Article
18:48:05 [INFO] __main__ —     Sterol pathway disruption in pregnancy: a link to autism....
18:48:05 [INFO] __main__ —     Cholesterol is a vital molecule, especially during embryonic development. Disruption of the choleste...
18:48:05 [INFO] __main__ —   [41988596] abstract OK | 0 MeSH | 6 keywords | Case Reports
18:48:05 [INFO] __main__ —     Acute Laryngeal Dystonia Following Haloperidol Administration: Early Rec...
18:48:05 [INFO] __main__ —     Acute laryngeal dystonia (ALD) is a rare but potentially fatal extrapyramidal adverse effect of high...
18:48:06 [INFO] __main__ — =======================================================
18:48:06 [INFO] __main__ — Processando: Quetiapine (CHEMBL716)
18:48:06 [INFO] __main__ —   [NOVO]
18:48:07 [INFO] __main__ —   Composto: QUETIAPINE | MW=383.52 | Formula=C21H25N3O2S
18:48:07 [INFO] __main__ —   ADMET: QED=0.80 | aLogP=2.86 | PSA=48.30 | Ro5=0 violacoes
18:48:10 [INFO] __main__ —   Bioatividade: IC50 = 330.0 nM -> D(2) dopamine receptor (Rattus norvegicus)
18:48:11 [INFO] __main__ —   Bioatividade: Activity = 15.0 None -> Mus musculus (Mus musculus)
18:48:13 [INFO] __main__ —   Indicacoes: 30 total | 2 aprovadas | ex: Psychotic Disorders
18:48:18 [INFO] pubmed_client —   efetch: 5/5 artigos parseados | 4 com abstract
18:48:18 [INFO] __main__ —   [42015049] sem abstract | 0 MeSH | 4 keywords | Journal Article
18:48:18 [INFO] __main__ —     Comparative efficacy of lithium carbonate loading dose versus standard d...
18:48:18 [INFO] __main__ —   [42010884] abstract OK | 0 MeSH | 4 keywords | Journal Article
18:48:18 [INFO] __main__ —     Drug-Associated Ketoacidosis: A Comprehensive Disproportionality Analysi...
18:48:18 [INFO] __main__ —     Objective: Ketoacidosis is a critical adverse event requiring close clinical monitoring. Based on th...
18:48:18 [INFO] __main__ —   [42007940] abstract OK | 0 MeSH | 8 keywords | Journal Article
18:48:18 [INFO] __main__ —     Acute pharmaceutical poisoning as a cause of seizure events: a database ...
18:48:18 [INFO] __main__ —     Introduction: Supratherapeutic exposures to pharmaceuticals are a considerable cause of seizures, of...
18:48:18 [INFO] __main__ —   [42001215] abstract OK | 0 MeSH | 5 keywords | Journal Article
18:48:18 [INFO] __main__ —     Polypharmacy and Drug-Drug Interactions in Long-Term Care Facilities res...
18:48:18 [INFO] __main__ —     Background: Medication prescribing in Long-Term Care Facilities (LTCFs) is characterised by widespre...
18:48:18 [INFO] __main__ —   [42000213] abstract OK | 0 MeSH | 6 keywords | Journal Article
18:48:18 [INFO] __main__ —     Treatment patterns of agitation associated with Alzheimer's dementia (AA...
18:48:18 [INFO] __main__ —     Objectives: Explore treatment patterns of Canadian patients with AAD to understand variability in cl...
18:48:18 [INFO] __main__ — =======================================================
18:48:18 [INFO] __main__ — Processando: Zolpidem (CHEMBL911)
18:48:18 [INFO] __main__ —   [NOVO]
18:48:22 [INFO] __main__ —   Composto: ZOLPIDEM | MW=307.40 | Formula=C19H21N3O
18:48:22 [INFO] __main__ —   ADMET: QED=0.74 | aLogP=3.25 | PSA=37.61 | Ro5=0 violacoes
18:48:25 [INFO] __main__ —   Bioatividade: Ki = 19.0 nM -> GABA-A receptor; alpha-1/beta-2/gamma-2 (Rattus norvegicus)
18:48:27 [INFO] __main__ —   Bioatividade: Ki = 400.0 nM -> GABA A receptor alpha-3/beta-2/gamma-2 (Rattus norvegicus)
18:48:28 [INFO] __main__ —   Bioatividade: Ki = 10000.0 nM -> Unchecked (None)
18:48:30 [INFO] __main__ —   Bioatividade: Ki = 10000.0 nM -> GABA A receptor alpha-6/beta-2/gamma-2 (Rattus norvegicus)
18:48:31 [INFO] __main__ —   Indicacoes: 15 total | 0 aprovadas | ex: Prostatic Neoplasms
18:48:35 [INFO] pubmed_client —   efetch: 5/5 artigos parseados | 5 com abstract
18:48:35 [INFO] __main__ —   [42008598] abstract OK | 0 MeSH | 4 keywords | Journal Article
18:48:35 [INFO] __main__ —     Drug-associated road traffic accidents: insights from an analysis of the...
18:48:35 [INFO] __main__ —     Objective: Drug-related road traffic accidents (RTAs) represent a significant public health concern,...
18:48:35 [INFO] __main__ —   [42000648] abstract OK | 0 MeSH | 7 keywords | Journal Article
18:48:35 [INFO] __main__ —     Molecular docking and molecular dynamics simulations of compounds target...
18:48:35 [INFO] __main__ —     The gamma-aminobutyric acid type A (GABAA) receptor is the primary mediator of inhibitory neurotrans...
18:48:35 [INFO] __main__ —   [41991369] abstract OK | 0 MeSH | 6 keywords | Journal Article
18:48:35 [INFO] __main__ —     Pharmacotherapeutic interventions to improve postoperative sleep quality...
18:48:35 [INFO] __main__ —     Background: Postoperative sleep impairment is common in older adult patients and is associated with ...
18:48:35 [INFO] __main__ —   [41991107] abstract OK | 0 MeSH | 10 keywords | Journal Article
18:48:35 [INFO] __main__ —     Evaluating the Utility of Melatonin in Spine Surgery: A Systematic Revie...
18:48:35 [INFO] __main__ —     Background: Spine surgery is increasingly performed worldwide, and acute postoperative stressors suc...
18:48:35 [INFO] __main__ —   [41990432] abstract OK | 0 MeSH | 6 keywords | Case Reports
18:48:35 [INFO] __main__ —     Juvenile patricide by a female: Autopsy case report and literature revie...
18:48:35 [INFO] __main__ —     Parricide refers to the act of murdering one's father, mother, or a close relative without involving...
18:48:35 [INFO] __main__ — =======================================================
18:48:35 [INFO] __main__ — Processando: Lithium carbonate (CHEMBL1200826)
18:48:35 [INFO] __main__ —   [NOVO]
18:48:37 [INFO] __main__ —   Composto: LITHIUM CARBONATE | MW=73.89 | Formula=CLi2O3
18:48:37 [INFO] __main__ —   ADMET: QED=? | aLogP=? | PSA=? | Ro5=0 violacoes
18:48:40 [INFO] __main__ —   Bioatividade: Vdss = 0.62 L/kg -> ADMET (None)
18:48:44 [INFO] __main__ —   Bioatividade: fu = 1.0 None -> NON-PROTEIN TARGET (None)
18:48:46 [INFO] __main__ —   Indicacoes: 43 total | 4 aprovadas | ex: Small Cell Lung Carcinoma
18:48:47 [INFO] __main__ —   Mecanismos: 2 | tipos: INHIBITOR
18:48:50 [INFO] pubmed_client —   efetch: 5/5 artigos parseados | 4 com abstract
18:48:50 [INFO] __main__ —   [42016511] abstract OK | 0 MeSH | 0 keywords | Journal Article
18:48:50 [INFO] __main__ —     Chemical Vapor Transformation of Lithium Carbonate during Plasma-Assiste...
18:48:50 [INFO] __main__ —     The research on interface engineering in Li-ion batteries by atomic layer deposition (ALD) is presen...
18:48:50 [INFO] __main__ —   [42015338] abstract OK | 14 MeSH | 4 keywords | Journal Article
18:48:50 [INFO] __main__ —     No Evidence of Moderated Impulsivity Following Administration of the IMP...
18:48:50 [INFO] __main__ —     Objective: Impulsivity is a transdiagnostic risk factor for numerous health morbidities and is stron...
18:48:50 [INFO] __main__ —   [42015049] sem abstract | 0 MeSH | 4 keywords | Journal Article
18:48:50 [INFO] __main__ —     Comparative efficacy of lithium carbonate loading dose versus standard d...
18:48:50 [INFO] __main__ —   [42011643] abstract OK | 0 MeSH | 6 keywords | Journal Article
18:48:50 [INFO] __main__ —     Effects of Surface Contaminants Inherited from Lithium Sources on the El...
18:48:50 [INFO] __main__ —     Ultrahigh-Ni Li[NixCoyMnz]O2 (NCM) materials retain residual Li compounds derived from the Li source...
18:48:50 [INFO] __main__ —   [41921879] abstract OK | 14 MeSH | 6 keywords | Journal Article
18:48:50 [INFO] __main__ —     Real-world pharmacovigilance insights and clinical safety signal charact...
18:48:50 [INFO] __main__ —     Objective: Lithium carbonate is a classic mood stabilizer for bipolar disorder, yet real-world pharm...
18:48:50 [INFO] __main__ — =======================================================
18:48:50 [INFO] __main__ — Processando: Warfarin (CHEMBL1464)
18:48:50 [INFO] __main__ —   [PARCIAL] Faltando: mecanismos
18:48:50 [INFO] __main__ —   ADMET: ja existe, pulando.
18:48:50 [INFO] __main__ —   Bioatividades: ja existem, pulando.
18:48:50 [INFO] __main__ —   Indicacoes: ja existem, pulando.
18:49:00 [INFO] __main__ —   Artigos: ja existem, pulando.
18:49:00 [INFO] __main__ — =======================================================
18:49:00 [INFO] __main__ — Processando: Amlodipine (CHEMBL1491)
18:49:00 [INFO] __main__ —   [PARCIAL] Faltando: mecanismos
18:49:00 [INFO] __main__ —   ADMET: ja existe, pulando.
18:49:00 [INFO] __main__ —   Bioatividades: ja existem, pulando.
18:49:00 [INFO] __main__ —   Indicacoes: ja existem, pulando.
18:49:01 [INFO] __main__ —   Artigos: ja existem, pulando.
18:49:02 [INFO] __main__ — =======================================================
18:49:02 [INFO] __main__ — Processando: Nifedipine (CHEMBL193)
18:49:02 [INFO] __main__ —   [NOVO]
18:49:03 [INFO] __main__ —   Composto: NIFEDIPINE | MW=346.34 | Formula=C17H18N2O6
18:49:03 [INFO] __main__ —   ADMET: QED=0.51 | aLogP=2.18 | PSA=107.77 | Ro5=0 violacoes
18:49:07 [INFO] __main__ —   Bioatividade: pA2 = 9.83 None -> Rattus norvegicus (Rattus norvegicus)
18:49:09 [INFO] __main__ —   Bioatividade: Rate of oxidation = 1.4 None -> Cytochrome P450 3A4 (Homo sapiens)
18:49:11 [INFO] __main__ —   Indicacoes: 19 total | 3 aprovadas | ex: Premature Birth
18:49:12 [INFO] __main__ —   Mecanismos: 1 | tipos: BLOCKER
18:49:14 [INFO] pubmed_client —   efetch: 5/5 artigos parseados | 5 com abstract
18:49:14 [INFO] __main__ —   [42009422] abstract OK | 10 MeSH | 6 keywords | Journal Article
18:49:14 [INFO] __main__ —     3D-printed removable-cap device with embedded magnet for magnetic solid ...
18:49:14 [INFO] __main__ —     Background: Magnetic adsorbents are widely employed in sample preparation, but magnetic solid-phase ...
18:49:14 [INFO] __main__ —   [41997900] abstract OK | 0 MeSH | 0 keywords | Journal Article
18:49:14 [INFO] __main__ —     Cross-Species evidence for hippocampal CACNA1C as a therapeutic target f...
18:49:14 [INFO] __main__ —     Context-induced relapse is a major barrier to recovery from alcohol use disorder (AUD). Identifying ...
18:49:14 [INFO] __main__ —   [41997578] abstract OK | 0 MeSH | 0 keywords | Journal Article
18:49:14 [INFO] __main__ —     Label-Free High-Throughput Screening of CYP3A4 Inhibitors Using Acoustic...
18:49:14 [INFO] __main__ —     Label-free high-throughput screening (HTS) technologies have greatly accelerated early drug discover...
18:49:14 [INFO] __main__ —   [41992782] abstract OK | 0 MeSH | 5 keywords | Journal Article
18:49:14 [INFO] __main__ —     Involvement of gap junction, calcium and potassium channels in Urotensin...
18:49:14 [INFO] __main__ —     Background: Urotensin II (U-II) is one of the most potent endogenous vasoconstrictors, with its vasc...
18:49:14 [INFO] __main__ —   [41989084] abstract OK | 0 MeSH | 3 keywords | Case Reports
18:49:14 [INFO] __main__ —     Renal Denervation for Refractory Hypertension Complicated by Acute Aorti...
18:49:14 [INFO] __main__ —     Background: This study aimed to explore the clinical application of renal denervation (RDN) in patie...
18:49:15 [INFO] __main__ — =======================================================
18:49:15 [INFO] __main__ — Processando: Lisinopril (CHEMBL1237)
18:49:15 [INFO] __main__ —   [PARCIAL] Faltando: mecanismos
18:49:15 [INFO] __main__ —   ADMET: ja existe, pulando.
18:49:15 [INFO] __main__ —   Bioatividades: ja existem, pulando.
18:49:15 [INFO] __main__ —   Indicacoes: ja existem, pulando.
18:49:16 [INFO] __main__ —   Artigos: ja existem, pulando.
18:49:16 [INFO] __main__ — =======================================================
18:49:16 [INFO] __main__ — Processando: Enalapril (CHEMBL578)
18:49:16 [INFO] __main__ —   [NOVO]
18:49:18 [INFO] __main__ —   Composto: ENALAPRIL | MW=376.45 | Formula=C20H28N2O5
18:49:18 [INFO] __main__ —   ADMET: QED=0.64 | aLogP=1.60 | PSA=95.94 | Ro5=0 violacoes
18:49:21 [INFO] __main__ —   Bioatividade: Response = 37.0 mmHg -> Rattus norvegicus (Rattus norvegicus)
18:49:22 [INFO] __main__ —   Indicacoes: 32 total | 1 aprovadas | ex: Leukemia, Myeloid, Acute
18:49:26 [INFO] pubmed_client —   efetch: 5/5 artigos parseados | 5 com abstract
18:49:26 [INFO] __main__ —   [41994589] abstract OK | 0 MeSH | 8 keywords | Journal Article
18:49:26 [INFO] __main__ —     Determinants of Suboptimal INR Control in Eritrean Post-Cardiac Surgery ...
18:49:26 [INFO] __main__ —     Background: Warfarin remains the mainstay of long-term anticoagulation in low-resource settings; how...
18:49:26 [INFO] __main__ —   [41984565] abstract OK | 13 MeSH | 5 keywords | English Abstract
18:49:26 [INFO] __main__ —     [Drug-drug interactions with Mexidol in patients with ischemic stroke: A...
18:49:26 [INFO] __main__ —     Objective: Identification of drug-drug interaction of Mexidol when used in patients with ischemic st...
18:49:26 [INFO] __main__ —   [41945470] abstract OK | 0 MeSH | 0 keywords | Journal Article
18:49:26 [INFO] __main__ —     Molecular Characterization of the Effect of Glucagon-Like Peptide-1 Rece...
18:49:26 [INFO] __main__ —     Background: CKD is a significant public health issue, affecting approximately half a billion people ...
18:49:26 [INFO] __main__ —   [41941460] abstract OK | 0 MeSH | 6 keywords | Journal Article
18:49:26 [INFO] __main__ —     Sacubitril/Valsartan Versus Enalapril in Chagas Cardiomyopathy With Hear...
18:49:26 [INFO] __main__ —     Chagas cardiomyopathy represents a distinct and understudied etiology of heart failure with reduced ...
18:49:26 [INFO] __main__ —   [41923142] abstract OK | 0 MeSH | 5 keywords | Journal Article
18:49:26 [INFO] __main__ —     Sacubitril/Valsartan Versus Enalapril in Chagas Cardiomyopathy With Hear...
18:49:26 [INFO] __main__ —     Chagas cardiomyopathy is a leading cause of heart failure (HF) with reduced ejection fraction (HFrEF...
18:49:26 [INFO] __main__ — =======================================================
18:49:26 [INFO] __main__ — Processando: Losartan (CHEMBL191)
18:49:26 [INFO] __main__ —   [PARCIAL] Faltando: mecanismos
18:49:26 [INFO] __main__ —   ADMET: ja existe, pulando.
18:49:26 [INFO] __main__ —   Bioatividades: ja existem, pulando.
18:49:26 [INFO] __main__ —   Indicacoes: ja existem, pulando.
18:49:28 [INFO] __main__ —   Artigos: ja existem, pulando.
18:49:28 [INFO] __main__ — =======================================================
18:49:28 [INFO] __main__ — Processando: Valsartan (CHEMBL1069)
18:49:28 [INFO] __main__ —   [NOVO]
18:49:29 [INFO] __main__ —   Composto: VALSARTAN | MW=435.53 | Formula=C24H29N5O3
18:49:29 [INFO] __main__ —   ADMET: QED=0.49 | aLogP=4.16 | PSA=112.07 | Ro5=0 violacoes
18:49:32 [INFO] __main__ —   Bioatividade: pKa = 3.1 None -> ADMET (None)
18:49:34 [INFO] __main__ —   Bioatividade: Ki = 4.7 uM -> Type-1 angiotensin II receptor (Homo sapiens)
18:49:36 [INFO] __main__ —   Indicacoes: 31 total | 9 aprovadas | ex: Heart Failure
18:49:37 [INFO] __main__ —   Mecanismos: 1 | tipos: ANTAGONIST
18:49:41 [INFO] pubmed_client —   efetch: 5/5 artigos parseados | 4 com abstract
18:49:41 [INFO] __main__ —   [42015766] abstract OK | 15 MeSH | 4 keywords | Journal Article
18:49:41 [INFO] __main__ —     Qianyang Yuyin granule modulates glycolysis and inflammatory response to...
18:49:41 [INFO] __main__ —     Objective: To investigate the effect of Qianyang Yuyin granule (QYYY) on AngII-induced hypertensive ...
18:49:41 [INFO] __main__ —   [42015207] sem abstract | 0 MeSH | 5 keywords | Journal Article
18:49:41 [INFO] __main__ —     Sacubitril/valsartan for the prevention of cancer therapy-related cardia...
18:49:41 [INFO] __main__ —   [42011348] abstract OK | 0 MeSH | 3 keywords | Journal Article
18:49:41 [INFO] __main__ —     Comparison of Hibiscus sabdariffa L. extract and hydrochlorothiazide as ...
18:49:41 [INFO] __main__ —     Objective: The effects of Hibiscus sabdariffa L. extract (HSE) as a supplemental therapy with valsar...
18:49:41 [INFO] __main__ —   [42009572] abstract OK | 0 MeSH | 3 keywords | Journal Article
18:49:41 [INFO] __main__ —     Comprehensive guideline-directed medical therapy strategies on health st...
18:49:41 [INFO] __main__ —     Background: Introduction of guideline-directed medical therapy (GDMT) has transformed the care of he...
18:49:41 [INFO] __main__ —   [41993724] abstract OK | 0 MeSH | 13 keywords | Journal Article
18:49:41 [INFO] __main__ —     Treatment of left ventricular dysfunction during cancer therapy: a compr...
18:49:41 [INFO] __main__ —     The growing population of cancer survivors has brought to light the critical challenge of cancer the...
18:49:42 [INFO] __main__ — =======================================================
18:49:42 [INFO] __main__ — Processando: Simvastatin (CHEMBL1064)
18:49:42 [INFO] __main__ —   Ja completo — pulando. (use --force para re-processar)
18:49:42 [INFO] __main__ — =======================================================
18:49:42 [INFO] __main__ — Processando: Atorvastatin (CHEMBL1487)
18:49:42 [INFO] __main__ —   [PARCIAL] Faltando: mecanismos
18:49:42 [INFO] __main__ —   ADMET: ja existe, pulando.
18:49:42 [INFO] __main__ —   Bioatividades: ja existem, pulando.
18:49:42 [INFO] __main__ —   Indicacoes: ja existem, pulando.
18:49:47 [INFO] __main__ —   Artigos: ja existem, pulando.
18:49:47 [INFO] __main__ — =======================================================
18:49:47 [INFO] __main__ — Processando: Sildenafil (CHEMBL192)
18:49:47 [INFO] __main__ —   [PARCIAL] Faltando: mecanismos
18:49:47 [INFO] __main__ —   ADMET: ja existe, pulando.
18:49:47 [INFO] __main__ —   Bioatividades: ja existem, pulando.
18:49:47 [INFO] __main__ —   Indicacoes: ja existem, pulando.
18:49:48 [INFO] __main__ —   Artigos: ja existem, pulando.
18:49:49 [INFO] __main__ — =======================================================
18:49:49 [INFO] __main__ — Processando: Propranolol (CHEMBL27)
18:49:49 [INFO] __main__ —   [NOVO]
18:49:50 [INFO] __main__ —   Composto: PROPRANOLOL | MW=259.35 | Formula=C16H21NO2
18:49:50 [INFO] __main__ —   ADMET: QED=0.84 | aLogP=2.58 | PSA=41.49 | Ro5=0 violacoes
18:49:53 [INFO] __main__ —   Bioatividade: IC50 = 178.4 uM -> Homo sapiens (Homo sapiens)
18:49:55 [INFO] __main__ —   Bioatividade: pA2 = 8.7 None -> Cavia porcellus (Cavia porcellus)
18:49:57 [INFO] __main__ —   Indicacoes: 76 total | 1 aprovadas | ex: Carcinoma, Hepatocellular
18:50:01 [INFO] pubmed_client —   efetch: 5/5 artigos parseados | 5 com abstract
18:50:01 [INFO] __main__ —   [42018354] abstract OK | 0 MeSH | 5 keywords | Journal Article
18:50:01 [INFO] __main__ —     Unusual Vascular Anomalies in Pediatric Hand and Plastic Surgery: A Case...
18:50:01 [INFO] __main__ —     Introduction: Rare pediatric vascular tumors and malformations can be diagnostically and therapeutic...
18:50:01 [INFO] __main__ —   [42012269] abstract OK | 0 MeSH | 5 keywords | Journal Article
18:50:01 [INFO] __main__ —     Immune checkpoint inhibitor-induced hyperthyroidism: Incidence, risk fac...
18:50:01 [INFO] __main__ —     BackgroundHyperthyroidism is an immune-related adverse event associated with ICI use. Its underlying...
18:50:01 [INFO] __main__ —   [42011623] abstract OK | 11 MeSH | 5 keywords | English Abstract
18:50:01 [INFO] __main__ —     [Mechanism study on treating psoriasis of blood-heat type with Tuhuaidan...
18:50:01 [INFO] __main__ —     This study aims to investigate the effects of Tuhuaidan Siwu Decoction on serum metabolomics and p38...
18:50:01 [INFO] __main__ —   [42011257] abstract OK | 0 MeSH | 9 keywords | Journal Article
18:50:01 [INFO] __main__ —     Perioperative psycho-behavioral stress promotes cancer metastasis beyond...
18:50:01 [INFO] __main__ —     Clinically, the unique impact of perioperative distress on long-term cancer outcomes remains unclear...
18:50:01 [INFO] __main__ —   [42010968] abstract OK | 12 MeSH | 5 keywords | Journal Article
18:50:01 [INFO] __main__ —     Development and Validation of the Bioanalytical UHPLC-MS/MS Method for t...
18:50:01 [INFO] __main__ —     Branebrutinib (BRNB) is a selective, oral Bruton's Tyrosine Kinase (BTK) inhibitor under clinical de...
18:50:02 [INFO] __main__ — =======================================================
18:50:02 [INFO] __main__ — Processando: Digoxin (CHEMBL1751)
18:50:02 [INFO] __main__ —   [NOVO]
18:50:03 [INFO] __main__ —   Composto: DIGOXIN | MW=780.95 | Formula=C41H64O14
18:50:03 [INFO] __main__ —   ADMET: QED=0.16 | aLogP=2.22 | PSA=203.06 | Ro5=3 violacoes
18:50:07 [INFO] __main__ —   Bioatividade: IC50 = 0.4 uM -> Sodium/potassium-transporting ATPase (Homo sapiens)
18:50:08 [INFO] __main__ —   Bioatividade: Increase = 127.0 % -> Cavia porcellus (Cavia porcellus)
18:50:10 [INFO] __main__ —   Indicacoes: 41 total | 4 aprovadas | ex: Epilepsy
18:50:11 [INFO] __main__ —   Mecanismos: 1 | tipos: INHIBITOR
18:50:14 [INFO] pubmed_client —   efetch: 5/5 artigos parseados | 5 com abstract
18:50:14 [INFO] __main__ —   [41997368] abstract OK | 0 MeSH | 5 keywords | Journal Article
18:50:14 [INFO] __main__ —     Co-administration of digoxin and trans-2-decenoic acid ethyl ester impro...
18:50:14 [INFO] __main__ —     Neural circuit formation through synaptogenesis plays a crucial role in learning, memory, and the re...
18:50:14 [INFO] __main__ —   [41994589] abstract OK | 0 MeSH | 8 keywords | Journal Article
18:50:14 [INFO] __main__ —     Determinants of Suboptimal INR Control in Eritrean Post-Cardiac Surgery ...
18:50:14 [INFO] __main__ —     Background: Warfarin remains the mainstay of long-term anticoagulation in low-resource settings; how...
18:50:14 [INFO] __main__ —   [41984957] abstract OK | 7 MeSH | 0 keywords | Journal Article
18:50:14 [INFO] __main__ —     Mammalian-like steroidogenesis in plants gives rise to endocrine-mimetic...
18:50:14 [INFO] __main__ —     Steroid hormones are central regulators of eukaryotic physiology, yet their signaling pathways are a...
18:50:14 [INFO] __main__ —   [41983459] abstract OK | 0 MeSH | 7 keywords | Journal Article
18:50:14 [INFO] __main__ —     Vendor-specific HRP antibody conjugate differences lead to unexpected im...
18:50:14 [INFO] __main__ —     Aim: An interaction observed in an anti-drug antibody (ADA) bridging ELISA between the drug and the ...
18:50:14 [INFO] __main__ —   [41979569] abstract OK | 0 MeSH | 0 keywords | Journal Article
18:50:14 [INFO] __main__ —     Endurance capacity and muscle strength as a composite indicator of physi...
18:50:14 [INFO] __main__ —     Introduction: Reduced composite physical reserve may coexist with systolic heart failure (HF).

Obje...
18:50:14 [INFO] __main__ — =======================================================
18:50:14 [INFO] __main__ — Processando: Metformin (CHEMBL1431)
18:50:14 [INFO] __main__ —   [PARCIAL] Faltando: mecanismos
18:50:14 [INFO] __main__ —   ADMET: ja existe, pulando.
18:50:14 [INFO] __main__ —   Bioatividades: ja existem, pulando.
18:50:14 [INFO] __main__ —   Indicacoes: ja existem, pulando.
18:50:15 [INFO] __main__ —   Artigos: ja existem, pulando.
18:50:16 [INFO] __main__ — =======================================================
18:50:16 [INFO] __main__ — Processando: Dexamethasone (CHEMBL384467)
18:50:16 [INFO] __main__ —   Ja completo — pulando. (use --force para re-processar)
18:50:16 [INFO] __main__ — =======================================================
18:50:16 [INFO] __main__ — Processando: Sitagliptin (CHEMBL1422)
18:50:16 [INFO] __main__ —   [NOVO]
18:50:18 [INFO] __main__ —   Composto: SITAGLIPTIN | MW=407.32 | Formula=C16H15F6N5O
18:50:18 [INFO] __main__ —   ADMET: QED=0.62 | aLogP=2.02 | PSA=77.04 | Ro5=0 violacoes
18:50:20 [INFO] __main__ —   Bioatividade: IC50 = 18.0 nM -> Dipeptidyl peptidase 4 (Homo sapiens)
18:50:22 [INFO] __main__ —   Bioatividade: IC50 = 48000.0 nM -> Dipeptidyl peptidase 8 (Homo sapiens)
18:50:24 [INFO] __main__ —   Bioatividade: IC50 = 100000.0 nM -> Dipeptidyl peptidase 9 (Homo sapiens)
18:50:25 [INFO] __main__ —   Bioatividade: CL = 60.0 ml/min.kg -> Rattus norvegicus (Rattus norvegicus)
18:50:28 [INFO] __main__ —   Indicacoes: 24 total | 1 aprovadas | ex: Diabetes Mellitus
18:50:32 [INFO] pubmed_client —   efetch: 5/5 artigos parseados | 5 com abstract
18:50:32 [INFO] __main__ —   [42010884] abstract OK | 0 MeSH | 4 keywords | Journal Article
18:50:32 [INFO] __main__ —     Drug-Associated Ketoacidosis: A Comprehensive Disproportionality Analysi...
18:50:32 [INFO] __main__ —     Objective: Ketoacidosis is a critical adverse event requiring close clinical monitoring. Based on th...
18:50:32 [INFO] __main__ —   [41997003] abstract OK | 0 MeSH | 8 keywords | Journal Article
18:50:32 [INFO] __main__ —     Click inspired new series of pyridazine-triazole-persulfonimide derivati...
18:50:32 [INFO] __main__ —     A click-enabled pyridazine-1,2,3-triazole sulfonimide platform yielded two libraries: persulfonimide...
18:50:32 [INFO] __main__ —   [41962900] abstract OK | 0 MeSH | 10 keywords | Journal Article
18:50:32 [INFO] __main__ —     Cardiovascular Effects of Alogliptin, Linagliptin, Saxagliptin, and Sita...
18:50:32 [INFO] __main__ —     Objective: To compare major adverse cardiovascular event (MACE) risks among available dipeptidyl pep...
18:50:32 [INFO] __main__ —   [41959339] abstract OK | 0 MeSH | 0 keywords | Journal Article
18:50:32 [INFO] __main__ —     Pharmacologic DPP-4 inhibition promotes CD8+ T cell metabolic fitness to...
18:50:32 [INFO] __main__ —     Metabolic dysfunction is a hallmark of CD8+ T cell exhaustion in the tumor microenvironment. Thus, t...
18:50:32 [INFO] __main__ —   [41948417] abstract OK | 0 MeSH | 5 keywords | Case Reports
18:50:32 [INFO] __main__ —     Acute onset of neovascular age-related macular degeneration after initia...
18:50:32 [INFO] __main__ —     Recent retrospective cohort studies showed that use of glucagon-like peptide-1 (GLP-1) receptor agon...
18:50:33 [INFO] __main__ — =======================================================
18:50:33 [INFO] __main__ — Processando: Empagliflozin (CHEMBL2107830)
18:50:33 [INFO] __main__ —   [NOVO]
18:50:34 [INFO] __main__ —   Composto: EMPAGLIFLOZIN | MW=450.92 | Formula=C23H27ClO7
18:50:34 [INFO] __main__ —   ADMET: QED=0.53 | aLogP=1.61 | PSA=108.61 | Ro5=0 violacoes
18:50:38 [INFO] __main__ —   Bioatividade: IC50 = 3.1 nM -> Sodium/glucose cotransporter 2 (Homo sapiens)
18:50:40 [INFO] __main__ —   Bioatividade: IC50 = 3235.0 nM -> Sodium/glucose cotransporter 1 (Homo sapiens)
18:50:41 [INFO] __main__ —   Bioatividade: Ratio IC50 = 2680.0 None -> Unchecked (None)
18:50:44 [INFO] __main__ —   Indicacoes: 37 total | 4 aprovadas | ex: Diabetes Mellitus
18:50:45 [INFO] __main__ —   Mecanismos: 1 | tipos: INHIBITOR
18:50:47 [INFO] pubmed_client —   efetch: 5/5 artigos parseados | 5 com abstract
18:50:47 [INFO] __main__ —   [42014686] abstract OK | 0 MeSH | 0 keywords | Journal Article
18:50:47 [INFO] __main__ —     A pharmacokinetic and pharmacodynamic drug-drug interaction study of dor...
18:50:47 [INFO] __main__ —     Combination therapy of glucokinase activators and sodium-glucose cotransporter-2 inhibitors may exhi...
18:50:47 [INFO] __main__ —   [42011625] abstract OK | 15 MeSH | 5 keywords | English Abstract
18:50:47 [INFO] __main__ —     [Psoralen attenuates skeletal muscle atrophy in mice with heart failure ...
18:50:47 [INFO] __main__ —     This study aimed to explore the therapeutic effects of psoralen(PSO) on skeletal muscle atrophy in c...
18:50:47 [INFO] __main__ —   [42010884] abstract OK | 0 MeSH | 4 keywords | Journal Article
18:50:47 [INFO] __main__ —     Drug-Associated Ketoacidosis: A Comprehensive Disproportionality Analysi...
18:50:47 [INFO] __main__ —     Objective: Ketoacidosis is a critical adverse event requiring close clinical monitoring. Based on th...
18:50:47 [INFO] __main__ —   [42010367] abstract OK | 0 MeSH | 6 keywords | Journal Article
18:50:47 [INFO] __main__ —     Associations of Semaglutide With Skeletal Outcomes in People With Obesit...
18:50:47 [INFO] __main__ —     Aims: To evaluate the associations between semaglutide initiation and long-term skeletal outcomes in...
18:50:47 [INFO] __main__ —   [42003872] abstract OK | 0 MeSH | 4 keywords | Journal Article
18:50:47 [INFO] __main__ —     Empagliflozin modulates microRNA expression in human primary cardiomyocy...
18:50:47 [INFO] __main__ —     Background: Cardiovascular diseases (CVD) remain the leading cause of premature death worldwide, wit...
18:50:48 [INFO] __main__ — =======================================================
18:50:48 [INFO] __main__ — Processando: Omeprazole (CHEMBL1503)
18:50:48 [INFO] __main__ —   Ja completo — pulando. (use --force para re-processar)
18:50:48 [INFO] __main__ — =======================================================
18:50:48 [INFO] __main__ — Processando: Pantoprazole (CHEMBL1502)
18:50:48 [INFO] __main__ —   [NOVO]
18:50:52 [INFO] __main__ —   Composto: PANTOPRAZOLE | MW=383.38 | Formula=C16H15F2N3O4S
18:50:52 [INFO] __main__ —   ADMET: QED=0.63 | aLogP=2.88 | PSA=92.32 | Ro5=0 violacoes
18:51:20 [INFO] __main__ —   Bioatividade: pKa = 3.92 None -> No relevant target (None)
18:51:36 [INFO] __main__ —   Bioatividade: T1/2 = 9.0 min -> ADMET (None)
18:51:38 [INFO] __main__ —   Indicacoes: 25 total | 0 aprovadas | ex: Gastroesophageal Reflux
18:51:42 [INFO] pubmed_client —   efetch: 5/5 artigos parseados | 5 com abstract
18:51:42 [INFO] __main__ —   [42001215] abstract OK | 0 MeSH | 5 keywords | Journal Article
18:51:42 [INFO] __main__ —     Polypharmacy and Drug-Drug Interactions in Long-Term Care Facilities res...
18:51:42 [INFO] __main__ —     Background: Medication prescribing in Long-Term Care Facilities (LTCFs) is characterised by widespre...
18:51:42 [INFO] __main__ —   [41995504] abstract OK | 10 MeSH | 4 keywords | Journal Article
18:51:42 [INFO] __main__ —     Ketorolac-induced peptic ulcer bleeding after cholecystectomy in a "heal...
18:51:42 [INFO] __main__ —     Rationale: Ketorolac tromethamine injection-induced peptic ulcer with bleeding remains rarely report...
18:51:42 [INFO] __main__ —   [41983734] abstract OK | 6 MeSH | 0 keywords | Journal Article
18:51:42 [INFO] __main__ —     Proton Pump Inhibitors and the Risk of Dementia....
18:51:42 [INFO] __main__ —     Proton pump inhibitors (PPIs) are the most prescribed gastric acid suppressant drugs; the category i...
18:51:42 [INFO] __main__ —   [41976781] abstract OK | 0 MeSH | 4 keywords | Journal Article
18:51:42 [INFO] __main__ —     A Comparison of the Efficacy and Tolerability of Quinolone-Based Triple ...
18:51:42 [INFO] __main__ —     Objectives: We aimed to compare the treatment success and patient compliance of triple therapy with ...
18:51:42 [INFO] __main__ —   [41900813] abstract OK | 0 MeSH | 5 keywords | Journal Article
18:51:42 [INFO] __main__ —     Polymeric Matrix Mini-Tablets Based on Eudragit® S 100 and HPMC for Cont...
18:51:42 [INFO] __main__ —     Background: Pantoprazole is a widely used proton pump inhibitor that is highly unstable under acidic...
18:51:42 [INFO] __main__ — =======================================================
18:51:42 [INFO] __main__ — Processando: Amoxicillin (CHEMBL1082)
18:51:42 [INFO] __main__ —   Ja completo — pulando. (use --force para re-processar)
18:51:43 [INFO] __main__ — =======================================================
18:51:43 [INFO] __main__ — Processando: Ciprofloxacin (CHEMBL8)
18:51:43 [INFO] __main__ —   Ja completo — pulando. (use --force para re-processar)
18:51:43 [INFO] __main__ — =======================================================
18:51:43 [INFO] __main__ — Processando: Doxycycline (CHEMBL1433)
18:51:43 [INFO] __main__ —   [NOVO]
18:51:44 [INFO] __main__ —   Composto: DOXYCYCLINE ANHYDROUS | MW=444.44 | Formula=C22H24N2O8
18:51:44 [INFO] __main__ —   ADMET: QED=0.33 | aLogP=-0.35 | PSA=181.62 | Ro5=1 violacoes
18:51:47 [INFO] __main__ —   Bioatividade: MIC = 3.13 uM -> Escherichia coli (Escherichia coli)
18:51:49 [INFO] __main__ —   Bioatividade: MIC = 3.13 uM -> Klebsiella pneumoniae (Klebsiella pneumoniae)
18:51:50 [INFO] __main__ —   Bioatividade: MIC = 0.78 uM -> Acinetobacter baumannii (Acinetobacter baumannii)
18:51:51 [INFO] __main__ —   Bioatividade: MIC = 50.0 uM -> Pseudomonas aeruginosa (Pseudomonas aeruginosa)
18:51:53 [INFO] __main__ —   Bioatividade: MIC = 3.13 uM -> Klebsiella aerogenes (Klebsiella aerogenes)
18:51:59 [INFO] pubmed_client —   efetch: 5/5 artigos parseados | 5 com abstract
18:51:59 [INFO] __main__ —   [41582204] abstract OK | 9 MeSH | 5 keywords | Journal Article
18:51:59 [INFO] __main__ —     Effectively detect doxycycline in variable sample fields through simple ...
18:51:59 [INFO] __main__ —     The convenient and widespread implementation of doxycycline (DOXY) detection still requires the deve...
18:51:59 [INFO] __main__ —   [36628714] abstract OK | 9 MeSH | 7 keywords | Journal Article
18:51:59 [INFO] __main__ —     Energy transfer mediated rapid and visual discrimination of tetracycline...
18:51:59 [INFO] __main__ —     The appearance of multi-drug resistant Escherichia coli makes the combination of tetracyclines (TCs)...
18:51:59 [INFO] __main__ —   [25311488] abstract OK | 7 MeSH | 4 keywords | Journal Article
18:51:59 [INFO] __main__ —     Development of a modified QUick, Easy, CHeap, Effective, Rugged and Safe...
18:51:59 [INFO] __main__ —     A modified quick, easy, cheap, efficient, rugged and safe (QuEChERS) method coupled with liquid chro...
18:51:59 [INFO] __main__ —   [22507550] abstract OK | 21 MeSH | 0 keywords | Journal Article
18:51:59 [INFO] __main__ —     A lipid-and-polymer-based novel local drug delivery system--BonyPid™: fr...
18:51:59 [INFO] __main__ —     Bacterial infection of bone may result in bone destruction and is difficult to cure due to poor acce...
18:51:59 [INFO] __main__ —   [17315050] abstract OK | 9 MeSH | 0 keywords | Journal Article
18:51:59 [INFO] __main__ —     Update on rosacea and anti-inflammatory-dose doxycycline....
18:51:59 [INFO] __main__ —     Approximately 13 million individuals in the United Sates suffer from rosacea, a recurrent disease th...
18:52:00 [INFO] __main__ — =======================================================
18:52:00 [INFO] __main__ — Processando: Vancomycin (CHEMBL262777)
18:52:00 [INFO] __main__ —   [NOVO]
18:52:04 [INFO] __main__ —   Composto: VANCOMYCIN | MW=1449.27 | Formula=C66H75Cl2N9O24
18:52:04 [INFO] __main__ —   ADMET: QED=? | aLogP=? | PSA=? | Ro5=0 violacoes
18:52:06 [INFO] __main__ —   Bioatividade: IC50 = 500.0 uM -> L1210 (Mus musculus)
18:52:08 [INFO] __main__ —   Bioatividade: IC50 = 500.0 uM -> MOLT-4 (Homo sapiens)
18:52:10 [INFO] __main__ —   Bioatividade: IC50 = 500.0 uM -> CCRF-CEM (Homo sapiens)
18:52:14 [INFO] __main__ —   Bioatividade: EC50 = 250.0 uM -> Human immunodeficiency virus 1 (Human immunodeficiency virus 1)
18:52:17 [INFO] __main__ —   Bioatividade: EC50 = 250.0 uM -> Human immunodeficiency virus 2 (Human immunodeficiency virus 2)
18:52:18 [INFO] __main__ —   Indicacoes: 52 total | 9 aprovadas | ex: Cellulitis
18:52:20 [INFO] __main__ —   Mecanismos: 1 | tipos: INHIBITOR
18:52:27 [INFO] pubmed_client —   efetch: 5/5 artigos parseados | 5 com abstract
18:52:27 [INFO] __main__ —   [42017751] abstract OK | 0 MeSH | 7 keywords | Journal Article
18:52:27 [INFO] __main__ —     Inflammatory bowel disease and Primary sclerosing cholangitis: immunolog...
18:52:27 [INFO] __main__ —     Introduction: Primary sclerosing cholangitis (PSC) represents a progressive fibroinflammatory cholan...
18:52:27 [INFO] __main__ —   [42017711] abstract OK | 0 MeSH | 1 keywords | Journal Article
18:52:27 [INFO] __main__ —     Epidemiological and antibiotic susceptibility pattern of bacterial paron...
18:52:27 [INFO] __main__ —     Objectives: To identify the bacterial aetiology of paronychia, and assess the antibiotic resistance ...
18:52:27 [INFO] __main__ —   [42017424] abstract OK | 0 MeSH | 8 keywords | Journal Article
18:52:27 [INFO] __main__ —     Multicompartment Drug Monitoring Reveals Paired Brain-Liver Kinetics and...
18:52:27 [INFO] __main__ —     Characterizing drug distribution to target organs is of central importance to drug discovery, especi...
18:52:27 [INFO] __main__ —   [42016925] abstract OK | 0 MeSH | 6 keywords | Journal Article
18:52:27 [INFO] __main__ —     Feasibility of vancomycin AUC24 monitoring using peak and trough concent...
18:52:27 [INFO] __main__ —     Background: Vancomycin remains a key medication in treating infections in pediatric patients, partic...
18:52:27 [INFO] __main__ —   [42016916] abstract OK | 0 MeSH | 0 keywords | Journal Article
18:52:27 [INFO] __main__ —     Empirical antibiotic therapy in acute orthopaedic infections: difference...
18:52:27 [INFO] __main__ —     Background: The selection of empirical antibiotic therapy for early postoperative orthopaedic infect...
18:52:28 [INFO] __main__ — =======================================================
18:52:28 [INFO] __main__ — Processando: Oseltamivir (CHEMBL1229)
18:52:28 [INFO] __main__ —   [PARCIAL] Faltando: mecanismos
18:52:28 [INFO] __main__ —   ADMET: ja existe, pulando.
18:52:28 [INFO] __main__ —   Bioatividades: ja existem, pulando.
18:52:28 [INFO] __main__ —   Indicacoes: ja existem, pulando.
18:52:29 [INFO] __main__ —   Artigos: ja existem, pulando.
18:52:29 [INFO] __main__ — =======================================================
18:52:29 [INFO] __main__ — Processando: Tenofovir (CHEMBL1486)
18:52:29 [INFO] __main__ —   [NOVO]
18:52:31 [INFO] __main__ —   Composto: TENOFOVIR DISOPROXIL FUMARATE | MW=635.52 | Formula=C23H34N5O14P
18:52:31 [INFO] __main__ —   ADMET: QED=0.23 | aLogP=3.04 | PSA=185.44 | Ro5=2 violacoes
18:52:33 [INFO] __main__ —   Bioatividade: EC50 = 0.015 uM -> Human immunodeficiency virus 1 (Human immunodeficiency virus 1)
18:52:36 [INFO] __main__ —   Bioatividade: CC50 = 50.0 uM -> MT2 (Homo sapiens)
18:52:41 [INFO] __main__ —   Bioatividade: IC50 = 5.1 uM -> Hepatitis B virus (Hepatitis B virus)
18:52:42 [INFO] __main__ —   Indicacoes: 19 total | 6 aprovadas | ex: HIV Infections
18:52:44 [INFO] __main__ —   Mecanismos: 1 | tipos: INHIBITOR
18:52:46 [INFO] pubmed_client —   efetch: 5/5 artigos parseados | 4 com abstract
18:52:46 [INFO] __main__ —   [42016020] abstract OK | 0 MeSH | 5 keywords | Journal Article
18:52:46 [INFO] __main__ —     Hyperlipidemia and associated risk factors among people living with HIV ...
18:52:46 [INFO] __main__ —     Objective: To determine the incidence of hyperlipidemia and identify its associated risk factors amo...
18:52:46 [INFO] __main__ —   [42012058] abstract OK | 22 MeSH | 5 keywords | Journal Article
18:52:46 [INFO] __main__ —     Chronic Hepatitis B in Children Admitted to a Tertiary Hospital in Türki...
18:52:46 [INFO] __main__ —     Hepatitis B virus infection remains a global public health concern despite the availability of an ef...
18:52:46 [INFO] __main__ —   [42001919] abstract OK | 0 MeSH | 5 keywords | Journal Article
18:52:46 [INFO] __main__ —     Confirmation that host reverse transcriptase is required to maintain per...
18:52:46 [INFO] __main__ —     In 2008 it was revealed that C6/36 cells challenged with Dengue virus serotype 2 (DENV-2 strain NGC)...
18:52:46 [INFO] __main__ —   [41999291] abstract OK | 0 MeSH | 4 keywords | Journal Article
18:52:46 [INFO] __main__ —     Renal and Cardiovascular Complications Following Type 2 Diabetes Mellitu...
18:52:46 [INFO] __main__ —     Background: Type 2 diabetes mellitus (T2DM) is common among people with HIV (PWH), although studies ...
18:52:46 [INFO] __main__ —   [41995042] sem abstract | 0 MeSH | 0 keywords | Letter
18:52:46 [INFO] __main__ —     Letter: Reconsidering Tenofovir Disoproxil Fumarate Use in Light of Emer...
18:52:46 [INFO] __main__ — =======================================================
18:52:46 [INFO] __main__ — Processando: Efavirenz (CHEMBL223228)
18:52:47 [INFO] __main__ —   [NOVO]
18:52:49 [INFO] __main__ —   Composto: EFAVIRENZ | MW=315.68 | Formula=C14H9ClF3NO2
18:52:49 [INFO] __main__ —   ADMET: QED=0.73 | aLogP=4.07 | PSA=38.33 | Ro5=0 violacoes
18:52:54 [INFO] __main__ —   Bioatividade: IC50 = 3.5 nM -> MT4 (Homo sapiens)
18:52:56 [INFO] __main__ —   Bioatividade: IC50 = 0.75 nM -> Human immunodeficiency virus type 1 reverse transcriptase (Human immunodeficiency virus 1)
18:52:57 [INFO] __main__ —   Bioatividade: IC50 = 0.9 nM -> Human immunodeficiency virus 1 (Human immunodeficiency virus 1)
18:52:59 [INFO] __main__ —   Indicacoes: 15 total | 5 aprovadas | ex: HIV Infections
18:53:01 [INFO] __main__ —   Mecanismos: 1 | tipos: INHIBITOR
18:53:07 [INFO] pubmed_client —   efetch: 5/5 artigos parseados | 5 com abstract
18:53:07 [INFO] __main__ —   [42016020] abstract OK | 0 MeSH | 5 keywords | Journal Article
18:53:07 [INFO] __main__ —     Hyperlipidemia and associated risk factors among people living with HIV ...
18:53:07 [INFO] __main__ —     Objective: To determine the incidence of hyperlipidemia and identify its associated risk factors amo...
18:53:07 [INFO] __main__ —   [41973953] abstract OK | 0 MeSH | 0 keywords | Journal Article
18:53:07 [INFO] __main__ —     Hypertension in a randomized trial of dolutegravir- versus efavirenz-bas...
18:53:07 [INFO] __main__ —     Introduction: We performed an analysis of incident hypertension in a randomized trial comparing dolu...
18:53:07 [INFO] __main__ —   [41967904] abstract OK | 0 MeSH | 6 keywords | Journal Article
18:53:07 [INFO] __main__ —     Predictors of treatment failure in children living with HIV starting fir...
18:53:07 [INFO] __main__ —     Background: Data on predictors of treatment failure in children starting antiretroviral therapy (ART...
18:53:07 [INFO] __main__ —   [41967312] abstract OK | 0 MeSH | 6 keywords | Journal Article
18:53:07 [INFO] __main__ —     Mass spectrometry imaging uncovers drug-induced lipid alterations in the...
18:53:07 [INFO] __main__ —     Clinically used drugs can adversely affect cardiac function. Doxorubicin (DOX), a chemotherapeutic d...
18:53:07 [INFO] __main__ —   [41961664] abstract OK | 17 MeSH | 5 keywords | Journal Article
18:53:07 [INFO] __main__ —     Comparative evaluation of human T lymphocytes in HIV patients treated wi...
18:53:07 [INFO] __main__ —     This study aimed to explore the efficacy of lamivudine + zidovudine plus nevirapine and efavirenz in...
18:53:07 [INFO] __main__ — =======================================================
18:53:07 [INFO] __main__ — Processando: Tamoxifen (CHEMBL83)
18:53:07 [INFO] __main__ —   [PARCIAL] Faltando: mecanismos
18:53:07 [INFO] __main__ —   ADMET: ja existe, pulando.
18:53:07 [INFO] __main__ —   Bioatividades: ja existem, pulando.
18:53:07 [INFO] __main__ —   Indicacoes: ja existem, pulando.
18:53:09 [INFO] __main__ —   Artigos: ja existem, pulando.
18:53:09 [INFO] __main__ — =======================================================
18:53:09 [INFO] __main__ — Processando: Imatinib (CHEMBL941)
18:53:09 [INFO] __main__ —   [PARCIAL] Faltando: mecanismos
18:53:09 [INFO] __main__ —   ADMET: ja existe, pulando.
18:53:09 [INFO] __main__ —   Bioatividades: ja existem, pulando.
18:53:09 [INFO] __main__ —   Indicacoes: ja existem, pulando.
18:53:11 [INFO] __main__ —   Artigos: ja existem, pulando.
18:53:11 [INFO] __main__ — =======================================================
18:53:11 [INFO] __main__ — Processando: Methotrexate (CHEMBL34259)
18:53:11 [INFO] __main__ —   [NOVO]
18:53:13 [INFO] __main__ —   Composto: METHOTREXATE | MW=454.45 | Formula=C20H22N8O5
18:53:13 [INFO] __main__ —   ADMET: QED=0.29 | aLogP=0.27 | PSA=210.54 | Ro5=0 violacoes
18:53:19 [INFO] __main__ —   Bioatividade: Log K' = 0.77 None -> Albumin (Homo sapiens)
18:53:21 [INFO] __main__ —   Bioatividade: ID50 = 6.2 nM -> Dihydrofolate reductase (Lactobacillus casei)
18:53:22 [INFO] __main__ —   Bioatividade: ID50 = 2.7 nM -> Dihydrofolate reductase (Mus musculus)
18:53:24 [INFO] __main__ —   Bioatividade: I50 = 0.05 ng ml-1 -> Enterococcus faecium (Enterococcus faecium)
18:53:37 [INFO] __main__ —   Indicacoes: 165 total | 20 aprovadas | ex: Crohn Disease
18:53:46 [INFO] __main__ —   Mecanismos: 1 | tipos: INHIBITOR
18:53:48 [INFO] pubmed_client —   efetch: 5/5 artigos parseados | 3 com abstract
18:53:48 [INFO] __main__ —   [42016174] abstract OK | 0 MeSH | 6 keywords | Journal Article
18:53:48 [INFO] __main__ —     Clinicopathological Features, Treatment Response, and Outcome of Rosai-D...
18:53:48 [INFO] __main__ —     Rosai-Dorfman disease is a rare non-Langerhans cell histiocytic disorder. It is common in male child...
18:53:48 [INFO] __main__ —   [42015866] abstract OK | 0 MeSH | 5 keywords | Journal Article
18:53:48 [INFO] __main__ —     Bio-Propelled Stomatocyte Nanomotors with Glutathione-Responsiveness for...
18:53:48 [INFO] __main__ —     Pharmacological intervention is a primary therapeutic strategy for Osteoarthritis (OA), however, imp...
18:53:48 [INFO] __main__ —   [42015636] abstract OK | 13 MeSH | 5 keywords | English Abstract
18:53:48 [INFO] __main__ —     [Effect of moxibustion on the PINK1/Parkin pathway and mitophagy in rats...
18:53:48 [INFO] __main__ —     Objectives: To observe the effect of moxibustion at "Shenshu" (BL23) and "Zusanli" (ST36) on the PTE...
18:53:48 [INFO] __main__ —   [42015564] sem abstract | 0 MeSH | 0 keywords | Published Erratum
18:53:48 [INFO] __main__ —     Correction to "Methotrexate Therapy in Juvenile Idiopathic Arthritis: No...
18:53:48 [INFO] __main__ —   [42011641] sem abstract | 0 MeSH | 6 keywords | Letter
18:53:48 [INFO] __main__ —     Efficacy and Safety of Nemolizumab and Traditional Systemic Therapies fo...
18:53:49 [INFO] __main__ — =======================================================
18:53:49 [INFO] __main__ — Processando: Capecitabine (CHEMBL1773)
18:53:49 [INFO] __main__ —   [NOVO]
18:53:51 [INFO] __main__ —   Composto: CAPECITABINE | MW=359.35 | Formula=C15H22FN3O6
18:53:51 [INFO] __main__ —   ADMET: QED=0.64 | aLogP=0.76 | PSA=122.91 | Ro5=0 violacoes
18:54:02 [INFO] __main__ —   Bioatividade: MST = 12.5 day -> Mus musculus (Mus musculus)
18:54:09 [INFO] __main__ —   Indicacoes: 90 total | 17 aprovadas | ex: Breast Neoplasms
18:54:11 [INFO] __main__ —   Mecanismos: 3 | tipos: INHIBITOR
18:54:13 [INFO] pubmed_client —   efetch: 5/5 artigos parseados | 5 com abstract
18:54:13 [INFO] __main__ —   [42017925] abstract OK | 0 MeSH | 5 keywords | Case Reports
18:54:13 [INFO] __main__ —     Alpha-Fetoprotein Is a Potential Biomarker for Pancreatic Ductal Adenoca...
18:54:13 [INFO] __main__ —     Introduction: Pancreatic ductal adenocarcinoma (PDAC) is often diagnosed at an advanced stage, with ...
18:54:13 [INFO] __main__ —   [42014556] abstract OK | 0 MeSH | 0 keywords | Journal Article
18:54:13 [INFO] __main__ —     Maintenance capecitabine after first-line platinum-based chemotherapy in...
18:54:13 [INFO] __main__ —     Background: PLATFORM is an adaptive phase II trial assessing maintenance therapies in advanced oesop...
18:54:13 [INFO] __main__ —   [42012680] abstract OK | 0 MeSH | 5 keywords | Journal Article
18:54:13 [INFO] __main__ —     Is re-irradiation combined with chemotherapy an option for inoperable lo...
18:54:13 [INFO] __main__ —     Background: The rate of locoregional recurrence after primary therapy remains at 5-15%. Ipsilateral ...
18:54:13 [INFO] __main__ —   [42011408] abstract OK | 0 MeSH | 8 keywords | Journal Article
18:54:13 [INFO] __main__ —     Outcomes after (chemo)radiotherapy for anal cancer - A nationwide cohort...
18:54:13 [INFO] __main__ —     Introduction: Due to the rarity of anal cancer, real-world data on treatment outcomes are scarce. Ho...
18:54:13 [INFO] __main__ —   [42011243] abstract OK | 0 MeSH | 6 keywords | Journal Article
18:54:13 [INFO] __main__ —     Capecitabine versus Paclitaxel After CDK4/6 Inhibitor Progression in Hor...
18:54:13 [INFO] __main__ —     Background: Cyclin-dependent kinase 4/6 inhibitors (CDK4/6i) combined with endocrine therapy represe...
18:54:14 [INFO] __main__ — =======================================================
18:54:14 [INFO] __main__ — Processando: Carboplatin (CHEMBL1351)
18:54:14 [INFO] __main__ —   [NOVO]
18:54:15 [INFO] __main__ —   Composto: CARBOPLATIN | MW=371.25 | Formula=C6H12N2O4Pt
18:54:15 [INFO] __main__ —   ADMET: QED=? | aLogP=? | PSA=? | Ro5=0 violacoes
18:54:22 [INFO] __main__ —   Bioatividade: T/C = 197.0 % -> L1210 (Mus musculus)
18:54:31 [INFO] __main__ —   Bioatividade: Ratio = 1.0 None -> Mus musculus (Mus musculus)
18:54:35 [INFO] __main__ —   Indicacoes: 197 total | 7 aprovadas | ex: Ovarian Neoplasms
18:54:36 [INFO] __main__ —   Mecanismos: 1 | tipos: INHIBITOR
18:54:41 [INFO] pubmed_client —   efetch: 5/5 artigos parseados | 5 com abstract
18:54:41 [INFO] __main__ —   [42017100] abstract OK | 0 MeSH | 8 keywords | Case Reports
18:54:41 [INFO] __main__ —     Impact of Dual-Tracer ⁶⁸Ga-PSMA/¹⁸F-FDG PET/CT on the Characterization o...
18:54:41 [INFO] __main__ —     Prostate cancer is one of the most common malignancies among men worldwide, and its incidence is als...
18:54:41 [INFO] __main__ —   [42016022] abstract OK | 0 MeSH | 3 keywords | Journal Article
18:54:41 [INFO] __main__ —     CERN 09-02: A phase 2 trial of carboplatin and bevacizumab for recurrent...
18:54:41 [INFO] __main__ —     Background: Salvage therapies for adults with recurrent ependymoma are limited. A prior retrospectiv...
18:54:41 [INFO] __main__ —   [42014371] abstract OK | 0 MeSH | 5 keywords | Journal Article
18:54:41 [INFO] __main__ —     Plasma Protein Analysis for Biomarker Discovery in Lung Cancer Treated W...
18:54:41 [INFO] __main__ —     J-TAIL-2 evaluated the efficacy and safety of atezolizumab, an anti-programmed death-ligand 1 (PD-L1...
18:54:41 [INFO] __main__ —   [42011848] abstract OK | 0 MeSH | 0 keywords | Journal Article
18:54:41 [INFO] __main__ —     Modified Cytotoxic Terpenoids from the Tuber of Icacina trichantha....
18:54:41 [INFO] __main__ —     One highly modified polycyclic ent-kaurane dimer (bisicacinol A, 1), two novel C50-terpenoids (bisic...
18:54:41 [INFO] __main__ —   [42011192] abstract OK | 0 MeSH | 5 keywords | Case Reports
18:54:41 [INFO] __main__ —     Hereditary Bilateral Retinoblastoma Detected on Screening in a Two-Month...
18:54:41 [INFO] __main__ —     Retinoblastoma is the most common primary intraocular malignancy of childhood and may occur sporadic...
18:54:42 [INFO] __main__ — =======================================================
18:54:42 [INFO] __main__ — Processando: Tiotropium (CHEMBL1900528)
18:54:42 [INFO] __main__ —   [NOVO]
18:54:45 [INFO] __main__ —   Composto: TIOTROPIUM | MW=392.52 | Formula=C19H22NO4S2+
18:54:45 [INFO] __main__ —   ADMET: QED=0.49 | aLogP=2.35 | PSA=59.06 | Ro5=0 violacoes
18:54:48 [INFO] __main__ —   Bioatividade: Potency = 4.2562 uM -> Plasmodium falciparum (Plasmodium falciparum)
18:54:49 [INFO] __main__ —   Bioatividade: HepSE_bilirubinemia = 0.0 None -> Hepatotoxicity (None)
18:54:52 [INFO] __main__ —   Indicacoes: 5 total | 0 aprovadas | ex: Pulmonary Disease, Chronic Obstructive
18:55:03 [INFO] pubmed_client —   efetch: 5/5 artigos parseados | 4 com abstract
18:55:03 [INFO] __main__ —   [41990594] abstract OK | 0 MeSH | 5 keywords | Journal Article
18:55:03 [INFO] __main__ —     Simultaneous quantification and aerodynamic particle size distribution a...
18:55:03 [INFO] __main__ —     Fixed-dose combination (FDC) inhaled aerosols require precise characterization of both active pharma...
18:55:03 [INFO] __main__ —   [41942485] abstract OK | 0 MeSH | 0 keywords | Journal Article
18:55:03 [INFO] __main__ —     Identifying patients with mild-to-moderate COPD who require intensified ...
18:55:03 [INFO] __main__ —     Background: The chronic obstructive pulmonary disease (COPD) guidelines recommend selecting initial ...
18:55:03 [INFO] __main__ —   [41920289] sem abstract | 0 MeSH | 0 keywords | Editorial
18:55:03 [INFO] __main__ —     Add-on Choices Beyond Inhaled Corticosteroids in Pediatric Asthma: Where...
18:55:03 [INFO] __main__ —   [41901612] abstract OK | 14 MeSH | 6 keywords | Journal Article
18:55:03 [INFO] __main__ —     Real-World Impact of Initial Dual Bronchodilation on Exercise Physiologi...
18:55:03 [INFO] __main__ —     Background and Objectives: Dual bronchodilation in chronic obstructive pulmonary disease (COPD) has ...
18:55:03 [INFO] __main__ —   [41859385] abstract OK | 0 MeSH | 6 keywords | Journal Article
18:55:03 [INFO] __main__ —     Long-Acting Muscarinic Antagonists for the Treatment of Difficult-to-Tre...
18:55:03 [INFO] __main__ —     Asthma is a heterogeneous disorder characterized by chronic airway inflammation and airway hyperresp...
18:55:04 [INFO] __main__ — =======================================================
18:55:04 [INFO] __main__ — Processando: Fluticasone (CHEMBL1473)
18:55:04 [INFO] __main__ —   [NOVO]
18:55:05 [INFO] __main__ —   Composto: FLUTICASONE PROPIONATE | MW=500.58 | Formula=C25H31F3O5S
18:55:05 [INFO] __main__ —   ADMET: QED=0.58 | aLogP=4.43 | PSA=80.67 | Ro5=1 violacoes
18:55:08 [INFO] __main__ —   Bioatividade: Activity = 945.0 None -> Homo sapiens (Homo sapiens)
18:55:09 [INFO] __main__ —   Bioatividade: Activity = 113.0 None -> Mus musculus (Mus musculus)
18:55:11 [INFO] __main__ —   Bioatividade: Activity = 85.0 None -> Rattus norvegicus (Rattus norvegicus)
18:55:16 [INFO] __main__ —   Indicacoes: 24 total | 12 aprovadas | ex: Pulmonary Disease, Chronic Obstructive
18:55:21 [INFO] __main__ —   Mecanismos: 1 | tipos: AGONIST
18:55:25 [INFO] pubmed_client —   efetch: 5/5 artigos parseados | 5 com abstract
18:55:25 [INFO] __main__ —   [41995843] abstract OK | 0 MeSH | 4 keywords | Journal Article
18:55:25 [INFO] __main__ —     Clinician perspectives on the discontinuation of brand name Flovent in p...
18:55:25 [INFO] __main__ —     Objective: In 2024, brand-name Flovent (fluticasone propionate), the most widely prescribed inhaled ...
18:55:25 [INFO] __main__ —   [41985982] abstract OK | 12 MeSH | 3 keywords | Journal Article
18:55:25 [INFO] __main__ —     In vitro characterisation of fluticasone propionate and ciclesonide deli...
18:55:25 [INFO] __main__ —     Background: Valved holding chambers (VHCs) are not interchangeable. Because VHC design and formulati...
18:55:25 [INFO] __main__ —   [41890473] abstract OK | 0 MeSH | 6 keywords | Case Reports
18:55:25 [INFO] __main__ —     Fixed Drug Eruption Following Concurrent Ciprofloxacin and Metronidazole...
18:55:25 [INFO] __main__ —     Fixed drug eruption (FDE) is a dermatological manifestation characterized by well-circumscribed eryt...
18:55:25 [INFO] __main__ —   [41879408] abstract OK | 10 MeSH | 4 keywords | Journal Article
18:55:25 [INFO] __main__ —     Development of transdermal nanofilm containing fluticasone propionate: I...
18:55:25 [INFO] __main__ —     Background: Psoriasis is one of the chronic inflammatory skin conditions, affecting about 2-3% of th...
18:55:25 [INFO] __main__ —   [41841282] abstract OK | 0 MeSH | 0 keywords | Journal Article
18:55:25 [INFO] __main__ —     Can tiotropium add-on inhalation revolutionize therapy in elderly asthma...
18:55:25 [INFO] __main__ —     Background: The population of elderly patients with asthma is increasing, resulting in serious healt...
18:55:26 [INFO] __main__ — =======================================================
18:55:26 [INFO] __main__ — Concluido — novos: 28 | ja completos: 11 | parcialmente atualizados: 13 | erros: 0
