16:57:48 [INFO] __main__ — Log salvo em: C:\Users\IsraelAntunes\Desktop\fastapi\chembl-pubmed-db\populate\logs\populate_2026-04-22_16h57.log
16:57:48 [INFO] __main__ — Compostos: 24
16:57:48 [INFO] __main__ — Conectando ao banco de dados...
16:57:48 [INFO] __main__ — =======================================================
16:57:48 [INFO] __main__ — Processando: Aspirin (CHEMBL25)
16:57:48 [INFO] __main__ —   [NOVO]
16:57:49 [INFO] __main__ —   Composto: ASPIRIN | MW=180.16 | Formula=C9H8O4
16:57:49 [INFO] __main__ —   ADMET: QED=0.55 | aLogP=1.31 | PSA=63.60 | Ro5=0 violacoes
16:57:51 [INFO] __main__ —   Bioatividade: Log K' = 1.39 None -> Albumin (Homo sapiens)
16:57:52 [INFO] __main__ —   Bioatividade: Activity = 100.0 % -> Rattus norvegicus (Rattus norvegicus)
16:57:53 [INFO] __main__ —   Bioatividade: IC50 = 34.6 uM -> Unchecked (None)
16:57:56 [INFO] __main__ —   Indicacoes: 167 total | 19 aprovadas | ex: Atrial Fibrillation
16:57:57 [INFO] __main__ —   Mecanismos: 1 | tipos: INHIBITOR
16:57:58 [INFO] pubmed_client —   efetch: 5/5 artigos parseados | 5 com abstract
16:57:58 [INFO] __main__ —   [42018111] abstract OK | 0 MeSH | 0 keywords | Journal Article
16:57:58 [INFO] __main__ —     Impact of Aspirin on Primary Prevention of Cardiovascular Events in Pati...
16:57:58 [INFO] __main__ —     Introduction: Elevated lipoprotein(a) (Lp(a)) and Lp(a)-raising genetic variants (e.g. rs3798220) ar...
16:57:58 [INFO] __main__ —   [42017850] abstract OK | 0 MeSH | 10 keywords | Case Reports
16:57:58 [INFO] __main__ —     Aortitis-Associated Left Main Obstruction Requiring Urgent CABG: When Yo...
16:57:58 [INFO] __main__ —     Background: Acute coronary syndrome in young adults is rare and should trigger evaluation for nonath...
16:57:58 [INFO] __main__ —   [42017653] abstract OK | 0 MeSH | 5 keywords | Journal Article
16:57:58 [INFO] __main__ —     Inappropriate Use of Anticoagulants and Antiplatelets in Intracranial He...
16:57:58 [INFO] __main__ —     Background and objectives: Intracranial hemorrhage (ICH) is a known risk factor associated with the ...
16:57:58 [INFO] __main__ —   [42016700] abstract OK | 0 MeSH | 4 keywords | Journal Article
16:57:58 [INFO] __main__ —     Kawasaki Disease Accompanied by Acute Generalized Exanthematous Pustulos...
16:57:58 [INFO] __main__ —     Acute generalized exanthematous pustulosis (AGEP) is a rare but serious adverse skin reaction usuall...
16:57:58 [INFO] __main__ —   [42016467] abstract OK | 0 MeSH | 4 keywords | Journal Article
16:57:58 [INFO] __main__ —     Significance of 8-iso-PGF2α in cardiovascular diseases....
16:57:58 [INFO] __main__ —     Oxidative stress (OS), derived from an imbalance between reactive oxygen species (ROS) accumulation ...
16:57:59 [INFO] __main__ — =======================================================
16:57:59 [INFO] __main__ — Processando: Ibuprofen (CHEMBL521)
16:57:59 [INFO] __main__ —   [NOVO]
16:58:00 [INFO] __main__ —   Composto: IBUPROFEN | MW=206.28 | Formula=C13H18O2
16:58:00 [INFO] __main__ —   ADMET: QED=0.82 | aLogP=3.07 | PSA=37.30 | Ro5=0 violacoes
16:58:03 [INFO] __main__ —   Bioatividade: ED50 = 15.7 mg kg-1 -> Mus musculus (Mus musculus)
16:58:04 [INFO] __main__ —   Bioatividade: ED50 = 50.0 mg kg-1 -> Rattus norvegicus (Rattus norvegicus)
16:58:06 [INFO] __main__ —   Indicacoes: 87 total | 22 aprovadas | ex: Fever
16:58:06 [INFO] __main__ —   Mecanismos: 1 | tipos: INHIBITOR
16:58:07 [INFO] pubmed_client —   efetch: 5/5 artigos parseados | 5 com abstract
16:58:07 [INFO] __main__ —   [42013694] abstract OK | 0 MeSH | 5 keywords | Journal Article
16:58:07 [INFO] __main__ —     Accelerated ibuprofen removal in soils via bioaugmentation: Insights int...
16:58:07 [INFO] __main__ —     Ibuprofen (IBP), a widely used pharmaceutical compound, is increasingly detected in soils, raising c...
16:58:07 [INFO] __main__ —   [42013598] abstract OK | 0 MeSH | 5 keywords | Journal Article
16:58:07 [INFO] __main__ —     Design, synthesis and anti-bladder cancer activity of novel dihydroartem...
16:58:07 [INFO] __main__ —     Bladder cancer imposes a heavy burden on global socio-economic systems. Despite some clinical benefi...
16:58:07 [INFO] __main__ —   [42011984] abstract OK | 0 MeSH | 0 keywords | Journal Article
16:58:07 [INFO] __main__ —     Effects of environmentally relevant ibuprofen and valproic acid exposure...
16:58:07 [INFO] __main__ —     Active pharmaceutical ingredients (APIs) are increasingly entering aquatic environments due to human...
16:58:07 [INFO] __main__ —   [42011330] abstract OK | 0 MeSH | 7 keywords | Case Reports
16:58:07 [INFO] __main__ —     Idiopathic intracranial hypertension exacerbated by aseptic meningitis f...
16:58:07 [INFO] __main__ —     Purpose: To report a case of hemorrhagic papilledema due to idiopathic intracranial hypertension, wh...
16:58:07 [INFO] __main__ —   [42010949] abstract OK | 0 MeSH | 4 keywords | Journal Article
16:58:07 [INFO] __main__ —     Effectiveness of acetaminophen in comparison with ibuprofen for pain con...
16:58:07 [INFO] __main__ —     Objective: To compare the effectiveness of acetaminophen and ibuprofen for pain control in orthodont...
16:58:08 [INFO] __main__ — =======================================================
16:58:08 [INFO] __main__ — Processando: Paracetamol (CHEMBL112)
16:58:08 [INFO] __main__ —   [NOVO]
16:58:09 [INFO] __main__ —   Composto: ACETAMINOPHEN | MW=151.16 | Formula=C8H9NO2
16:58:09 [INFO] __main__ —   ADMET: QED=0.60 | aLogP=1.35 | PSA=49.33 | Ro5=0 violacoes
16:58:11 [INFO] __main__ —   Bioatividade: Log K' = 0.81 None -> Albumin (Homo sapiens)
16:58:12 [INFO] __main__ —   Bioatividade: Vdss = 0.95 l kg-1 -> ADMET (None)
16:58:15 [INFO] __main__ —   Indicacoes: 120 total | 13 aprovadas | ex: Fever
16:58:16 [INFO] __main__ —   Mecanismos: 3 | tipos: INHIBITOR, OPENER
16:58:17 [INFO] pubmed_client —   efetch: 5/5 artigos parseados | 4 com abstract
16:58:17 [INFO] __main__ —   [42017149] abstract OK | 0 MeSH | 9 keywords | Journal Article
16:58:17 [INFO] __main__ —     Personalized Multimodal and Opioid-Sparing Analgesia for Postoperative P...
16:58:17 [INFO] __main__ —     Postoperative pain remains a persistent clinical challenge affecting more than 80% of surgical patie...
16:58:17 [INFO] __main__ —   [42014774] sem abstract | 0 MeSH | 5 keywords | Journal Article
16:58:17 [INFO] __main__ —     Nano-iron-modified pomegranate peel powder for rapid and recyclable remo...
16:58:17 [INFO] __main__ —   [42013574] abstract OK | 0 MeSH | 0 keywords | Journal Article
16:58:17 [INFO] __main__ —     Cerebral Edema and Brain Death Following Intravenous N-Acetylcysteine Ov...
16:58:17 [INFO] __main__ —     N-acetylcysteine (NAC) infusions are rarely associated with cerebral edema. We present a patient tha...
16:58:17 [INFO] __main__ —   [42010949] abstract OK | 0 MeSH | 4 keywords | Journal Article
16:58:17 [INFO] __main__ —     Effectiveness of acetaminophen in comparison with ibuprofen for pain con...
16:58:17 [INFO] __main__ —     Objective: To compare the effectiveness of acetaminophen and ibuprofen for pain control in orthodont...
16:58:17 [INFO] __main__ —   [42009248] abstract OK | 0 MeSH | 6 keywords | Journal Article
16:58:17 [INFO] __main__ —     Dual Immune Lineage Activation Underlies Systemic Immunopathology in ACL...
16:58:17 [INFO] __main__ —     Acute-on-chronic liver failure (ACLF) is a rapidly progressive syndrome characterized by acute hepat...
16:58:18 [INFO] __main__ — =======================================================
16:58:18 [INFO] __main__ — Processando: Naproxen (CHEMBL154)
16:58:18 [INFO] __main__ —   [NOVO]
16:58:19 [INFO] __main__ —   Composto: NAPROXEN | MW=230.26 | Formula=C14H14O3
16:58:19 [INFO] __main__ —   ADMET: QED=0.88 | aLogP=3.04 | PSA=46.53 | Ro5=0 violacoes
16:58:22 [INFO] __main__ —   Bioatividade: Log K' = 0.25 None -> Albumin (Homo sapiens)
16:58:23 [INFO] __main__ —   Bioatividade: ED50 = 15.0 mg kg-1 -> Rattus norvegicus (Rattus norvegicus)
16:58:25 [INFO] __main__ —   Indicacoes: 41 total | 24 aprovadas | ex: Pain
16:58:25 [INFO] __main__ —   Mecanismos: 1 | tipos: INHIBITOR
16:58:26 [INFO] pubmed_client —   efetch: 5/5 artigos parseados | 5 com abstract
16:58:27 [INFO] __main__ —   [42011843] abstract OK | 0 MeSH | 6 keywords | Journal Article
16:58:27 [INFO] __main__ —     Silk Sericin Functionalized with Carboxy Drugs for Dermocosmetic Applica...
16:58:27 [INFO] __main__ —     Silk sericin protein, a textile industry by-product showing no toxicity on oral/topical administrati...
16:58:27 [INFO] __main__ —   [41977295] abstract OK | 10 MeSH | 7 keywords | Journal Article
16:58:27 [INFO] __main__ —     A Green Innovative Approach for Solubility Enhancement of Poorly Water-S...
16:58:27 [INFO] __main__ —     Eutectic solvents have become a viable choice to create innovative pharmaceutical technologies withi...
16:58:27 [INFO] __main__ —   [41977223] abstract OK | 11 MeSH | 8 keywords | Journal Article
16:58:27 [INFO] __main__ —     Naproxen and Ibuprofen Exposure Alter the Blood-Testis Barrier in a Nove...
16:58:27 [INFO] __main__ —     Semen parameters, including sperm counts, have rapidly declined in men across the globe over the las...
16:58:27 [INFO] __main__ —   [41967016] abstract OK | 9 MeSH | 5 keywords | Journal Article
16:58:27 [INFO] __main__ —     Naproxen and ampicillin degradation by the Ascomycota fungi Penicillium ...
16:58:27 [INFO] __main__ —     The global population has increased the use of pharmaceutical compounds, emerging as contaminants. D...
16:58:27 [INFO] __main__ —   [41951071] abstract OK | 9 MeSH | 4 keywords | Journal Article
16:58:27 [INFO] __main__ —     An empirical relationship between physicochemical properties and subling...
16:58:27 [INFO] __main__ —     Sublingual drug delivery offers a non-invasive alternative to oral administration, allowing drugs to...
16:58:27 [INFO] __main__ — =======================================================
16:58:27 [INFO] __main__ — Processando: Caffeine (CHEMBL113)
16:58:27 [INFO] __main__ —   [NOVO]
16:58:28 [INFO] __main__ —   Composto: CAFFEINE | MW=194.19 | Formula=C8H10N4O2
16:58:28 [INFO] __main__ —   ADMET: QED=0.54 | aLogP=-1.03 | PSA=61.82 | Ro5=0 violacoes
16:58:30 [INFO] __main__ —   Bioatividade: logP = -2.33 None -> No relevant target (None)
16:58:31 [INFO] __main__ —   Bioatividade: Log K' = 0.92 None -> Albumin (Homo sapiens)
16:58:32 [INFO] __main__ —   Bioatividade: Vdss = 0.61 l kg-1 -> ADMET (None)
16:58:34 [INFO] __main__ —   Indicacoes: 55 total | 4 aprovadas | ex: Atrial Fibrillation
16:58:35 [INFO] __main__ —   Mecanismos: 1 | tipos: ANTAGONIST
16:58:36 [INFO] pubmed_client —   efetch: 5/5 artigos parseados | 5 com abstract
16:58:36 [INFO] __main__ —   [42015566] abstract OK | 11 MeSH | 5 keywords | Journal Article
16:58:36 [INFO] __main__ —     Soccer pass performance following caffeine intake with deliberate or mai...
16:58:36 [INFO] __main__ —     Background: The impact of caffeine on strength and endurance performance is well acknowledged, yet i...
16:58:36 [INFO] __main__ —   [42014402] abstract OK | 12 MeSH | 0 keywords | Journal Article
16:58:36 [INFO] __main__ —     Habitual coffee intake shapes the gut microbiome and modifies host physi...
16:58:36 [INFO] __main__ —     Coffee influences multiple physiological processes, including gut function, stress, cognition, and t...
16:58:36 [INFO] __main__ —   [42013784] abstract OK | 0 MeSH | 4 keywords | Journal Article
16:58:36 [INFO] __main__ —     The effect of coffee consumption and smoking on cognitive function in ea...
16:58:36 [INFO] __main__ —     Background: Cognitive impairment is common in Parkinson's disease (PD). While coffee and smoking red...
16:58:36 [INFO] __main__ —   [42010672] abstract OK | 0 MeSH | 6 keywords | Journal Article
16:58:36 [INFO] __main__ —     Preventing Parkinson's disease in the context of movement disorders: a n...
16:58:36 [INFO] __main__ —     Parkinson's disease (PD) is the fastest growing neurological disorder worldwide and, together with o...
16:58:36 [INFO] __main__ —   [42009777] abstract OK | 14 MeSH | 0 keywords | Journal Article
16:58:36 [INFO] __main__ —     Structural insights into coffee bitter taste perception by TAS2R43 recep...
16:58:36 [INFO] __main__ —     Bitter taste functions as a means of both protection against potentially toxic compounds and savorin...
16:58:36 [INFO] __main__ — =======================================================
16:58:36 [INFO] __main__ — Processando: Diazepam (CHEMBL12)
16:58:36 [INFO] __main__ —   [NOVO]
16:58:37 [INFO] __main__ —   Composto: DIAZEPAM | MW=284.75 | Formula=C16H13ClN2O
16:58:37 [INFO] __main__ —   ADMET: QED=0.79 | aLogP=3.15 | PSA=32.67 | Ro5=0 violacoes
16:58:39 [INFO] __main__ —   Bioatividade: logP = 1.49 None -> No relevant target (None)
16:58:40 [INFO] __main__ —   Bioatividade: ED 50 = 2.5 mg kg-1 -> Mus musculus (Mus musculus)
16:58:42 [INFO] __main__ —   Bioatividade: IC50 = 0.012 uM -> GABA-A receptor; anion channel (Rattus norvegicus)
16:58:43 [INFO] __main__ —   Bioatividade: Pc = 756000000.0 cm s-1 -> Homo sapiens (Homo sapiens)
16:58:44 [INFO] __main__ —   Indicacoes: 20 total | 8 aprovadas | ex: Epilepsy
16:58:45 [INFO] __main__ —   Mecanismos: 1 | tipos: POSITIVE ALLOSTERIC MODULATOR
16:58:46 [INFO] pubmed_client —   efetch: 5/5 artigos parseados | 4 com abstract
16:58:46 [INFO] __main__ —   [42015053] sem abstract | 0 MeSH | 4 keywords | Journal Article
16:58:46 [INFO] __main__ —     Understanding the relationship between lung GABAA receptors and aquapori...
16:58:46 [INFO] __main__ —   [42008313] abstract OK | 11 MeSH | 0 keywords | Journal Article
16:58:46 [INFO] __main__ —     Histochemical Study of Nissl Substance and Astrocytes in a Pentylenetetr...
16:58:46 [INFO] __main__ —     Epilepsy disrupts the transmission of electrical signals within the brain and is characterized by an...
16:58:46 [INFO] __main__ —   [41992795] abstract OK | 12 MeSH | 4 keywords | Journal Article
16:58:46 [INFO] __main__ —     Anticonvulsant Effects of Citronellal, Daidzin, and Phytol, Possibly Thr...
16:58:46 [INFO] __main__ —     Background: Natural compounds, such as citronellal (CTL), daidzin (DZN), and phytol (PHY), have demo...
16:58:46 [INFO] __main__ —   [41992412] abstract OK | 0 MeSH | 6 keywords | Journal Article
16:58:46 [INFO] __main__ —     In Vitro Drug-Drug Interactions between Oxycodone and Commonly Co-Consum...
16:58:46 [INFO] __main__ —     Introduction: Oxycodone is frequently co-consumed with xylazine, etizolam, di-azepam, and methamphet...
16:58:46 [INFO] __main__ —   [41992411] abstract OK | 0 MeSH | 7 keywords | Journal Article
16:58:46 [INFO] __main__ —     Insights from a six-year hair drug analysis compendium in drug-facilitat...
16:58:46 [INFO] __main__ —     Hair analysis is a well-established matrix in forensic toxicology, offering a valuable alternative o...
16:58:47 [INFO] __main__ — =======================================================
16:58:47 [INFO] __main__ — Processando: Morphine (CHEMBL70)
16:58:47 [INFO] __main__ —   [NOVO]
16:58:48 [INFO] __main__ —   Composto: MORPHINE | MW=285.34 | Formula=C17H19NO3
16:58:48 [INFO] __main__ —   ADMET: QED=0.70 | aLogP=1.20 | PSA=52.93 | Ro5=0 violacoes
16:58:50 [INFO] __main__ —   Bioatividade: Relative molar potency = 1.0 None -> Opioid receptor (Mus musculus)
16:58:51 [INFO] __main__ —   Bioatividade: Relative molar potency = 1.0 None -> Opioid receptors; mu/kappa/delta (Homo sapiens)
16:58:52 [INFO] __main__ —   Bioatividade: Molar potency = 6.5 None -> NON-PROTEIN TARGET (None)
16:58:53 [INFO] __main__ —   Bioatividade: Ki = 32.5 nM -> Opioid receptor (Rattus norvegicus)
16:58:54 [INFO] __main__ —   Indicacoes: 42 total | 1 aprovadas | ex: Pain
16:58:56 [INFO] pubmed_client —   efetch: 5/5 artigos parseados | 4 com abstract
16:58:56 [INFO] __main__ —   [42013190] abstract OK | 0 MeSH | 0 keywords | Journal Article
16:58:56 [INFO] __main__ —     Effectiveness of Intraosseous Morphine for Pain Control in Total Knee Ar...
16:58:56 [INFO] __main__ —     Background: Effective pain management following total knee arthroplasty (TKA) is crucial to optimizi...
16:58:56 [INFO] __main__ —   [42010881] abstract OK | 0 MeSH | 3 keywords | Journal Article
16:58:56 [INFO] __main__ —     The Use of Self-Mixed Morphine Gel 0.125% for Topical Pain Control in Pa...
16:58:56 [INFO] __main__ —     Context: Pain control for localized cancer lesions remains challenging, with systemic opioids often ...
16:58:57 [INFO] __main__ —   [42010832] abstract OK | 14 MeSH | 5 keywords | Journal Article
16:58:57 [INFO] __main__ —     Domperidone Modulates Hippocampal D2 Expression, Facilitates Extinction,...
16:58:57 [INFO] __main__ —     Peripheral dopamine D2 receptors (D2R) have been implicated in modulating reward-related behaviors; ...
16:58:57 [INFO] __main__ —   [42010620] sem abstract | 0 MeSH | 6 keywords | Journal Article
16:58:57 [INFO] __main__ —     Opioid-induced transcriptional reprogramming of cerebrospinal fluid immu...
16:58:57 [INFO] __main__ —   [42009620] abstract OK | 0 MeSH | 5 keywords | Journal Article
16:58:57 [INFO] __main__ —     Effectiveness of Music Therapy on Utilization Outcomes among Surgical Pa...
16:58:57 [INFO] __main__ —     Background: Music interventions can be beneficial for reducing post-operative pain and opioid exposu...
16:58:57 [INFO] __main__ — =======================================================
16:58:57 [INFO] __main__ — Processando: Fluoxetine (CHEMBL41)
16:58:57 [INFO] __main__ —   [NOVO]
16:58:58 [INFO] __main__ —   Composto: FLUOXETINE | MW=309.33 | Formula=C17H18F3NO
16:58:58 [INFO] __main__ —   ADMET: QED=0.85 | aLogP=4.44 | PSA=21.26 | Ro5=0 violacoes
16:59:00 [INFO] __main__ —   Bioatividade: Activity = 4.38 g -> Rattus norvegicus (Rattus norvegicus)
16:59:01 [INFO] __main__ —   Indicacoes: 39 total | 0 aprovadas | ex: Stroke
16:59:03 [INFO] pubmed_client —   efetch: 5/5 artigos parseados | 5 com abstract
16:59:03 [INFO] __main__ —   [42011353] abstract OK | 0 MeSH | 5 keywords | Journal Article
16:59:03 [INFO] __main__ —     The modulatory role of 6-gingerol-rich portion of ginger on brain oxidat...
16:59:03 [INFO] __main__ —     Objective: This study was designed to investigate the effect of 6-gingerol-rich extract of ginger (6...
16:59:03 [INFO] __main__ —   [42010648] abstract OK | 5 MeSH | 4 keywords | Journal Article
16:59:03 [INFO] __main__ —     Drug repurposing for disease-modifying effects in multiple system atroph...
16:59:03 [INFO] __main__ —     Multiple system atrophy (MSA) is a rapidly progressive neurodegenerative disorder lacking any proven...
16:59:03 [INFO] __main__ —   [42006145] abstract OK | 0 MeSH | 5 keywords | Journal Article
16:59:03 [INFO] __main__ —     Exploring the mechanism of Yin Huo decoction in PCPA-induced depression ...
16:59:03 [INFO] __main__ —     Introduction: Depression is a prevalent neuropsychiatric disorder, and traditional Chinese medicine ...
16:59:03 [INFO] __main__ —   [42005166] abstract OK | 0 MeSH | 5 keywords | Case Reports
16:59:03 [INFO] __main__ —     Inhibitor-Free Variant of the Cheung Regimen: Successful Adjunctive Ther...
16:59:03 [INFO] __main__ —     Hypochondriacal obsessive-compulsive disorder (OCD) combines intrusive health anxieties with compuls...
16:59:03 [INFO] __main__ —   [42004877] abstract OK | 0 MeSH | 4 keywords | Journal Article
16:59:03 [INFO] __main__ —     Unraveling Persistent Genital Arousal Disorder-A Case Report on Innovati...
16:59:03 [INFO] __main__ —     Persistent genital arousal disorder (PGAD) is a rare and distressing condition characterized by pers...
16:59:04 [INFO] __main__ — =======================================================
16:59:04 [INFO] __main__ — Processando: Sertraline (CHEMBL809)
16:59:04 [INFO] __main__ —   [NOVO]
16:59:05 [INFO] __main__ —   Composto: SERTRALINE | MW=306.24 | Formula=C17H17Cl2N
16:59:05 [INFO] __main__ —   ADMET: QED=0.81 | aLogP=5.18 | PSA=12.03 | Ro5=1 violacoes
16:59:07 [INFO] __main__ —   Bioatividade: Kd = 0.29 nM -> Sodium-dependent serotonin transporter (Homo sapiens)
16:59:08 [INFO] __main__ —   Bioatividade: Kd = 420.0 nM -> Sodium-dependent noradrenaline transporter (Homo sapiens)
16:59:09 [INFO] __main__ —   Bioatividade: Kd = 25.0 nM -> Sodium-dependent dopamine transporter (Homo sapiens)
16:59:10 [INFO] __main__ —   Bioatividade: IC50 = None nM -> Glutamate NMDA receptor (Rattus norvegicus)
16:59:11 [INFO] __main__ —   Bioatividade: Ki = 3.4 nM -> Sodium-dependent serotonin transporter (Rattus norvegicus)
16:59:13 [INFO] __main__ —   Indicacoes: 32 total | 4 aprovadas | ex: Myelodysplastic Syndromes
16:59:15 [INFO] pubmed_client —   efetch: 5/5 artigos parseados | 5 com abstract
16:59:15 [INFO] __main__ —   [42000213] abstract OK | 0 MeSH | 6 keywords | Journal Article
16:59:15 [INFO] __main__ —     Treatment patterns of agitation associated with Alzheimer's dementia (AA...
16:59:15 [INFO] __main__ —     Objectives: Explore treatment patterns of Canadian patients with AAD to understand variability in cl...
16:59:15 [INFO] __main__ —   [41991716] abstract OK | 0 MeSH | 0 keywords | Journal Article
16:59:15 [INFO] __main__ —     Sterol pathway disruption in pregnancy: a link to autism....
16:59:15 [INFO] __main__ —     Cholesterol is a vital molecule, especially during embryonic development. Disruption of the choleste...
16:59:15 [INFO] __main__ —   [41987814] abstract OK | 0 MeSH | 5 keywords | Case Reports
16:59:15 [INFO] __main__ —     Case Report: Pharmacogenetically-triggered fatal serotonin syndrome foll...
16:59:15 [INFO] __main__ —     Serotonin syndrome (SS) is a potentially life-threatening condition resulting from excessive seroton...
16:59:15 [INFO] __main__ —   [41985010] abstract OK | 10 MeSH | 8 keywords | Journal Article
16:59:15 [INFO] __main__ —     When There is no Available Evidence-Targeted Management of Comorbid Anxi...
16:59:15 [INFO] __main__ —     Jake is a 13-year-old boy with autism spectrum disorder with an accompanying language impairment and...
16:59:15 [INFO] __main__ —   [41982666] abstract OK | 0 MeSH | 5 keywords | Journal Article
16:59:15 [INFO] __main__ —     Pharmacokinetics of acute sertraline overdose: an observational retrospe...
16:59:15 [INFO] __main__ —     Background: Sertraline, a selective serotonin reuptake inhibitor is commonly prescribed for adolesce...
16:59:15 [INFO] __main__ — =======================================================
16:59:15 [INFO] __main__ — Processando: Warfarin (CHEMBL1464)
16:59:15 [INFO] __main__ —   [NOVO]
16:59:16 [INFO] __main__ —   Composto: WARFARIN | MW=308.33 | Formula=C19H16O4
16:59:16 [INFO] __main__ —   ADMET: QED=0.75 | aLogP=3.61 | PSA=67.51 | Ro5=0 violacoes
16:59:18 [INFO] __main__ —   Bioatividade: Log K' = 0.04 None -> Albumin (Homo sapiens)
16:59:20 [INFO] __main__ —   Bioatividade: Kd = 9.0 uM -> Unchecked (None)
16:59:21 [INFO] __main__ —   Indicacoes: 61 total | 2 aprovadas | ex: Dermatitis, Atopic
16:59:23 [INFO] pubmed_client —   efetch: 5/5 artigos parseados | 5 com abstract
16:59:23 [INFO] __main__ —   [42017068] abstract OK | 0 MeSH | 8 keywords | Journal Article
16:59:23 [INFO] __main__ —     Causal Effects of Atrial Fibrillation and Warfarin Use on Osteoporosis R...
16:59:23 [INFO] __main__ —     Objective: A number of observational studies have previously reported an association between atrial ...
16:59:23 [INFO] __main__ —   [42016690] abstract OK | 0 MeSH | 5 keywords | Journal Article
16:59:23 [INFO] __main__ —     Influence of Serum Carbamazepine Concentration on the Anticoagulant Effe...
16:59:23 [INFO] __main__ —     This case demonstrates an inverse relationship between serum carbamazepine concentration and the pro...
16:59:23 [INFO] __main__ —   [42016519] abstract OK | 0 MeSH | 4 keywords | Journal Article
16:59:23 [INFO] __main__ —     Perioperative low molecular weight heparin bridging in aortic mechanical...
16:59:23 [INFO] __main__ —     Background and study aims: Optimal management of anticoagulation for patients with aortic mechanical...
16:59:23 [INFO] __main__ —   [42014017] abstract OK | 0 MeSH | 4 keywords | Journal Article
16:59:23 [INFO] __main__ —     Mean Platelet Volume Shows Distinct Patterns Between Mitral and Aortic V...
16:59:23 [INFO] __main__ —     Mechanical heart valve replacement necessitates long-term warfarin anticoagulation to prevent thromb...
16:59:23 [INFO] __main__ —   [42010256] abstract OK | 18 MeSH | 0 keywords | Journal Article
16:59:23 [INFO] __main__ —     Cost-effectiveness of genotype-guided acenocoumarol therapy in atrial fi...
16:59:23 [INFO] __main__ —     Cardiovascular diseases are the leading cause of death in Chile and worldwide, representing a major ...
16:59:23 [INFO] __main__ — =======================================================
16:59:23 [INFO] __main__ — Processando: Amlodipine (CHEMBL1491)
16:59:23 [INFO] __main__ —   [NOVO]
16:59:24 [INFO] __main__ —   Composto: AMLODIPINE | MW=408.88 | Formula=C20H25ClN2O5
16:59:24 [INFO] __main__ —   ADMET: QED=0.50 | aLogP=2.27 | PSA=99.88 | Ro5=0 violacoes
16:59:26 [INFO] __main__ —   Bioatividade: -Log IC50 = 8.7 None -> NON-PROTEIN TARGET (None)
16:59:27 [INFO] __main__ —   Bioatividade: -Log IC25 = None None -> Cavia porcellus (Cavia porcellus)
16:59:28 [INFO] __main__ —   Bioatividade: Plasma clearance = 11.0 ml min-1 kg-1 -> Canis familiaris (Canis lupus familiaris)
16:59:30 [INFO] __main__ —   Indicacoes: 31 total | 1 aprovadas | ex: Cardiovascular Diseases
16:59:34 [INFO] pubmed_client —   efetch: 5/5 artigos parseados | 5 com abstract
16:59:34 [INFO] __main__ —   [42016016] abstract OK | 0 MeSH | 5 keywords | Case Reports
16:59:34 [INFO] __main__ —     Effectiveness and Safety of Telmisartan Plus Amlodipine Compared to Telm...
16:59:34 [INFO] __main__ —     Purpose: To assess the effectiveness and safety of telmisartan-amlodipine (TA) versus telmisartan-ci...
16:59:34 [INFO] __main__ —   [42004871] abstract OK | 0 MeSH | 4 keywords | Journal Article
16:59:34 [INFO] __main__ —     A Case Report of Acute Renal Failure due to Amlodipine Overdose and Alco...
16:59:34 [INFO] __main__ —     Amlodipine intoxication is clinically common yet life-threatening, usually resulting in severe cardi...
16:59:34 [INFO] __main__ —   [41994156] abstract OK | 0 MeSH | 8 keywords | Journal Article
16:59:34 [INFO] __main__ —     Pre-Emptive Amlodipine for FOLFIRINOX-Induced Hypertensive Crises Withou...
16:59:34 [INFO] __main__ —     FOLFIRINOX remains a cornerstone therapy for advanced pancreatic ductal adenocarcinoma (PDAC), but i...
16:59:34 [INFO] __main__ —   [41984565] abstract OK | 13 MeSH | 5 keywords | English Abstract
16:59:34 [INFO] __main__ —     [Drug-drug interactions with Mexidol in patients with ischemic stroke: A...
16:59:34 [INFO] __main__ —     Objective: Identification of drug-drug interaction of Mexidol when used in patients with ischemic st...
16:59:34 [INFO] __main__ —   [41970001] abstract OK | 0 MeSH | 4 keywords | Journal Article
16:59:34 [INFO] __main__ —     Exploratory comparative pharmacokinetic study of a fixed-dose combinatio...
16:59:34 [INFO] __main__ —     Low-dose combination therapies are recommended when monotherapy fails to control hypertension. This ...
16:59:34 [INFO] __main__ — =======================================================
16:59:34 [INFO] __main__ — Processando: Lisinopril (CHEMBL1237)
16:59:34 [INFO] __main__ —   [NOVO]
16:59:35 [INFO] __main__ —   Composto: LISINOPRIL ANHYDROUS | MW=405.50 | Formula=C21H31N3O5
16:59:35 [INFO] __main__ —   ADMET: QED=0.38 | aLogP=1.24 | PSA=132.96 | Ro5=0 violacoes
16:59:38 [INFO] __main__ —   Bioatividade: IC50 = 1.2 nM -> Angiotensin-converting enzyme (Homo sapiens)
16:59:39 [INFO] __main__ —   Bioatividade: IC50 = 1.2 nM -> Unchecked (None)
16:59:40 [INFO] __main__ —   Indicacoes: 28 total | 0 aprovadas | ex: Azoospermia
16:59:42 [INFO] pubmed_client —   efetch: 2/2 artigos parseados | 2 com abstract
16:59:42 [INFO] __main__ —   [23873413] abstract OK | 12 MeSH | 10 keywords | Journal Article
16:59:42 [INFO] __main__ —     Lisinopril dihydrate: single-crystal x-ray structure and physicochemical...
16:59:42 [INFO] __main__ —     Screening for new solid forms of the antihypertensive lisinopril was performed by recrystallization ...
16:59:42 [INFO] __main__ —   [11145138] abstract OK | 10 MeSH | 0 keywords | Journal Article
16:59:42 [INFO] __main__ —     Thermal-Dependent dehydration process and intramolecular cyclization of ...
16:59:42 [INFO] __main__ —     The pathway of dehydration and intramolecular cyclization of lisinopril dihydrate in the solid state...
16:59:42 [INFO] __main__ — =======================================================
16:59:42 [INFO] __main__ — Processando: Losartan (CHEMBL191)
16:59:42 [INFO] __main__ —   [NOVO]
16:59:43 [INFO] __main__ —   Composto: LOSARTAN | MW=422.92 | Formula=C22H23ClN6O
16:59:43 [INFO] __main__ —   ADMET: QED=0.44 | aLogP=4.27 | PSA=92.51 | Ro5=0 violacoes
16:59:45 [INFO] __main__ —   Bioatividade: IC50 = 34.7 nM -> Angiotensin II receptor (AT-1) type-1 (Rattus norvegicus)
16:59:46 [INFO] __main__ —   Bioatividade: Inhibition = -72.0 % -> Rattus norvegicus (Rattus norvegicus)
16:59:48 [INFO] __main__ —   Bioatividade: AUC = -17707.0 None -> ADMET (None)
16:59:49 [INFO] __main__ —   Bioatividade: IC50 = 0.082 uM -> Angiotensin II receptor (Rattus norvegicus)
16:59:50 [INFO] __main__ —   Bioatividade: IC50 = 40.0 nM -> Type-1 angiotensin II receptor (Oryctolagus cuniculus)
16:59:51 [INFO] __main__ —   Indicacoes: 45 total | 1 aprovadas | ex: Cardiovascular Diseases
16:59:53 [INFO] pubmed_client —   efetch: 5/5 artigos parseados | 5 com abstract
16:59:53 [INFO] __main__ —   [42017270] abstract OK | 13 MeSH | 0 keywords | Journal Article
16:59:53 [INFO] __main__ —     Multi-Omics Reveals Mechanisms of Metabolic Rejuvenation in Aged Mice an...
16:59:53 [INFO] __main__ —     Aging is associated with significant alterations in systemic metabolism across species. We employed ...
16:59:53 [INFO] __main__ —   [42004512] abstract OK | 0 MeSH | 7 keywords | Journal Article
16:59:53 [INFO] __main__ —     Cardiovascular effects of ventrolateral periaqueductal gray (vlPAG) AT1 ...
16:59:53 [INFO] __main__ —     Objectives: The ventrolateral periaqueductal gray (vlPAG) regulates cardiovascular function. Given t...
16:59:53 [INFO] __main__ —   [42002633] abstract OK | 0 MeSH | 4 keywords | Journal Article
16:59:53 [INFO] __main__ —     Effects of Sacubitril/Allisartan versus Olmesartan on serum uric acid in...
16:59:53 [INFO] __main__ —     Hyperuricaemia is a known cardiovascular risk factor. Several angiotensin receptor blockers, such as...
16:59:53 [INFO] __main__ —   [41999707] abstract OK | 0 MeSH | 5 keywords | Journal Article
16:59:53 [INFO] __main__ —     Targeting USP4 to inhibit TGF-β signaling: the antifibrotic potential of...
16:59:53 [INFO] __main__ —     Background: Renal interstitial fibrosis (RIF), driven by persistent TGF-β signaling, is a hallmark o...
16:59:53 [INFO] __main__ —   [41994156] abstract OK | 0 MeSH | 8 keywords | Journal Article
16:59:53 [INFO] __main__ —     Pre-Emptive Amlodipine for FOLFIRINOX-Induced Hypertensive Crises Withou...
16:59:53 [INFO] __main__ —     FOLFIRINOX remains a cornerstone therapy for advanced pancreatic ductal adenocarcinoma (PDAC), but i...
16:59:54 [INFO] __main__ — =======================================================
16:59:54 [INFO] __main__ — Processando: Simvastatin (CHEMBL1064)
16:59:54 [INFO] __main__ —   [NOVO]
16:59:55 [INFO] __main__ —   Composto: SIMVASTATIN | MW=418.57 | Formula=C25H38O5
16:59:55 [INFO] __main__ —   ADMET: QED=0.64 | aLogP=4.59 | PSA=72.83 | Ro5=0 violacoes
16:59:57 [INFO] __main__ —   Bioatividade: TC = -41.0 % -> Cricetinae gen. sp. (Cricetinae gen. sp.)
16:59:58 [INFO] __main__ —   Bioatividade: IC50 = 40.0 nM -> HepG2 (Homo sapiens)
16:59:59 [INFO] __main__ —   Bioatividade: logD = 4.68 None -> No relevant target (None)
17:00:00 [INFO] __main__ —   Bioatividade: delta logD = 0.0 None -> ADMET (None)
17:00:04 [INFO] __main__ —   Indicacoes: 109 total | 10 aprovadas | ex: Pulmonary Disease, Chronic Obstructive
17:00:05 [INFO] __main__ —   Mecanismos: 1 | tipos: INHIBITOR
17:00:06 [INFO] pubmed_client —   efetch: 5/5 artigos parseados | 4 com abstract
17:00:06 [INFO] __main__ —   [42010721] abstract OK | 0 MeSH | 10 keywords | Journal Article
17:00:06 [INFO] __main__ —     Reengineering statin therapy to protect skeletal muscle: nanocarrier str...
17:00:06 [INFO] __main__ —     Statins remain the cornerstone of atherosclerotic cardiovascular disease prevention; however, their ...
17:00:06 [INFO] __main__ —   [42003259] abstract OK | 0 MeSH | 0 keywords | Journal Article
17:00:06 [INFO] __main__ —     Ameliorative effects of red-fleshed apple flavonoid extracts (RAFEs) on ...
17:00:06 [INFO] __main__ —     Metabolic dysfunction-associated steatotic liver disease (MASLD) is the most prevalent chronic liver...
17:00:06 [INFO] __main__ —   [42002701] sem abstract | 0 MeSH | 0 keywords | Journal Article
17:00:06 [INFO] __main__ —     Simvastatin in liver diseases: therapeutic value and research advances....
17:00:06 [INFO] __main__ —   [41997511] abstract OK | 0 MeSH | 15 keywords | Journal Article
17:00:06 [INFO] __main__ —     Endogenous and exogenous stimuli-responsive nanoparticles in the diagnos...
17:00:06 [INFO] __main__ —     Atherosclerosis (AS), a chronic inflammatory disease characterized by lipid deposition in the arteri...
17:00:06 [INFO] __main__ —   [41994597] abstract OK | 0 MeSH | 5 keywords | Journal Article
17:00:06 [INFO] __main__ —     Silk-coated PLGA non-spherical microparticles for simvastatin delivery i...
17:00:06 [INFO] __main__ —     Maxillofacial bone defects present a major challenge in clinical practice. Bone grafting and bone ti...
17:00:06 [INFO] __main__ — =======================================================
17:00:06 [INFO] __main__ — Processando: Atorvastatin (CHEMBL1487)
17:00:06 [INFO] __main__ —   [NOVO]
17:00:07 [INFO] __main__ —   Composto: ATORVASTATIN | MW=558.65 | Formula=C33H35FN2O5
17:00:07 [INFO] __main__ —   ADMET: QED=0.16 | aLogP=6.31 | PSA=111.79 | Ro5=2 violacoes
17:00:09 [INFO] __main__ —   Bioatividade: IC50 = 6.0 nM -> 3-hydroxy-3-methylglutaryl-coenzyme A reductase (Homo sapiens)
17:00:10 [INFO] __main__ —   Bioatividade: F = 14.0 % -> Homo sapiens (Homo sapiens)
17:00:12 [INFO] __main__ —   Bioatividade: IC50 = 12.0 nM -> 3-hydroxy-3-methylglutaryl-coenzyme A reductase (Rattus norvegicus)
17:00:13 [INFO] __main__ —   Bioatividade: Inhibition = 66.0 % -> Dipeptidyl peptidase 4 (Sus scrofa)
17:00:15 [INFO] __main__ —   Indicacoes: 108 total | 1 aprovadas | ex: Cardiovascular Diseases
17:00:17 [INFO] pubmed_client —   efetch: 5/5 artigos parseados | 5 com abstract
17:00:17 [INFO] __main__ —   [42017316] abstract OK | 0 MeSH | 4 keywords | Journal Article
17:00:17 [INFO] __main__ —     Comparative Efficacy of Statins Versus PCSK9 Inhibitors in Coronary Hear...
17:00:17 [INFO] __main__ —     Background: Combining PCSK9 (proprotein convertase subtilisin/kexin type 9) inhibitors with statins ...
17:00:17 [INFO] __main__ —   [42015365] abstract OK | 0 MeSH | 6 keywords | Journal Article
17:00:17 [INFO] __main__ —     An environmentally relevant mixture of organophosphate esters induces ch...
17:00:17 [INFO] __main__ —     Organophosphate esters (OPEs), widely used as flame retardants and plasticizers, are environmental t...
17:00:17 [INFO] __main__ —   [42011589] abstract OK | 13 MeSH | 4 keywords | English Abstract
17:00:17 [INFO] __main__ —     [Mechanism of Shuxiong Prescription in treating non-alcoholic fatty live...
17:00:17 [INFO] __main__ —     This study established a rat model of non-alcoholic fatty liver disease(NAFLD) to investigate the th...
17:00:17 [INFO] __main__ —   [42011373] abstract OK | 0 MeSH | 5 keywords | Journal Article
17:00:17 [INFO] __main__ —     Pre-existing statin use and recurrence in relation to hematoma architect...
17:00:17 [INFO] __main__ —     Introduction: Chronic subdural hematoma (cSDH) affects increasing patient numbers annually, with pos...
17:00:17 [INFO] __main__ —   [42011288] abstract OK | 0 MeSH | 4 keywords | Journal Article
17:00:17 [INFO] __main__ —     Synergistic effects of arsenic trioxide and atorvastatin on proliferatio...
17:00:17 [INFO] __main__ —     Statins and arsenic trioxide (ATO) are known for their significant anti-neoplastic properties; howev...
17:00:18 [INFO] __main__ — =======================================================
17:00:18 [INFO] __main__ — Processando: Sildenafil (CHEMBL192)
17:00:18 [INFO] __main__ —   [NOVO]
17:00:19 [INFO] __main__ —   Composto: SILDENAFIL | MW=474.59 | Formula=C22H30N6O4S
17:00:19 [INFO] __main__ —   ADMET: QED=0.55 | aLogP=1.61 | PSA=113.42 | Ro5=0 violacoes
17:00:20 [INFO] __main__ —   Bioatividade: Pc = 87000000.0 cm s-1 -> Homo sapiens (Homo sapiens)
17:00:22 [INFO] __main__ —   Bioatividade: Papp = 48000000.0 cm s-1 -> ADMET (None)
17:00:23 [INFO] __main__ —   Bioatividade: IC50 = 300.0 nM -> Phosphodiesterase 1 (Rattus norvegicus)
17:00:24 [INFO] __main__ —   Indicacoes: 60 total | 2 aprovadas | ex: Idiopathic Pulmonary Fibrosis
17:00:26 [INFO] pubmed_client —   efetch: 5/5 artigos parseados | 5 com abstract
17:00:26 [INFO] __main__ —   [42008323] abstract OK | 8 MeSH | 4 keywords | Journal Article
17:00:26 [INFO] __main__ —     Traditional Approaches to Treating Erectile Dysfunction in Africa....
17:00:26 [INFO] __main__ —     Erectile dysfunction (ED) is an increasingly prevalent global health issue. Although FDA-approved   ...
17:00:26 [INFO] __main__ —   [42005474] abstract OK | 0 MeSH | 7 keywords | Journal Article
17:00:26 [INFO] __main__ —     Aphrodisiac Drug and Dental Health: A Systematic Review....
17:00:26 [INFO] __main__ —     Aphrodisiac drugs, including both synthetic agents such as sildenafil and herbal formulations like g...
17:00:26 [INFO] __main__ —   [41997510] abstract OK | 0 MeSH | 5 keywords | Journal Article
17:00:26 [INFO] __main__ —     Advancing topical administration of sildenafil toward clinical translati...
17:00:26 [INFO] __main__ —     Sildenafil citrate, a selective phosphodiesterase type 5 (PDE5) inhibitor, is widely used to treat e...
17:00:26 [INFO] __main__ —   [41992590] abstract OK | 11 MeSH | 7 keywords | Journal Article
17:00:26 [INFO] __main__ —     Genetic Association of Sexual Behavior, Sildenafil, and Hormonal Contrac...
17:00:26 [INFO] __main__ —     Background: The observational research indicates that risky sexual activities contribute to the deve...
17:00:26 [INFO] __main__ —   [41989957] abstract OK | 0 MeSH | 0 keywords | Journal Article
17:00:26 [INFO] __main__ —     Fetal tadalafil exposure increases pulmonary blood flow and reduces righ...
17:00:26 [INFO] __main__ —     Introduction: Fetal growth restriction (FGR) increases the risk of poor in utero, neonatal and long-...
17:00:27 [INFO] __main__ — =======================================================
17:00:27 [INFO] __main__ — Processando: Metformin (CHEMBL1431)
17:00:27 [INFO] __main__ —   [NOVO]
17:00:28 [INFO] __main__ —   Composto: METFORMIN | MW=129.17 | Formula=C4H11N5
17:00:28 [INFO] __main__ —   ADMET: QED=0.25 | aLogP=-1.03 | PSA=88.99 | Ro5=0 violacoes
17:00:30 [INFO] __main__ —   Bioatividade: Glucose rise = 68.0 mg dl-1 -> Rattus norvegicus (Rattus norvegicus)
17:00:31 [INFO] __main__ —   Bioatividade: BGL = 86.0 % -> Mus musculus (Mus musculus)
17:00:35 [INFO] __main__ —   Indicacoes: 157 total | 1 aprovadas | ex: Diabetes, Gestational
17:00:37 [INFO] pubmed_client —   efetch: 5/5 artigos parseados | 4 com abstract
17:00:37 [INFO] __main__ —   [42014289] abstract OK | 0 MeSH | 6 keywords | Journal Article
17:00:37 [INFO] __main__ —     H19 long noncoding RNA in maternal obesity-driven metabolic programming....
17:00:37 [INFO] __main__ —     Maternal obesity alters H19 expression, disrupting epigenetic modifications during embryonic develop...
17:00:37 [INFO] __main__ —   [42012392] sem abstract | 0 MeSH | 0 keywords | Editorial
17:00:37 [INFO] __main__ —     Editorial Expression of Concern: Metformin attenuates ischemia/reperfusi...
17:00:37 [INFO] __main__ —   [42011490] abstract OK | 0 MeSH | 6 keywords | Journal Article
17:00:37 [INFO] __main__ —     Spatiotemporal liposome-zwitterionic nano-hydrogel orchestrates immunomo...
17:00:37 [INFO] __main__ —     Following spinal cord injury (SCI), the sequential dysregulation of the inflammatory microenvironmen...
17:00:37 [INFO] __main__ —   [42011346] abstract OK | 0 MeSH | 4 keywords | Journal Article
17:00:37 [INFO] __main__ —     Dexamethasone-induced hepatic biochemical and pathological damages are a...
17:00:37 [INFO] __main__ —     Objective: The protective effects of ethanolic extract of Cynodon dactylon (CD) on dexamethasone (DE...
17:00:37 [INFO] __main__ —   [42010968] abstract OK | 12 MeSH | 5 keywords | Journal Article
17:00:37 [INFO] __main__ —     Development and Validation of the Bioanalytical UHPLC-MS/MS Method for t...
17:00:37 [INFO] __main__ —     Branebrutinib (BRNB) is a selective, oral Bruton's Tyrosine Kinase (BTK) inhibitor under clinical de...
17:00:37 [INFO] __main__ — =======================================================
17:00:37 [INFO] __main__ — Processando: Dexamethasone (CHEMBL384467)
17:00:37 [INFO] __main__ —   [NOVO]
17:00:38 [INFO] __main__ —   Composto: DEXAMETHASONE | MW=392.47 | Formula=C22H29FO5
17:00:38 [INFO] __main__ —   ADMET: QED=0.67 | aLogP=1.90 | PSA=94.83 | Ro5=0 violacoes
17:00:40 [INFO] __main__ —   Bioatividade: logP = 1.74 None -> No relevant target (None)
17:00:41 [INFO] __main__ —   Bioatividade: Log B/F = 0.454 None -> Albumin (Homo sapiens)
17:00:42 [INFO] __main__ —   Bioatividade: Log B/F = 0.362 None -> Cavia porcellus (Cavia porcellus)
17:00:43 [INFO] __main__ —   Bioatividade: Inhibition = 95.0 % -> Rattus norvegicus (Rattus norvegicus)
17:00:44 [INFO] __main__ —   Bioatividade: Vdss = 0.8 l kg-1 -> ADMET (None)
17:00:50 [INFO] __main__ —   Indicacoes: 317 total | 79 aprovadas | ex: Eye Diseases
17:00:51 [INFO] __main__ —   Mecanismos: 1 | tipos: AGONIST
17:00:52 [INFO] pubmed_client —   efetch: 5/5 artigos parseados | 5 com abstract
17:00:52 [INFO] __main__ —   [42018190] abstract OK | 0 MeSH | 5 keywords | Journal Article
17:00:52 [INFO] __main__ —     Predictive biomarkers of placebo response in patients with cancer: an ex...
17:00:52 [INFO] __main__ —     Purpose: Placebo effect is commonly observed in symptom management randomized clinical trials. Howev...
17:00:52 [INFO] __main__ —   [42017727] abstract OK | 0 MeSH | 1 keywords | Case Reports
17:00:52 [INFO] __main__ —     Human monocytic ehrlichiosis-associated haemophagocytic lymphohistiocyto...
17:00:52 [INFO] __main__ —     Human monocytic ehrlichiosis (HME) is a tick-borne infection caused by Ehrlichia chaffeensis. Haemop...
17:00:52 [INFO] __main__ —   [42017688] abstract OK | 0 MeSH | 4 keywords | Journal Article
17:00:52 [INFO] __main__ —     Efficacy of Dexamethasone in Adhesive Small Bowel Obstruction....
17:00:52 [INFO] __main__ —     Background: Small bowel obstruction (SBO) is a common long-term complication following abdominal sur...
17:00:52 [INFO] __main__ —   [42017149] abstract OK | 0 MeSH | 9 keywords | Journal Article
17:00:52 [INFO] __main__ —     Personalized Multimodal and Opioid-Sparing Analgesia for Postoperative P...
17:00:52 [INFO] __main__ —     Postoperative pain remains a persistent clinical challenge affecting more than 80% of surgical patie...
17:00:52 [INFO] __main__ —   [42017105] abstract OK | 0 MeSH | 5 keywords | Case Reports
17:00:52 [INFO] __main__ —     Severe Bicytopenia and Neutropenic Fever in a Patient With COVID-19 Pneu...
17:00:52 [INFO] __main__ —     Coronavirus disease 2019 (COVID-19) is a multisystemic viral infection that primarily affects the re...
17:00:53 [INFO] __main__ — =======================================================
17:00:53 [INFO] __main__ — Processando: Omeprazole (CHEMBL1503)
17:00:53 [INFO] __main__ —   [NOVO]
17:00:54 [INFO] __main__ —   Composto: OMEPRAZOLE | MW=345.42 | Formula=C17H19N3O3S
17:00:54 [INFO] __main__ —   ADMET: QED=0.72 | aLogP=2.90 | PSA=83.09 | Ro5=0 violacoes
17:00:56 [INFO] __main__ —   Bioatividade: Inhibition = 90.0 % -> Equus caballus (Equus caballus)
17:00:57 [INFO] __main__ —   Bioatividade: Vdss = 0.34 l kg-1 -> ADMET (None)
17:00:58 [INFO] __main__ —   Indicacoes: 74 total | 8 aprovadas | ex: Erectile Dysfunction
17:00:59 [INFO] __main__ —   Mecanismos: 1 | tipos: INHIBITOR
17:01:00 [INFO] pubmed_client —   efetch: 5/5 artigos parseados | 5 com abstract
17:01:00 [INFO] __main__ —   [42011617] abstract OK | 16 MeSH | 5 keywords | English Abstract
17:01:00 [INFO] __main__ —     [Network pharmacology and experimental validation reveal therapeutic mec...
17:01:00 [INFO] __main__ —     This study integrated network pharmacology, molecular docking, and animal experiments to investigate...
17:01:00 [INFO] __main__ —   [42010200] abstract OK | 0 MeSH | 4 keywords | Journal Article
17:01:00 [INFO] __main__ —     Protective effect of magnesium on indomethacin-induced gastric ulcer in ...
17:01:00 [INFO] __main__ —     Gastric ulcer disease is a common problem of the gastrointestinal tract, with increasing incidence a...
17:01:00 [INFO] __main__ —   [42003086] abstract OK | 15 MeSH | 4 keywords | Journal Article
17:01:00 [INFO] __main__ —     Effects of Cedirogant on the Pharmacokinetics of Sensitive Cytochrome P4...
17:01:00 [INFO] __main__ —     This study aimed to characterize the effects of cedirogant, an inverse agonist of retinoic acid-rela...
17:01:00 [INFO] __main__ —   [41989821] abstract OK | 0 MeSH | 0 keywords | Journal Article
17:01:00 [INFO] __main__ —     Fluorinative Cyclization of ortho-Diisocyanoarenes: One-Pot Synthesis of...
17:01:00 [INFO] __main__ —     N-Fluoroalkyl azoles are vital drug motifs, yet their synthesis remains challenging. We report a one...
17:01:00 [INFO] __main__ —   [41989500] abstract OK | 0 MeSH | 6 keywords | Journal Article
17:01:00 [INFO] __main__ —     Beneficial Herb-Drug Interaction of Shenqi Oral Liquid on Atorvastatin: ...
17:01:00 [INFO] __main__ —     Objective: To investigate the pharmacodynamic and pharmacokinetic interactions between Shenqi Oral L...
17:01:01 [INFO] __main__ — =======================================================
17:01:01 [INFO] __main__ — Processando: Amoxicillin (CHEMBL1082)
17:01:01 [INFO] __main__ —   [NOVO]
17:01:02 [INFO] __main__ —   Composto: AMOXICILLIN | MW=365.41 | Formula=C16H19N3O5S
17:01:02 [INFO] __main__ —   ADMET: QED=0.55 | aLogP=0.02 | PSA=132.96 | Ro5=0 violacoes
17:01:04 [INFO] __main__ —   Bioatividade: Log K' = 1.21 None -> Albumin (Homo sapiens)
17:01:06 [INFO] __main__ —   Bioatividade: MIC = 0.021 ug ml-1 -> Helicobacter pylori (Helicobacter pylori)
17:01:07 [INFO] __main__ —   Bioatividade: MIC = 2.2 ug ml-1 -> Campylobacter jejuni (Campylobacter jejuni)
17:01:08 [INFO] __main__ —   Bioatividade: MIC = 0.28 ug ml-1 -> Clostridioides difficile (Clostridioides difficile)
17:01:09 [INFO] __main__ —   Bioatividade: MIC = 0.027 ug ml-1 -> Clostridium perfringens (Clostridium perfringens)
17:01:11 [INFO] __main__ —   Indicacoes: 74 total | 14 aprovadas | ex: Duodenal Ulcer
17:01:12 [INFO] __main__ —   Mecanismos: 1 | tipos: INHIBITOR
17:01:13 [INFO] pubmed_client —   efetch: 5/5 artigos parseados | 5 com abstract
17:01:13 [INFO] __main__ —   [42018267] abstract OK | 0 MeSH | 6 keywords | Journal Article
17:01:13 [INFO] __main__ —     Unilateral orbital mass as the initial presentation of pediatric antineu...
17:01:13 [INFO] __main__ —     Background: Eosinophilic granulomatosis with polyangiitis (EGPA), formerly known as Churg-Strauss sy...
17:01:13 [INFO] __main__ —   [42018226] abstract OK | 0 MeSH | 5 keywords | Journal Article
17:01:13 [INFO] __main__ —     Impact of Probiotic-Adjunctive Vonoprazan-Amoxicillin Dual Therapy on Gu...
17:01:13 [INFO] __main__ —     Background: This study evaluates the impact of Bacillus subtilis dual-strain enteric-coated capsules...
17:01:13 [INFO] __main__ —   [42017711] abstract OK | 0 MeSH | 1 keywords | Journal Article
17:01:13 [INFO] __main__ —     Epidemiological and antibiotic susceptibility pattern of bacterial paron...
17:01:13 [INFO] __main__ —     Objectives: To identify the bacterial aetiology of paronychia, and assess the antibiotic resistance ...
17:01:13 [INFO] __main__ —   [42017178] abstract OK | 0 MeSH | 4 keywords | Journal Article
17:01:13 [INFO] __main__ —     Rare Case of Lemierre's Syndrome: Porphyromonas asaccharolytica-Induced ...
17:01:13 [INFO] __main__ —     Introduction: Lemierre's syndrome, characterized by internal jugular vein thrombosis and secondary s...
17:01:13 [INFO] __main__ —   [42016454] abstract OK | 0 MeSH | 3 keywords | Journal Article
17:01:13 [INFO] __main__ —     Evaluating Dog Bite-Induced Facial Trauma: A Study From a Single Tertiar...
17:01:13 [INFO] __main__ —     Objective: Analyze demographic and clinical factors for patients presenting with dog bites to the fa...
17:01:13 [INFO] __main__ — =======================================================
17:01:13 [INFO] __main__ — Processando: Ciprofloxacin (CHEMBL8)
17:01:13 [INFO] __main__ —   [NOVO]
17:01:14 [INFO] __main__ —   Composto: CIPROFLOXACIN | MW=331.35 | Formula=C17H18FN3O3
17:01:14 [INFO] __main__ —   ADMET: QED=0.89 | aLogP=1.58 | PSA=74.57 | Ro5=0 violacoes
17:01:16 [INFO] __main__ —   Bioatividade: MIC = 0.0381 ug ml-1 -> Klebsiella pneumoniae (Klebsiella pneumoniae)
17:01:17 [INFO] __main__ —   Bioatividade: MIC = 0.0095 ug ml-1 -> Shigella sonnei (Shigella sonnei)
17:01:18 [INFO] __main__ —   Bioatividade: MIC = 0.0095 ug ml-1 -> Shigella boydii (Shigella boydii)
17:01:19 [INFO] __main__ —   Bioatividade: MIC = 0.019 ug ml-1 -> Plesiomonas shigelloides (Plesiomonas shigelloides)
17:01:21 [INFO] __main__ —   Indicacoes: 62 total | 13 aprovadas | ex: Anthrax
17:01:21 [INFO] __main__ —   Mecanismos: 2 | tipos: INHIBITOR
17:01:22 [INFO] pubmed_client —   efetch: 5/5 artigos parseados | 5 com abstract
17:01:23 [INFO] __main__ —   [42018267] abstract OK | 0 MeSH | 6 keywords | Journal Article
17:01:23 [INFO] __main__ —     Unilateral orbital mass as the initial presentation of pediatric antineu...
17:01:23 [INFO] __main__ —     Background: Eosinophilic granulomatosis with polyangiitis (EGPA), formerly known as Churg-Strauss sy...
17:01:23 [INFO] __main__ —   [42016916] abstract OK | 0 MeSH | 0 keywords | Journal Article
17:01:23 [INFO] __main__ —     Empirical antibiotic therapy in acute orthopaedic infections: difference...
17:01:23 [INFO] __main__ —     Background: The selection of empirical antibiotic therapy for early postoperative orthopaedic infect...
17:01:23 [INFO] __main__ —   [42016371] abstract OK | 0 MeSH | 5 keywords | Journal Article
17:01:23 [INFO] __main__ —     Synergistic Anti-Biofilm and Bactericidal Activity of Ethanol and Chlorh...
17:01:23 [INFO] __main__ —     Introduction: Healthcare-associated infections (HAIs), particularly in dialysis units, remain a sign...
17:01:23 [INFO] __main__ —   [42013121] abstract OK | 7 MeSH | 0 keywords | Journal Article
17:01:23 [INFO] __main__ —     Prevalence of antimicrobial resistance in Tanzania: A systematic review ...
17:01:23 [INFO] __main__ —     Antimicrobial resistance (AMR) threatens global health, and understanding resistance patterns aids i...
17:01:23 [INFO] __main__ —   [42012583] abstract OK | 0 MeSH | 6 keywords | Journal Article
17:01:23 [INFO] __main__ —     Controlling Staphylococcus aureus skin infections by targeting biofilm a...
17:01:23 [INFO] __main__ —     Staphylococcus aureus is a major skin pathogen that causes a broad spectrum of infections, ranging f...
17:01:23 [INFO] __main__ — =======================================================
17:01:23 [INFO] __main__ — Processando: Oseltamivir (CHEMBL1229)
17:01:23 [INFO] __main__ —   [NOVO]
17:01:24 [INFO] __main__ —   Composto: OSELTAMIVIR | MW=312.41 | Formula=C16H28N2O4
17:01:24 [INFO] __main__ —   ADMET: QED=0.69 | aLogP=1.29 | PSA=90.65 | Ro5=0 violacoes
17:01:26 [INFO] __main__ —   Bioatividade: IC50 = 0.001 uM -> Neuraminidase (Influenza A virus (A/Puerto Rico/8/1934(H1N1)))
17:01:27 [INFO] __main__ —   Bioatividade: IC50 = 0.005 uM -> Neuraminidase (Influenza B virus (strain B/Lee/1940))
17:01:28 [INFO] __main__ —   Bioatividade: Cmax = 1.65 ug ml-1 -> ADMET (None)
17:01:29 [INFO] __main__ —   Indicacoes: 11 total | 0 aprovadas | ex: Renal Insufficiency, Chronic
17:01:32 [INFO] pubmed_client —   efetch: 5/5 artigos parseados | 5 com abstract
17:01:32 [INFO] __main__ —   [42015369] abstract OK | 0 MeSH | 5 keywords | Journal Article
17:01:32 [INFO] __main__ —     NEU1 Sustains Mitochondria-Lysosome Contacts to Trigger Lysosomal Cu²⁺/C...
17:01:32 [INFO] __main__ —     Background: Mitochondria-lysosome contacts regulates metabolic reprogramming in cancer, yet its role...
17:01:32 [INFO] __main__ —   [41953239] abstract OK | 0 MeSH | 5 keywords | Case Reports
17:01:32 [INFO] __main__ —     H1N1-associated hemophagocytic lymphohistiocytosis in a child with Down ...
17:01:32 [INFO] __main__ —     Background: Hemophagocytic lymphohistiocytosis (HLH) is a rare, life-threatening hyperinflammatory s...
17:01:32 [INFO] __main__ —   [41946329] abstract OK | 0 MeSH | 5 keywords | Journal Article
17:01:32 [INFO] __main__ —     Humanized-liver TK-NOG mice lacking plasma carboxylesterase 1c improve t...
17:01:32 [INFO] __main__ —     Chimeric NOD/Shi-Scid IL2 receptor gamma-null mice expressing the HSVtk mutant 30 with humanized liv...
17:01:32 [INFO] __main__ —   [41939777] abstract OK | 0 MeSH | 8 keywords | Journal Article
17:01:32 [INFO] __main__ —     Safety and efficacy of major antiviral and immune therapies in pregnancy...
17:01:32 [INFO] __main__ —     Antiviral safety and efficacy in pregnancy. Summarizing the key findings visually in a single high-i...
17:01:32 [INFO] __main__ —   [41937672] abstract OK | 23 MeSH | 4 keywords | Journal Article
17:01:32 [INFO] __main__ —     Efficacy of the interferon inducer tilorone and its combination with ant...
17:01:32 [INFO] __main__ —     Introduction: Secondary bacterial pneumonias are complications responsible for most fatalities follo...
17:01:32 [INFO] __main__ — =======================================================
17:01:32 [INFO] __main__ — Processando: Tamoxifen (CHEMBL83)
17:01:32 [INFO] __main__ —   [NOVO]
17:01:33 [INFO] __main__ —   Composto: TAMOXIFEN | MW=371.52 | Formula=C26H29NO
17:01:33 [INFO] __main__ —   ADMET: QED=0.45 | aLogP=6.00 | PSA=12.47 | Ro5=1 violacoes
17:01:35 [INFO] __main__ —   Bioatividade: Affinity = 1.0 None -> Estrogen receptor (Rattus norvegicus)
17:01:36 [INFO] __main__ —   Bioatividade: IC50 = 6.75 uM -> Unchecked (None)
17:01:37 [INFO] __main__ —   Bioatividade: IC50 = 70.0 nM -> MCF7 (Homo sapiens)
17:01:38 [INFO] __main__ —   Bioatividade: IC50 = 2000.0 nM -> NCI/ADR-RES (Homo sapiens)
17:01:39 [INFO] __main__ —   Indicacoes: 41 total | 2 aprovadas | ex: Breast Neoplasms
17:01:41 [INFO] pubmed_client —   efetch: 5/5 artigos parseados | 5 com abstract
17:01:41 [INFO] __main__ —   [42016377] abstract OK | 0 MeSH | 4 keywords | Case Reports
17:01:41 [INFO] __main__ —     Polypoid endometriosis mimicking aggressive pelvic malignancy on MRI in ...
17:01:41 [INFO] __main__ —     Polypoid endometriosis is a rare benign variant of endometriosis characterized by exuberant mass-for...
17:01:41 [INFO] __main__ —   [42015440] abstract OK | 6 MeSH | 0 keywords | Journal Article
17:01:41 [INFO] __main__ —     Low-Dose Tamoxifen for Noninvasive Breast Disease: A Meta-Analysis....
17:01:41 [INFO] __main__ —     Tamoxifen is a classic endocrine therapy for breast cancer; however, conventional doses of tamoxifen...
17:01:41 [INFO] __main__ —   [42014738] abstract OK | 0 MeSH | 0 keywords | Journal Article
17:01:41 [INFO] __main__ —     Multimodal analysis of a rare BARD1 missense variant suggests its pathog...
17:01:41 [INFO] __main__ —     Hereditary breast cancer involves multiple risk genes, including BARD1, which confers low to moderat...
17:01:41 [INFO] __main__ —   [42013038] abstract OK | 0 MeSH | 0 keywords | Journal Article
17:01:41 [INFO] __main__ —     Aging and DNA damage are associated with the development of endothelial ...
17:01:41 [INFO] __main__ —     Background: Endothelial dysfunction is a hallmark of vascular aging and a key contributor to cardiov...
17:01:41 [INFO] __main__ —   [42010905] abstract OK | 10 MeSH | 4 keywords | Journal Article
17:01:41 [INFO] __main__ —     UNC45B Reduction With Aging: A Myofiber-Intrinsic Promoting Factor for S...
17:01:41 [INFO] __main__ —     Skeletal muscle mass and force decline with age, and the loss of muscle force precedes muscle atroph...
17:01:42 [INFO] __main__ — =======================================================
17:01:42 [INFO] __main__ — Processando: Imatinib (CHEMBL941)
17:01:42 [INFO] __main__ —   [NOVO]
17:01:43 [INFO] __main__ —   Composto: IMATINIB | MW=493.62 | Formula=C29H31N7O
17:01:43 [INFO] __main__ —   ADMET: QED=0.39 | aLogP=4.59 | PSA=86.28 | Ro5=0 violacoes
17:01:45 [INFO] __main__ —   Bioatividade: IC50 = 0.04 uM -> Tyrosine-protein kinase ABL (Homo sapiens)
17:01:46 [INFO] __main__ —   Bioatividade: IC50 = 0.11 uM -> K562 (Homo sapiens)
17:01:47 [INFO] __main__ —   Bioatividade: Ratio = 3.1 None -> Unchecked (None)
17:01:48 [INFO] __main__ —   Bioatividade: IC50 = 0.24 uM -> Platelet-derived growth factor receptor beta (Homo sapiens)
17:01:50 [INFO] __main__ —   Indicacoes: 52 total | 0 aprovadas | ex: Precursor Cell Lymphoblastic Leukemia-Lymphoma
17:01:52 [INFO] pubmed_client —   efetch: 5/5 artigos parseados | 5 com abstract
17:01:52 [INFO] __main__ —   [42017086] abstract OK | 0 MeSH | 9 keywords | Journal Article
17:01:52 [INFO] __main__ —     Cardiovascular Events and Management Strategies Including Tyrosine Kinas...
17:01:52 [INFO] __main__ —     The development of tyrosine kinase inhibitors (TKIs) has dramatically improved the treatment outcome...
17:01:52 [INFO] __main__ —   [42008356] abstract OK | 12 MeSH | 0 keywords | Case Reports
17:01:52 [INFO] __main__ —     Robotic Duodenal Sleeve Resection for Gastrointestinal Stromal Tumor wit...
17:01:52 [INFO] __main__ —     Gastrointestinal stromal tumors (GISTs) predominantly arise in gastric tissue, with only 5% occurrin...
17:01:52 [INFO] __main__ —   [42001524] abstract OK | 15 MeSH | 5 keywords | Journal Article
17:01:52 [INFO] __main__ —     Discovery of [1,2,4]triazolo[1,5-a]pyrimidine-Imatinib Hybrids With Sele...
17:01:52 [INFO] __main__ —     Chronic myeloid leukemia treatment faces the challenge of resistance to BCR-ABL1 tyrosine kinase inh...
17:01:52 [INFO] __main__ —   [41999487] abstract OK | 0 MeSH | 0 keywords | Letter
17:01:52 [INFO] __main__ —     Age and gender effects on molecular responses in chronic myeloid leukemi...
17:01:52 [INFO] __main__ —     Among prognostic factors influencing the achievement of molecular responses in chronic myeloid leuke...
17:01:52 [INFO] __main__ —   [41996824] abstract OK | 0 MeSH | 5 keywords | Journal Article
17:01:52 [INFO] __main__ —     Clinical use and adverse effects of tyrosine kinase inhibitors in patien...
17:01:52 [INFO] __main__ —     Objective: Chronic myeloid leukemia (CML) is frequently accompanied by comorbidities that may influe...
17:01:52 [INFO] __main__ — =======================================================
17:01:52 [INFO] __main__ — Concluido — novos: 24 | ja completos: 0 | parcialmente atualizados: 0 | erros: 0
